[ 2018-01-18T00:05:01+08:00 ] 183.192.201.97 /
INFO: [ app_init ] --START--
INFO: Run Behavior\BuildLiteBehavior [ RunTime:0.000088s ]
INFO: [ app_init ] --END-- [ RunTime:0.000140s ]
INFO: [ app_begin ] --START--
INFO: Run Behavior\ReadHtmlCacheBehavior [ RunTime:0.000068s ]
INFO: [ app_begin ] --END-- [ RunTime:0.000110s ]
INFO: [ view_parse ] --START--
INFO: [ template_filter ] --START--
INFO: Run Behavior\ContentReplaceBehavior [ RunTime:0.000235s ]
INFO: [ template_filter ] --END-- [ RunTime:0.000305s ]
NOTIC: [8] Undefined variable: index_count /data/wwwroot/default/wesave/App/Runtime/Cache/Home/c046e8f09f5013e6f3f2c1812d54574b.php 第 117 行.
NOTIC: [8] Undefined variable: new_count /data/wwwroot/default/wesave/App/Runtime/Cache/Home/c046e8f09f5013e6f3f2c1812d54574b.php 第 123 行.
NOTIC: [8] Undefined variable: username /data/wwwroot/default/wesave/App/Runtime/Cache/Home/c046e8f09f5013e6f3f2c1812d54574b.php 第 135 行.
NOTIC: [8] Use of undefined constant index - assumed 'index' /data/wwwroot/default/wesave/App/Runtime/Cache/Home/c046e8f09f5013e6f3f2c1812d54574b.php 第 213 行.
NOTIC: [8] Undefined variable: ctrl /data/wwwroot/default/wesave/App/Runtime/Cache/Home/c046e8f09f5013e6f3f2c1812d54574b.php 第 213 行.
NOTIC: [8] Use of undefined constant product - assumed 'product' /data/wwwroot/default/wesave/App/Runtime/Cache/Home/c046e8f09f5013e6f3f2c1812d54574b.php 第 219 行.
NOTIC: [8] Undefined variable: ctrl /data/wwwroot/default/wesave/App/Runtime/Cache/Home/c046e8f09f5013e6f3f2c1812d54574b.php 第 219 行.
NOTIC: [8] Use of undefined constant index - assumed 'index' /data/wwwroot/default/wesave/App/Runtime/Cache/Home/c046e8f09f5013e6f3f2c1812d54574b.php 第 226 行.
NOTIC: [8] Undefined variable: method /data/wwwroot/default/wesave/App/Runtime/Cache/Home/c046e8f09f5013e6f3f2c1812d54574b.php 第 226 行.
NOTIC: [8] Use of undefined constant on - assumed 'on' /data/wwwroot/default/wesave/App/Runtime/Cache/Home/c046e8f09f5013e6f3f2c1812d54574b.php 第 232 行.
NOTIC: [8] Undefined variable: method /data/wwwroot/default/wesave/App/Runtime/Cache/Home/c046e8f09f5013e6f3f2c1812d54574b.php 第 232 行.
NOTIC: [8] Use of undefined constant under - assumed 'under' /data/wwwroot/default/wesave/App/Runtime/Cache/Home/c046e8f09f5013e6f3f2c1812d54574b.php 第 238 行.
NOTIC: [8] Undefined variable: method /data/wwwroot/default/wesave/App/Runtime/Cache/Home/c046e8f09f5013e6f3f2c1812d54574b.php 第 238 行.
NOTIC: [8] Use of undefined constant add - assumed 'add' /data/wwwroot/default/wesave/App/Runtime/Cache/Home/c046e8f09f5013e6f3f2c1812d54574b.php 第 244 行.
NOTIC: [8] Undefined variable: method /data/wwwroot/default/wesave/App/Runtime/Cache/Home/c046e8f09f5013e6f3f2c1812d54574b.php 第 244 行.
NOTIC: [8] Use of undefined constant custom - assumed 'custom' /data/wwwroot/default/wesave/App/Runtime/Cache/Home/c046e8f09f5013e6f3f2c1812d54574b.php 第 253 行.
NOTIC: [8] Undefined variable: ctrl /data/wwwroot/default/wesave/App/Runtime/Cache/Home/c046e8f09f5013e6f3f2c1812d54574b.php 第 253 行.
NOTIC: [8] Use of undefined constant order - assumed 'order' /data/wwwroot/default/wesave/App/Runtime/Cache/Home/c046e8f09f5013e6f3f2c1812d54574b.php 第 260 行.
NOTIC: [8] Undefined variable: method /data/wwwroot/default/wesave/App/Runtime/Cache/Home/c046e8f09f5013e6f3f2c1812d54574b.php 第 260 行.
NOTIC: [8] Use of undefined constant order - assumed 'order' /data/wwwroot/default/wesave/App/Runtime/Cache/Home/c046e8f09f5013e6f3f2c1812d54574b.php 第 266 行.
NOTIC: [8] Undefined variable: method /data/wwwroot/default/wesave/App/Runtime/Cache/Home/c046e8f09f5013e6f3f2c1812d54574b.php 第 266 行.
NOTIC: [8] Use of undefined constant news - assumed 'news' /data/wwwroot/default/wesave/App/Runtime/Cache/Home/c046e8f09f5013e6f3f2c1812d54574b.php 第 274 行.
NOTIC: [8] Undefined variable: ctrl /data/wwwroot/default/wesave/App/Runtime/Cache/Home/c046e8f09f5013e6f3f2c1812d54574b.php 第 274 行.
NOTIC: [8] Use of undefined constant user - assumed 'user' /data/wwwroot/default/wesave/App/Runtime/Cache/Home/c046e8f09f5013e6f3f2c1812d54574b.php 第 281 行.
NOTIC: [8] Undefined variable: method /data/wwwroot/default/wesave/App/Runtime/Cache/Home/c046e8f09f5013e6f3f2c1812d54574b.php 第 281 行.
NOTIC: [8] Use of undefined constant custom - assumed 'custom' /data/wwwroot/default/wesave/App/Runtime/Cache/Home/c046e8f09f5013e6f3f2c1812d54574b.php 第 289 行.
NOTIC: [8] Undefined variable: ctrl /data/wwwroot/default/wesave/App/Runtime/Cache/Home/c046e8f09f5013e6f3f2c1812d54574b.php 第 289 行.
NOTIC: [8] Use of undefined constant user - assumed 'user' /data/wwwroot/default/wesave/App/Runtime/Cache/Home/c046e8f09f5013e6f3f2c1812d54574b.php 第 296 行.
NOTIC: [8] Undefined variable: method /data/wwwroot/default/wesave/App/Runtime/Cache/Home/c046e8f09f5013e6f3f2c1812d54574b.php 第 296 行.
NOTIC: [8] Use of undefined constant order - assumed 'order' /data/wwwroot/default/wesave/App/Runtime/Cache/Home/c046e8f09f5013e6f3f2c1812d54574b.php 第 302 行.
NOTIC: [8] Undefined variable: method /data/wwwroot/default/wesave/App/Runtime/Cache/Home/c046e8f09f5013e6f3f2c1812d54574b.php 第 302 行.
NOTIC: [8] Use of undefined constant developer - assumed 'developer' /data/wwwroot/default/wesave/App/Runtime/Cache/Home/c046e8f09f5013e6f3f2c1812d54574b.php 第 310 行.
NOTIC: [8] Undefined variable: ctrl /data/wwwroot/default/wesave/App/Runtime/Cache/Home/c046e8f09f5013e6f3f2c1812d54574b.php 第 310 行.
NOTIC: [8] Use of undefined constant developer_ - assumed 'developer_' /data/wwwroot/default/wesave/App/Runtime/Cache/Home/c046e8f09f5013e6f3f2c1812d54574b.php 第 318 行.
NOTIC: [8] Undefined variable: method /data/wwwroot/default/wesave/App/Runtime/Cache/Home/c046e8f09f5013e6f3f2c1812d54574b.php 第 318 行.
NOTIC: [8] Use of undefined constant developer_api - assumed 'developer_api' /data/wwwroot/default/wesave/App/Runtime/Cache/Home/c046e8f09f5013e6f3f2c1812d54574b.php 第 324 行.
NOTIC: [8] Undefined variable: method /data/wwwroot/default/wesave/App/Runtime/Cache/Home/c046e8f09f5013e6f3f2c1812d54574b.php 第 324 行.
NOTIC: [8] Use of undefined constant developer_data - assumed 'developer_data' /data/wwwroot/default/wesave/App/Runtime/Cache/Home/c046e8f09f5013e6f3f2c1812d54574b.php 第 330 行.
NOTIC: [8] Undefined variable: method /data/wwwroot/default/wesave/App/Runtime/Cache/Home/c046e8f09f5013e6f3f2c1812d54574b.php 第 330 行.
NOTIC: [8] Use of undefined constant web - assumed 'web' /data/wwwroot/default/wesave/App/Runtime/Cache/Home/c046e8f09f5013e6f3f2c1812d54574b.php 第 338 行.
NOTIC: [8] Undefined variable: ctrl /data/wwwroot/default/wesave/App/Runtime/Cache/Home/c046e8f09f5013e6f3f2c1812d54574b.php 第 338 行.
INFO: Run Behavior\ParseTemplateBehavior [ RunTime:0.029563s ]
INFO: [ view_parse ] --END-- [ RunTime:0.029605s ]
INFO: [ view_filter ] --START--
INFO: Run Behavior\WriteHtmlCacheBehavior [ RunTime:0.000087s ]
INFO: [ view_filter ] --END-- [ RunTime:0.000120s ]
INFO: [ app_end ] --START--
INFO: Run Behavior\ShowPageTraceBehavior [ RunTime:0.000089s ]
INFO: [ app_end ] --END-- [ RunTime:0.000136s ]

[ 2018-01-18T00:05:01+08:00 ] 58.247.212.61 /
INFO: [ app_init ] --START--
INFO: Run Behavior\BuildLiteBehavior [ RunTime:0.000077s ]
INFO: [ app_init ] --END-- [ RunTime:0.000129s ]
INFO: [ app_begin ] --START--
INFO: Run Behavior\ReadHtmlCacheBehavior [ RunTime:0.000050s ]
INFO: [ app_begin ] --END-- [ RunTime:0.000076s ]
INFO: [ view_parse ] --START--
INFO: [ template_filter ] --START--
INFO: Run Behavior\ContentReplaceBehavior [ RunTime:0.000213s ]
INFO: [ template_filter ] --END-- [ RunTime:0.000252s ]
NOTIC: [8] Undefined variable: index_count /data/wwwroot/default/wesave/App/Runtime/Cache/Home/c046e8f09f5013e6f3f2c1812d54574b.php 第 117 行.
NOTIC: [8] Undefined variable: new_count /data/wwwroot/default/wesave/App/Runtime/Cache/Home/c046e8f09f5013e6f3f2c1812d54574b.php 第 123 行.
NOTIC: [8] Undefined variable: username /data/wwwroot/default/wesave/App/Runtime/Cache/Home/c046e8f09f5013e6f3f2c1812d54574b.php 第 135 行.
NOTIC: [8] Use of undefined constant index - assumed 'index' /data/wwwroot/default/wesave/App/Runtime/Cache/Home/c046e8f09f5013e6f3f2c1812d54574b.php 第 213 行.
NOTIC: [8] Undefined variable: ctrl /data/wwwroot/default/wesave/App/Runtime/Cache/Home/c046e8f09f5013e6f3f2c1812d54574b.php 第 213 行.
NOTIC: [8] Use of undefined constant product - assumed 'product' /data/wwwroot/default/wesave/App/Runtime/Cache/Home/c046e8f09f5013e6f3f2c1812d54574b.php 第 219 行.
NOTIC: [8] Undefined variable: ctrl /data/wwwroot/default/wesave/App/Runtime/Cache/Home/c046e8f09f5013e6f3f2c1812d54574b.php 第 219 行.
NOTIC: [8] Use of undefined constant index - assumed 'index' /data/wwwroot/default/wesave/App/Runtime/Cache/Home/c046e8f09f5013e6f3f2c1812d54574b.php 第 226 行.
NOTIC: [8] Undefined variable: method /data/wwwroot/default/wesave/App/Runtime/Cache/Home/c046e8f09f5013e6f3f2c1812d54574b.php 第 226 行.
NOTIC: [8] Use of undefined constant on - assumed 'on' /data/wwwroot/default/wesave/App/Runtime/Cache/Home/c046e8f09f5013e6f3f2c1812d54574b.php 第 232 行.
NOTIC: [8] Undefined variable: method /data/wwwroot/default/wesave/App/Runtime/Cache/Home/c046e8f09f5013e6f3f2c1812d54574b.php 第 232 行.
NOTIC: [8] Use of undefined constant under - assumed 'under' /data/wwwroot/default/wesave/App/Runtime/Cache/Home/c046e8f09f5013e6f3f2c1812d54574b.php 第 238 行.
NOTIC: [8] Undefined variable: method /data/wwwroot/default/wesave/App/Runtime/Cache/Home/c046e8f09f5013e6f3f2c1812d54574b.php 第 238 行.
NOTIC: [8] Use of undefined constant add - assumed 'add' /data/wwwroot/default/wesave/App/Runtime/Cache/Home/c046e8f09f5013e6f3f2c1812d54574b.php 第 244 行.
NOTIC: [8] Undefined variable: method /data/wwwroot/default/wesave/App/Runtime/Cache/Home/c046e8f09f5013e6f3f2c1812d54574b.php 第 244 行.
NOTIC: [8] Use of undefined constant custom - assumed 'custom' /data/wwwroot/default/wesave/App/Runtime/Cache/Home/c046e8f09f5013e6f3f2c1812d54574b.php 第 253 行.
NOTIC: [8] Undefined variable: ctrl /data/wwwroot/default/wesave/App/Runtime/Cache/Home/c046e8f09f5013e6f3f2c1812d54574b.php 第 253 行.
NOTIC: [8] Use of undefined constant order - assumed 'order' /data/wwwroot/default/wesave/App/Runtime/Cache/Home/c046e8f09f5013e6f3f2c1812d54574b.php 第 260 行.
NOTIC: [8] Undefined variable: method /data/wwwroot/default/wesave/App/Runtime/Cache/Home/c046e8f09f5013e6f3f2c1812d54574b.php 第 260 行.
NOTIC: [8] Use of undefined constant order - assumed 'order' /data/wwwroot/default/wesave/App/Runtime/Cache/Home/c046e8f09f5013e6f3f2c1812d54574b.php 第 266 行.
NOTIC: [8] Undefined variable: method /data/wwwroot/default/wesave/App/Runtime/Cache/Home/c046e8f09f5013e6f3f2c1812d54574b.php 第 266 行.
NOTIC: [8] Use of undefined constant news - assumed 'news' /data/wwwroot/default/wesave/App/Runtime/Cache/Home/c046e8f09f5013e6f3f2c1812d54574b.php 第 274 行.
NOTIC: [8] Undefined variable: ctrl /data/wwwroot/default/wesave/App/Runtime/Cache/Home/c046e8f09f5013e6f3f2c1812d54574b.php 第 274 行.
NOTIC: [8] Use of undefined constant user - assumed 'user' /data/wwwroot/default/wesave/App/Runtime/Cache/Home/c046e8f09f5013e6f3f2c1812d54574b.php 第 281 行.
NOTIC: [8] Undefined variable: method /data/wwwroot/default/wesave/App/Runtime/Cache/Home/c046e8f09f5013e6f3f2c1812d54574b.php 第 281 行.
NOTIC: [8] Use of undefined constant custom - assumed 'custom' /data/wwwroot/default/wesave/App/Runtime/Cache/Home/c046e8f09f5013e6f3f2c1812d54574b.php 第 289 行.
NOTIC: [8] Undefined variable: ctrl /data/wwwroot/default/wesave/App/Runtime/Cache/Home/c046e8f09f5013e6f3f2c1812d54574b.php 第 289 行.
NOTIC: [8] Use of undefined constant user - assumed 'user' /data/wwwroot/default/wesave/App/Runtime/Cache/Home/c046e8f09f5013e6f3f2c1812d54574b.php 第 296 行.
NOTIC: [8] Undefined variable: method /data/wwwroot/default/wesave/App/Runtime/Cache/Home/c046e8f09f5013e6f3f2c1812d54574b.php 第 296 行.
NOTIC: [8] Use of undefined constant order - assumed 'order' /data/wwwroot/default/wesave/App/Runtime/Cache/Home/c046e8f09f5013e6f3f2c1812d54574b.php 第 302 行.
NOTIC: [8] Undefined variable: method /data/wwwroot/default/wesave/App/Runtime/Cache/Home/c046e8f09f5013e6f3f2c1812d54574b.php 第 302 行.
NOTIC: [8] Use of undefined constant developer - assumed 'developer' /data/wwwroot/default/wesave/App/Runtime/Cache/Home/c046e8f09f5013e6f3f2c1812d54574b.php 第 310 行.
NOTIC: [8] Undefined variable: ctrl /data/wwwroot/default/wesave/App/Runtime/Cache/Home/c046e8f09f5013e6f3f2c1812d54574b.php 第 310 行.
NOTIC: [8] Use of undefined constant developer_ - assumed 'developer_' /data/wwwroot/default/wesave/App/Runtime/Cache/Home/c046e8f09f5013e6f3f2c1812d54574b.php 第 318 行.
NOTIC: [8] Undefined variable: method /data/wwwroot/default/wesave/App/Runtime/Cache/Home/c046e8f09f5013e6f3f2c1812d54574b.php 第 318 行.
NOTIC: [8] Use of undefined constant developer_api - assumed 'developer_api' /data/wwwroot/default/wesave/App/Runtime/Cache/Home/c046e8f09f5013e6f3f2c1812d54574b.php 第 324 行.
NOTIC: [8] Undefined variable: method /data/wwwroot/default/wesave/App/Runtime/Cache/Home/c046e8f09f5013e6f3f2c1812d54574b.php 第 324 行.
NOTIC: [8] Use of undefined constant developer_data - assumed 'developer_data' /data/wwwroot/default/wesave/App/Runtime/Cache/Home/c046e8f09f5013e6f3f2c1812d54574b.php 第 330 行.
NOTIC: [8] Undefined variable: method /data/wwwroot/default/wesave/App/Runtime/Cache/Home/c046e8f09f5013e6f3f2c1812d54574b.php 第 330 行.
NOTIC: [8] Use of undefined constant web - assumed 'web' /data/wwwroot/default/wesave/App/Runtime/Cache/Home/c046e8f09f5013e6f3f2c1812d54574b.php 第 338 行.
NOTIC: [8] Undefined variable: ctrl /data/wwwroot/default/wesave/App/Runtime/Cache/Home/c046e8f09f5013e6f3f2c1812d54574b.php 第 338 行.
INFO: Run Behavior\ParseTemplateBehavior [ RunTime:0.016886s ]
INFO: [ view_parse ] --END-- [ RunTime:0.016913s ]
INFO: [ view_filter ] --START--
INFO: Run Behavior\WriteHtmlCacheBehavior [ RunTime:0.000054s ]
INFO: [ view_filter ] --END-- [ RunTime:0.000074s ]
INFO: [ app_end ] --START--
INFO: Run Behavior\ShowPageTraceBehavior [ RunTime:0.000061s ]
INFO: [ app_end ] --END-- [ RunTime:0.000094s ]

[ 2018-01-18T00:23:20+08:00 ] 58.100.77.155 /
INFO: [ app_init ] --START--
INFO: Run Behavior\BuildLiteBehavior [ RunTime:0.000079s ]
INFO: [ app_init ] --END-- [ RunTime:0.000143s ]
INFO: [ app_begin ] --START--
INFO: Run Behavior\ReadHtmlCacheBehavior [ RunTime:0.000048s ]
INFO: [ app_begin ] --END-- [ RunTime:0.000075s ]
INFO: [ view_parse ] --START--
INFO: [ template_filter ] --START--
INFO: Run Behavior\ContentReplaceBehavior [ RunTime:0.000170s ]
INFO: [ template_filter ] --END-- [ RunTime:0.000204s ]
NOTIC: [8] Undefined variable: index_count /data/wwwroot/default/wesave/App/Runtime/Cache/Home/c046e8f09f5013e6f3f2c1812d54574b.php 第 117 行.
NOTIC: [8] Undefined variable: new_count /data/wwwroot/default/wesave/App/Runtime/Cache/Home/c046e8f09f5013e6f3f2c1812d54574b.php 第 123 行.
NOTIC: [8] Undefined variable: username /data/wwwroot/default/wesave/App/Runtime/Cache/Home/c046e8f09f5013e6f3f2c1812d54574b.php 第 135 行.
NOTIC: [8] Use of undefined constant index - assumed 'index' /data/wwwroot/default/wesave/App/Runtime/Cache/Home/c046e8f09f5013e6f3f2c1812d54574b.php 第 213 行.
NOTIC: [8] Undefined variable: ctrl /data/wwwroot/default/wesave/App/Runtime/Cache/Home/c046e8f09f5013e6f3f2c1812d54574b.php 第 213 行.
NOTIC: [8] Use of undefined constant product - assumed 'product' /data/wwwroot/default/wesave/App/Runtime/Cache/Home/c046e8f09f5013e6f3f2c1812d54574b.php 第 219 行.
NOTIC: [8] Undefined variable: ctrl /data/wwwroot/default/wesave/App/Runtime/Cache/Home/c046e8f09f5013e6f3f2c1812d54574b.php 第 219 行.
NOTIC: [8] Use of undefined constant index - assumed 'index' /data/wwwroot/default/wesave/App/Runtime/Cache/Home/c046e8f09f5013e6f3f2c1812d54574b.php 第 226 行.
NOTIC: [8] Undefined variable: method /data/wwwroot/default/wesave/App/Runtime/Cache/Home/c046e8f09f5013e6f3f2c1812d54574b.php 第 226 行.
NOTIC: [8] Use of undefined constant on - assumed 'on' /data/wwwroot/default/wesave/App/Runtime/Cache/Home/c046e8f09f5013e6f3f2c1812d54574b.php 第 232 行.
NOTIC: [8] Undefined variable: method /data/wwwroot/default/wesave/App/Runtime/Cache/Home/c046e8f09f5013e6f3f2c1812d54574b.php 第 232 行.
NOTIC: [8] Use of undefined constant under - assumed 'under' /data/wwwroot/default/wesave/App/Runtime/Cache/Home/c046e8f09f5013e6f3f2c1812d54574b.php 第 238 行.
NOTIC: [8] Undefined variable: method /data/wwwroot/default/wesave/App/Runtime/Cache/Home/c046e8f09f5013e6f3f2c1812d54574b.php 第 238 行.
NOTIC: [8] Use of undefined constant add - assumed 'add' /data/wwwroot/default/wesave/App/Runtime/Cache/Home/c046e8f09f5013e6f3f2c1812d54574b.php 第 244 行.
NOTIC: [8] Undefined variable: method /data/wwwroot/default/wesave/App/Runtime/Cache/Home/c046e8f09f5013e6f3f2c1812d54574b.php 第 244 行.
NOTIC: [8] Use of undefined constant custom - assumed 'custom' /data/wwwroot/default/wesave/App/Runtime/Cache/Home/c046e8f09f5013e6f3f2c1812d54574b.php 第 253 行.
NOTIC: [8] Undefined variable: ctrl /data/wwwroot/default/wesave/App/Runtime/Cache/Home/c046e8f09f5013e6f3f2c1812d54574b.php 第 253 行.
NOTIC: [8] Use of undefined constant order - assumed 'order' /data/wwwroot/default/wesave/App/Runtime/Cache/Home/c046e8f09f5013e6f3f2c1812d54574b.php 第 260 行.
NOTIC: [8] Undefined variable: method /data/wwwroot/default/wesave/App/Runtime/Cache/Home/c046e8f09f5013e6f3f2c1812d54574b.php 第 260 行.
NOTIC: [8] Use of undefined constant order - assumed 'order' /data/wwwroot/default/wesave/App/Runtime/Cache/Home/c046e8f09f5013e6f3f2c1812d54574b.php 第 266 行.
NOTIC: [8] Undefined variable: method /data/wwwroot/default/wesave/App/Runtime/Cache/Home/c046e8f09f5013e6f3f2c1812d54574b.php 第 266 行.
NOTIC: [8] Use of undefined constant news - assumed 'news' /data/wwwroot/default/wesave/App/Runtime/Cache/Home/c046e8f09f5013e6f3f2c1812d54574b.php 第 274 行.
NOTIC: [8] Undefined variable: ctrl /data/wwwroot/default/wesave/App/Runtime/Cache/Home/c046e8f09f5013e6f3f2c1812d54574b.php 第 274 行.
NOTIC: [8] Use of undefined constant user - assumed 'user' /data/wwwroot/default/wesave/App/Runtime/Cache/Home/c046e8f09f5013e6f3f2c1812d54574b.php 第 281 行.
NOTIC: [8] Undefined variable: method /data/wwwroot/default/wesave/App/Runtime/Cache/Home/c046e8f09f5013e6f3f2c1812d54574b.php 第 281 行.
NOTIC: [8] Use of undefined constant custom - assumed 'custom' /data/wwwroot/default/wesave/App/Runtime/Cache/Home/c046e8f09f5013e6f3f2c1812d54574b.php 第 289 行.
NOTIC: [8] Undefined variable: ctrl /data/wwwroot/default/wesave/App/Runtime/Cache/Home/c046e8f09f5013e6f3f2c1812d54574b.php 第 289 行.
NOTIC: [8] Use of undefined constant user - assumed 'user' /data/wwwroot/default/wesave/App/Runtime/Cache/Home/c046e8f09f5013e6f3f2c1812d54574b.php 第 296 行.
NOTIC: [8] Undefined variable: method /data/wwwroot/default/wesave/App/Runtime/Cache/Home/c046e8f09f5013e6f3f2c1812d54574b.php 第 296 行.
NOTIC: [8] Use of undefined constant order - assumed 'order' /data/wwwroot/default/wesave/App/Runtime/Cache/Home/c046e8f09f5013e6f3f2c1812d54574b.php 第 302 行.
NOTIC: [8] Undefined variable: method /data/wwwroot/default/wesave/App/Runtime/Cache/Home/c046e8f09f5013e6f3f2c1812d54574b.php 第 302 行.
NOTIC: [8] Use of undefined constant developer - assumed 'developer' /data/wwwroot/default/wesave/App/Runtime/Cache/Home/c046e8f09f5013e6f3f2c1812d54574b.php 第 310 行.
NOTIC: [8] Undefined variable: ctrl /data/wwwroot/default/wesave/App/Runtime/Cache/Home/c046e8f09f5013e6f3f2c1812d54574b.php 第 310 行.
NOTIC: [8] Use of undefined constant developer_ - assumed 'developer_' /data/wwwroot/default/wesave/App/Runtime/Cache/Home/c046e8f09f5013e6f3f2c1812d54574b.php 第 318 行.
NOTIC: [8] Undefined variable: method /data/wwwroot/default/wesave/App/Runtime/Cache/Home/c046e8f09f5013e6f3f2c1812d54574b.php 第 318 行.
NOTIC: [8] Use of undefined constant developer_api - assumed 'developer_api' /data/wwwroot/default/wesave/App/Runtime/Cache/Home/c046e8f09f5013e6f3f2c1812d54574b.php 第 324 行.
NOTIC: [8] Undefined variable: method /data/wwwroot/default/wesave/App/Runtime/Cache/Home/c046e8f09f5013e6f3f2c1812d54574b.php 第 324 行.
NOTIC: [8] Use of undefined constant developer_data - assumed 'developer_data' /data/wwwroot/default/wesave/App/Runtime/Cache/Home/c046e8f09f5013e6f3f2c1812d54574b.php 第 330 行.
NOTIC: [8] Undefined variable: method /data/wwwroot/default/wesave/App/Runtime/Cache/Home/c046e8f09f5013e6f3f2c1812d54574b.php 第 330 行.
NOTIC: [8] Use of undefined constant web - assumed 'web' /data/wwwroot/default/wesave/App/Runtime/Cache/Home/c046e8f09f5013e6f3f2c1812d54574b.php 第 338 行.
NOTIC: [8] Undefined variable: ctrl /data/wwwroot/default/wesave/App/Runtime/Cache/Home/c046e8f09f5013e6f3f2c1812d54574b.php 第 338 行.
INFO: Run Behavior\ParseTemplateBehavior [ RunTime:0.017099s ]
INFO: [ view_parse ] --END-- [ RunTime:0.017126s ]
INFO: [ view_filter ] --START--
INFO: Run Behavior\WriteHtmlCacheBehavior [ RunTime:0.000063s ]
INFO: [ view_filter ] --END-- [ RunTime:0.000100s ]
INFO: [ app_end ] --START--
INFO: Run Behavior\ShowPageTraceBehavior [ RunTime:0.000063s ]
INFO: [ app_end ] --END-- [ RunTime:0.000095s ]

[ 2018-01-18T00:23:26+08:00 ] 58.100.77.155 /
INFO: [ app_init ] --START--
INFO: Run Behavior\BuildLiteBehavior [ RunTime:0.000075s ]
INFO: [ app_init ] --END-- [ RunTime:0.000124s ]
INFO: [ app_begin ] --START--
INFO: Run Behavior\ReadHtmlCacheBehavior [ RunTime:0.000054s ]
INFO: [ app_begin ] --END-- [ RunTime:0.000083s ]
INFO: [ view_parse ] --START--
INFO: [ template_filter ] --START--
INFO: Run Behavior\ContentReplaceBehavior [ RunTime:0.000169s ]
INFO: [ template_filter ] --END-- [ RunTime:0.000200s ]
NOTIC: [8] Undefined variable: index_count /data/wwwroot/default/wesave/App/Runtime/Cache/Home/c046e8f09f5013e6f3f2c1812d54574b.php 第 117 行.
NOTIC: [8] Undefined variable: new_count /data/wwwroot/default/wesave/App/Runtime/Cache/Home/c046e8f09f5013e6f3f2c1812d54574b.php 第 123 行.
NOTIC: [8] Undefined variable: username /data/wwwroot/default/wesave/App/Runtime/Cache/Home/c046e8f09f5013e6f3f2c1812d54574b.php 第 135 行.
NOTIC: [8] Use of undefined constant index - assumed 'index' /data/wwwroot/default/wesave/App/Runtime/Cache/Home/c046e8f09f5013e6f3f2c1812d54574b.php 第 213 行.
NOTIC: [8] Undefined variable: ctrl /data/wwwroot/default/wesave/App/Runtime/Cache/Home/c046e8f09f5013e6f3f2c1812d54574b.php 第 213 行.
NOTIC: [8] Use of undefined constant product - assumed 'product' /data/wwwroot/default/wesave/App/Runtime/Cache/Home/c046e8f09f5013e6f3f2c1812d54574b.php 第 219 行.
NOTIC: [8] Undefined variable: ctrl /data/wwwroot/default/wesave/App/Runtime/Cache/Home/c046e8f09f5013e6f3f2c1812d54574b.php 第 219 行.
NOTIC: [8] Use of undefined constant index - assumed 'index' /data/wwwroot/default/wesave/App/Runtime/Cache/Home/c046e8f09f5013e6f3f2c1812d54574b.php 第 226 行.
NOTIC: [8] Undefined variable: method /data/wwwroot/default/wesave/App/Runtime/Cache/Home/c046e8f09f5013e6f3f2c1812d54574b.php 第 226 行.
NOTIC: [8] Use of undefined constant on - assumed 'on' /data/wwwroot/default/wesave/App/Runtime/Cache/Home/c046e8f09f5013e6f3f2c1812d54574b.php 第 232 行.
NOTIC: [8] Undefined variable: method /data/wwwroot/default/wesave/App/Runtime/Cache/Home/c046e8f09f5013e6f3f2c1812d54574b.php 第 232 行.
NOTIC: [8] Use of undefined constant under - assumed 'under' /data/wwwroot/default/wesave/App/Runtime/Cache/Home/c046e8f09f5013e6f3f2c1812d54574b.php 第 238 行.
NOTIC: [8] Undefined variable: method /data/wwwroot/default/wesave/App/Runtime/Cache/Home/c046e8f09f5013e6f3f2c1812d54574b.php 第 238 行.
NOTIC: [8] Use of undefined constant add - assumed 'add' /data/wwwroot/default/wesave/App/Runtime/Cache/Home/c046e8f09f5013e6f3f2c1812d54574b.php 第 244 行.
NOTIC: [8] Undefined variable: method /data/wwwroot/default/wesave/App/Runtime/Cache/Home/c046e8f09f5013e6f3f2c1812d54574b.php 第 244 行.
NOTIC: [8] Use of undefined constant custom - assumed 'custom' /data/wwwroot/default/wesave/App/Runtime/Cache/Home/c046e8f09f5013e6f3f2c1812d54574b.php 第 253 行.
NOTIC: [8] Undefined variable: ctrl /data/wwwroot/default/wesave/App/Runtime/Cache/Home/c046e8f09f5013e6f3f2c1812d54574b.php 第 253 行.
NOTIC: [8] Use of undefined constant order - assumed 'order' /data/wwwroot/default/wesave/App/Runtime/Cache/Home/c046e8f09f5013e6f3f2c1812d54574b.php 第 260 行.
NOTIC: [8] Undefined variable: method /data/wwwroot/default/wesave/App/Runtime/Cache/Home/c046e8f09f5013e6f3f2c1812d54574b.php 第 260 行.
NOTIC: [8] Use of undefined constant order - assumed 'order' /data/wwwroot/default/wesave/App/Runtime/Cache/Home/c046e8f09f5013e6f3f2c1812d54574b.php 第 266 行.
NOTIC: [8] Undefined variable: method /data/wwwroot/default/wesave/App/Runtime/Cache/Home/c046e8f09f5013e6f3f2c1812d54574b.php 第 266 行.
NOTIC: [8] Use of undefined constant news - assumed 'news' /data/wwwroot/default/wesave/App/Runtime/Cache/Home/c046e8f09f5013e6f3f2c1812d54574b.php 第 274 行.
NOTIC: [8] Undefined variable: ctrl /data/wwwroot/default/wesave/App/Runtime/Cache/Home/c046e8f09f5013e6f3f2c1812d54574b.php 第 274 行.
NOTIC: [8] Use of undefined constant user - assumed 'user' /data/wwwroot/default/wesave/App/Runtime/Cache/Home/c046e8f09f5013e6f3f2c1812d54574b.php 第 281 行.
NOTIC: [8] Undefined variable: method /data/wwwroot/default/wesave/App/Runtime/Cache/Home/c046e8f09f5013e6f3f2c1812d54574b.php 第 281 行.
NOTIC: [8] Use of undefined constant custom - assumed 'custom' /data/wwwroot/default/wesave/App/Runtime/Cache/Home/c046e8f09f5013e6f3f2c1812d54574b.php 第 289 行.
NOTIC: [8] Undefined variable: ctrl /data/wwwroot/default/wesave/App/Runtime/Cache/Home/c046e8f09f5013e6f3f2c1812d54574b.php 第 289 行.
NOTIC: [8] Use of undefined constant user - assumed 'user' /data/wwwroot/default/wesave/App/Runtime/Cache/Home/c046e8f09f5013e6f3f2c1812d54574b.php 第 296 行.
NOTIC: [8] Undefined variable: method /data/wwwroot/default/wesave/App/Runtime/Cache/Home/c046e8f09f5013e6f3f2c1812d54574b.php 第 296 行.
NOTIC: [8] Use of undefined constant order - assumed 'order' /data/wwwroot/default/wesave/App/Runtime/Cache/Home/c046e8f09f5013e6f3f2c1812d54574b.php 第 302 行.
NOTIC: [8] Undefined variable: method /data/wwwroot/default/wesave/App/Runtime/Cache/Home/c046e8f09f5013e6f3f2c1812d54574b.php 第 302 行.
NOTIC: [8] Use of undefined constant developer - assumed 'developer' /data/wwwroot/default/wesave/App/Runtime/Cache/Home/c046e8f09f5013e6f3f2c1812d54574b.php 第 310 行.
NOTIC: [8] Undefined variable: ctrl /data/wwwroot/default/wesave/App/Runtime/Cache/Home/c046e8f09f5013e6f3f2c1812d54574b.php 第 310 行.
NOTIC: [8] Use of undefined constant developer_ - assumed 'developer_' /data/wwwroot/default/wesave/App/Runtime/Cache/Home/c046e8f09f5013e6f3f2c1812d54574b.php 第 318 行.
NOTIC: [8] Undefined variable: method /data/wwwroot/default/wesave/App/Runtime/Cache/Home/c046e8f09f5013e6f3f2c1812d54574b.php 第 318 行.
NOTIC: [8] Use of undefined constant developer_api - assumed 'developer_api' /data/wwwroot/default/wesave/App/Runtime/Cache/Home/c046e8f09f5013e6f3f2c1812d54574b.php 第 324 行.
NOTIC: [8] Undefined variable: method /data/wwwroot/default/wesave/App/Runtime/Cache/Home/c046e8f09f5013e6f3f2c1812d54574b.php 第 324 行.
NOTIC: [8] Use of undefined constant developer_data - assumed 'developer_data' /data/wwwroot/default/wesave/App/Runtime/Cache/Home/c046e8f09f5013e6f3f2c1812d54574b.php 第 330 行.
NOTIC: [8] Undefined variable: method /data/wwwroot/default/wesave/App/Runtime/Cache/Home/c046e8f09f5013e6f3f2c1812d54574b.php 第 330 行.
NOTIC: [8] Use of undefined constant web - assumed 'web' /data/wwwroot/default/wesave/App/Runtime/Cache/Home/c046e8f09f5013e6f3f2c1812d54574b.php 第 338 行.
NOTIC: [8] Undefined variable: ctrl /data/wwwroot/default/wesave/App/Runtime/Cache/Home/c046e8f09f5013e6f3f2c1812d54574b.php 第 338 行.
INFO: Run Behavior\ParseTemplateBehavior [ RunTime:0.017472s ]
INFO: [ view_parse ] --END-- [ RunTime:0.017509s ]
INFO: [ view_filter ] --START--
INFO: Run Behavior\WriteHtmlCacheBehavior [ RunTime:0.000077s ]
INFO: [ view_filter ] --END-- [ RunTime:0.000100s ]
INFO: [ app_end ] --START--
INFO: Run Behavior\ShowPageTraceBehavior [ RunTime:0.000062s ]
INFO: [ app_end ] --END-- [ RunTime:0.000105s ]

