[ 2018-01-06T16:34:47+08:00 ] 106.11.225.53 /
INFO: [ app_init ] --START--
INFO: Run Behavior\BuildLiteBehavior [ RunTime:0.000011s ]
INFO: [ app_init ] --END-- [ RunTime:0.000345s ]
INFO: [ app_begin ] --START--
INFO: Run Behavior\ReadHtmlCacheBehavior [ RunTime:0.000477s ]
INFO: [ app_begin ] --END-- [ RunTime:0.000518s ]
INFO: [ view_parse ] --START--
INFO: [ template_filter ] --START--
INFO: Run Behavior\ContentReplaceBehavior [ RunTime:0.000157s ]
INFO: [ template_filter ] --END-- [ RunTime:0.000191s ]
NOTIC: [8] Undefined variable: index_count /data/wwwroot/default/wesave/App/Runtime/Cache/Home/c046e8f09f5013e6f3f2c1812d54574b.php 第 117 行.
NOTIC: [8] Undefined variable: new_count /data/wwwroot/default/wesave/App/Runtime/Cache/Home/c046e8f09f5013e6f3f2c1812d54574b.php 第 123 行.
NOTIC: [8] Undefined variable: username /data/wwwroot/default/wesave/App/Runtime/Cache/Home/c046e8f09f5013e6f3f2c1812d54574b.php 第 135 行.
NOTIC: [8] Use of undefined constant index - assumed 'index' /data/wwwroot/default/wesave/App/Runtime/Cache/Home/c046e8f09f5013e6f3f2c1812d54574b.php 第 213 行.
NOTIC: [8] Undefined variable: ctrl /data/wwwroot/default/wesave/App/Runtime/Cache/Home/c046e8f09f5013e6f3f2c1812d54574b.php 第 213 行.
NOTIC: [8] Use of undefined constant product - assumed 'product' /data/wwwroot/default/wesave/App/Runtime/Cache/Home/c046e8f09f5013e6f3f2c1812d54574b.php 第 219 行.
NOTIC: [8] Undefined variable: ctrl /data/wwwroot/default/wesave/App/Runtime/Cache/Home/c046e8f09f5013e6f3f2c1812d54574b.php 第 219 行.
NOTIC: [8] Use of undefined constant index - assumed 'index' /data/wwwroot/default/wesave/App/Runtime/Cache/Home/c046e8f09f5013e6f3f2c1812d54574b.php 第 226 行.
NOTIC: [8] Undefined variable: method /data/wwwroot/default/wesave/App/Runtime/Cache/Home/c046e8f09f5013e6f3f2c1812d54574b.php 第 226 行.
NOTIC: [8] Use of undefined constant on - assumed 'on' /data/wwwroot/default/wesave/App/Runtime/Cache/Home/c046e8f09f5013e6f3f2c1812d54574b.php 第 232 行.
NOTIC: [8] Undefined variable: method /data/wwwroot/default/wesave/App/Runtime/Cache/Home/c046e8f09f5013e6f3f2c1812d54574b.php 第 232 行.
NOTIC: [8] Use of undefined constant under - assumed 'under' /data/wwwroot/default/wesave/App/Runtime/Cache/Home/c046e8f09f5013e6f3f2c1812d54574b.php 第 238 行.
NOTIC: [8] Undefined variable: method /data/wwwroot/default/wesave/App/Runtime/Cache/Home/c046e8f09f5013e6f3f2c1812d54574b.php 第 238 行.
NOTIC: [8] Use of undefined constant add - assumed 'add' /data/wwwroot/default/wesave/App/Runtime/Cache/Home/c046e8f09f5013e6f3f2c1812d54574b.php 第 244 行.
NOTIC: [8] Undefined variable: method /data/wwwroot/default/wesave/App/Runtime/Cache/Home/c046e8f09f5013e6f3f2c1812d54574b.php 第 244 行.
NOTIC: [8] Use of undefined constant custom - assumed 'custom' /data/wwwroot/default/wesave/App/Runtime/Cache/Home/c046e8f09f5013e6f3f2c1812d54574b.php 第 253 行.
NOTIC: [8] Undefined variable: ctrl /data/wwwroot/default/wesave/App/Runtime/Cache/Home/c046e8f09f5013e6f3f2c1812d54574b.php 第 253 行.
NOTIC: [8] Use of undefined constant order - assumed 'order' /data/wwwroot/default/wesave/App/Runtime/Cache/Home/c046e8f09f5013e6f3f2c1812d54574b.php 第 260 行.
NOTIC: [8] Undefined variable: method /data/wwwroot/default/wesave/App/Runtime/Cache/Home/c046e8f09f5013e6f3f2c1812d54574b.php 第 260 行.
NOTIC: [8] Use of undefined constant order - assumed 'order' /data/wwwroot/default/wesave/App/Runtime/Cache/Home/c046e8f09f5013e6f3f2c1812d54574b.php 第 266 行.
NOTIC: [8] Undefined variable: method /data/wwwroot/default/wesave/App/Runtime/Cache/Home/c046e8f09f5013e6f3f2c1812d54574b.php 第 266 行.
NOTIC: [8] Use of undefined constant admin - assumed 'admin' /data/wwwroot/default/wesave/App/Runtime/Cache/Home/c046e8f09f5013e6f3f2c1812d54574b.php 第 274 行.
NOTIC: [8] Undefined variable: ctrl /data/wwwroot/default/wesave/App/Runtime/Cache/Home/c046e8f09f5013e6f3f2c1812d54574b.php 第 274 行.
NOTIC: [8] Use of undefined constant admin_index - assumed 'admin_index' /data/wwwroot/default/wesave/App/Runtime/Cache/Home/c046e8f09f5013e6f3f2c1812d54574b.php 第 282 行.
NOTIC: [8] Undefined variable: method /data/wwwroot/default/wesave/App/Runtime/Cache/Home/c046e8f09f5013e6f3f2c1812d54574b.php 第 282 行.
NOTIC: [8] Use of undefined constant admin_sale - assumed 'admin_sale' /data/wwwroot/default/wesave/App/Runtime/Cache/Home/c046e8f09f5013e6f3f2c1812d54574b.php 第 288 行.
NOTIC: [8] Undefined variable: method /data/wwwroot/default/wesave/App/Runtime/Cache/Home/c046e8f09f5013e6f3f2c1812d54574b.php 第 288 行.
NOTIC: [8] Use of undefined constant admin_page - assumed 'admin_page' /data/wwwroot/default/wesave/App/Runtime/Cache/Home/c046e8f09f5013e6f3f2c1812d54574b.php 第 294 行.
NOTIC: [8] Undefined variable: method /data/wwwroot/default/wesave/App/Runtime/Cache/Home/c046e8f09f5013e6f3f2c1812d54574b.php 第 294 行.
NOTIC: [8] Use of undefined constant admin_pass - assumed 'admin_pass' /data/wwwroot/default/wesave/App/Runtime/Cache/Home/c046e8f09f5013e6f3f2c1812d54574b.php 第 300 行.
NOTIC: [8] Undefined variable: method /data/wwwroot/default/wesave/App/Runtime/Cache/Home/c046e8f09f5013e6f3f2c1812d54574b.php 第 300 行.
NOTIC: [8] Undefined variable: auth /data/wwwroot/default/wesave/App/Runtime/Cache/Home/c046e8f09f5013e6f3f2c1812d54574b.php 第 308 行.
NOTIC: [8] Use of undefined constant spread - assumed 'spread' /data/wwwroot/default/wesave/App/Runtime/Cache/Home/c046e8f09f5013e6f3f2c1812d54574b.php 第 340 行.
NOTIC: [8] Undefined variable: ctrl /data/wwwroot/default/wesave/App/Runtime/Cache/Home/c046e8f09f5013e6f3f2c1812d54574b.php 第 340 行.
NOTIC: [8] Use of undefined constant spread_index - assumed 'spread_index' /data/wwwroot/default/wesave/App/Runtime/Cache/Home/c046e8f09f5013e6f3f2c1812d54574b.php 第 349 行.
NOTIC: [8] Undefined variable: method /data/wwwroot/default/wesave/App/Runtime/Cache/Home/c046e8f09f5013e6f3f2c1812d54574b.php 第 349 行.
NOTIC: [8] Use of undefined constant spread_account - assumed 'spread_account' /data/wwwroot/default/wesave/App/Runtime/Cache/Home/c046e8f09f5013e6f3f2c1812d54574b.php 第 355 行.
NOTIC: [8] Undefined variable: method /data/wwwroot/default/wesave/App/Runtime/Cache/Home/c046e8f09f5013e6f3f2c1812d54574b.php 第 355 行.
NOTIC: [8] Use of undefined constant developer - assumed 'developer' /data/wwwroot/default/wesave/App/Runtime/Cache/Home/c046e8f09f5013e6f3f2c1812d54574b.php 第 363 行.
NOTIC: [8] Undefined variable: ctrl /data/wwwroot/default/wesave/App/Runtime/Cache/Home/c046e8f09f5013e6f3f2c1812d54574b.php 第 363 行.
NOTIC: [8] Use of undefined constant developer_ - assumed 'developer_' /data/wwwroot/default/wesave/App/Runtime/Cache/Home/c046e8f09f5013e6f3f2c1812d54574b.php 第 371 行.
NOTIC: [8] Undefined variable: method /data/wwwroot/default/wesave/App/Runtime/Cache/Home/c046e8f09f5013e6f3f2c1812d54574b.php 第 371 行.
NOTIC: [8] Use of undefined constant developer_api - assumed 'developer_api' /data/wwwroot/default/wesave/App/Runtime/Cache/Home/c046e8f09f5013e6f3f2c1812d54574b.php 第 377 行.
NOTIC: [8] Undefined variable: method /data/wwwroot/default/wesave/App/Runtime/Cache/Home/c046e8f09f5013e6f3f2c1812d54574b.php 第 377 行.
NOTIC: [8] Use of undefined constant developer_data - assumed 'developer_data' /data/wwwroot/default/wesave/App/Runtime/Cache/Home/c046e8f09f5013e6f3f2c1812d54574b.php 第 383 行.
NOTIC: [8] Undefined variable: method /data/wwwroot/default/wesave/App/Runtime/Cache/Home/c046e8f09f5013e6f3f2c1812d54574b.php 第 383 行.
NOTIC: [8] Use of undefined constant web - assumed 'web' /data/wwwroot/default/wesave/App/Runtime/Cache/Home/c046e8f09f5013e6f3f2c1812d54574b.php 第 391 行.
NOTIC: [8] Undefined variable: ctrl /data/wwwroot/default/wesave/App/Runtime/Cache/Home/c046e8f09f5013e6f3f2c1812d54574b.php 第 391 行.
INFO: Run Behavior\ParseTemplateBehavior [ RunTime:0.021401s ]
INFO: [ view_parse ] --END-- [ RunTime:0.021429s ]
INFO: [ view_filter ] --START--
INFO: Run Behavior\WriteHtmlCacheBehavior [ RunTime:0.000174s ]
INFO: [ view_filter ] --END-- [ RunTime:0.000198s ]
INFO: [ app_end ] --START--
INFO: Run Behavior\ShowPageTraceBehavior [ RunTime:0.000516s ]
INFO: [ app_end ] --END-- [ RunTime:0.000556s ]

[ 2018-01-06T18:24:19+08:00 ] 183.136.190.37 /
INFO: [ app_init ] --START--
INFO: Run Behavior\BuildLiteBehavior [ RunTime:0.000021s ]
INFO: [ app_init ] --END-- [ RunTime:0.000103s ]
INFO: [ app_begin ] --START--
INFO: Run Behavior\ReadHtmlCacheBehavior [ RunTime:0.000054s ]
INFO: [ app_begin ] --END-- [ RunTime:0.000082s ]
INFO: [ view_parse ] --START--
INFO: [ template_filter ] --START--
INFO: Run Behavior\ContentReplaceBehavior [ RunTime:0.000156s ]
INFO: [ template_filter ] --END-- [ RunTime:0.000189s ]
NOTIC: [8] Undefined variable: index_count /data/wwwroot/default/wesave/App/Runtime/Cache/Home/c046e8f09f5013e6f3f2c1812d54574b.php 第 117 行.
NOTIC: [8] Undefined variable: new_count /data/wwwroot/default/wesave/App/Runtime/Cache/Home/c046e8f09f5013e6f3f2c1812d54574b.php 第 123 行.
NOTIC: [8] Undefined variable: username /data/wwwroot/default/wesave/App/Runtime/Cache/Home/c046e8f09f5013e6f3f2c1812d54574b.php 第 135 行.
NOTIC: [8] Use of undefined constant index - assumed 'index' /data/wwwroot/default/wesave/App/Runtime/Cache/Home/c046e8f09f5013e6f3f2c1812d54574b.php 第 213 行.
NOTIC: [8] Undefined variable: ctrl /data/wwwroot/default/wesave/App/Runtime/Cache/Home/c046e8f09f5013e6f3f2c1812d54574b.php 第 213 行.
NOTIC: [8] Use of undefined constant product - assumed 'product' /data/wwwroot/default/wesave/App/Runtime/Cache/Home/c046e8f09f5013e6f3f2c1812d54574b.php 第 219 行.
NOTIC: [8] Undefined variable: ctrl /data/wwwroot/default/wesave/App/Runtime/Cache/Home/c046e8f09f5013e6f3f2c1812d54574b.php 第 219 行.
NOTIC: [8] Use of undefined constant index - assumed 'index' /data/wwwroot/default/wesave/App/Runtime/Cache/Home/c046e8f09f5013e6f3f2c1812d54574b.php 第 226 行.
NOTIC: [8] Undefined variable: method /data/wwwroot/default/wesave/App/Runtime/Cache/Home/c046e8f09f5013e6f3f2c1812d54574b.php 第 226 行.
NOTIC: [8] Use of undefined constant on - assumed 'on' /data/wwwroot/default/wesave/App/Runtime/Cache/Home/c046e8f09f5013e6f3f2c1812d54574b.php 第 232 行.
NOTIC: [8] Undefined variable: method /data/wwwroot/default/wesave/App/Runtime/Cache/Home/c046e8f09f5013e6f3f2c1812d54574b.php 第 232 行.
NOTIC: [8] Use of undefined constant under - assumed 'under' /data/wwwroot/default/wesave/App/Runtime/Cache/Home/c046e8f09f5013e6f3f2c1812d54574b.php 第 238 行.
NOTIC: [8] Undefined variable: method /data/wwwroot/default/wesave/App/Runtime/Cache/Home/c046e8f09f5013e6f3f2c1812d54574b.php 第 238 行.
NOTIC: [8] Use of undefined constant add - assumed 'add' /data/wwwroot/default/wesave/App/Runtime/Cache/Home/c046e8f09f5013e6f3f2c1812d54574b.php 第 244 行.
NOTIC: [8] Undefined variable: method /data/wwwroot/default/wesave/App/Runtime/Cache/Home/c046e8f09f5013e6f3f2c1812d54574b.php 第 244 行.
NOTIC: [8] Use of undefined constant custom - assumed 'custom' /data/wwwroot/default/wesave/App/Runtime/Cache/Home/c046e8f09f5013e6f3f2c1812d54574b.php 第 253 行.
NOTIC: [8] Undefined variable: ctrl /data/wwwroot/default/wesave/App/Runtime/Cache/Home/c046e8f09f5013e6f3f2c1812d54574b.php 第 253 行.
NOTIC: [8] Use of undefined constant order - assumed 'order' /data/wwwroot/default/wesave/App/Runtime/Cache/Home/c046e8f09f5013e6f3f2c1812d54574b.php 第 260 行.
NOTIC: [8] Undefined variable: method /data/wwwroot/default/wesave/App/Runtime/Cache/Home/c046e8f09f5013e6f3f2c1812d54574b.php 第 260 行.
NOTIC: [8] Use of undefined constant order - assumed 'order' /data/wwwroot/default/wesave/App/Runtime/Cache/Home/c046e8f09f5013e6f3f2c1812d54574b.php 第 266 行.
NOTIC: [8] Undefined variable: method /data/wwwroot/default/wesave/App/Runtime/Cache/Home/c046e8f09f5013e6f3f2c1812d54574b.php 第 266 行.
NOTIC: [8] Use of undefined constant admin - assumed 'admin' /data/wwwroot/default/wesave/App/Runtime/Cache/Home/c046e8f09f5013e6f3f2c1812d54574b.php 第 274 行.
NOTIC: [8] Undefined variable: ctrl /data/wwwroot/default/wesave/App/Runtime/Cache/Home/c046e8f09f5013e6f3f2c1812d54574b.php 第 274 行.
NOTIC: [8] Use of undefined constant admin_index - assumed 'admin_index' /data/wwwroot/default/wesave/App/Runtime/Cache/Home/c046e8f09f5013e6f3f2c1812d54574b.php 第 282 行.
NOTIC: [8] Undefined variable: method /data/wwwroot/default/wesave/App/Runtime/Cache/Home/c046e8f09f5013e6f3f2c1812d54574b.php 第 282 行.
NOTIC: [8] Use of undefined constant admin_sale - assumed 'admin_sale' /data/wwwroot/default/wesave/App/Runtime/Cache/Home/c046e8f09f5013e6f3f2c1812d54574b.php 第 288 行.
NOTIC: [8] Undefined variable: method /data/wwwroot/default/wesave/App/Runtime/Cache/Home/c046e8f09f5013e6f3f2c1812d54574b.php 第 288 行.
NOTIC: [8] Use of undefined constant admin_page - assumed 'admin_page' /data/wwwroot/default/wesave/App/Runtime/Cache/Home/c046e8f09f5013e6f3f2c1812d54574b.php 第 294 行.
NOTIC: [8] Undefined variable: method /data/wwwroot/default/wesave/App/Runtime/Cache/Home/c046e8f09f5013e6f3f2c1812d54574b.php 第 294 行.
NOTIC: [8] Use of undefined constant admin_pass - assumed 'admin_pass' /data/wwwroot/default/wesave/App/Runtime/Cache/Home/c046e8f09f5013e6f3f2c1812d54574b.php 第 300 行.
NOTIC: [8] Undefined variable: method /data/wwwroot/default/wesave/App/Runtime/Cache/Home/c046e8f09f5013e6f3f2c1812d54574b.php 第 300 行.
NOTIC: [8] Undefined variable: auth /data/wwwroot/default/wesave/App/Runtime/Cache/Home/c046e8f09f5013e6f3f2c1812d54574b.php 第 308 行.
NOTIC: [8] Use of undefined constant spread - assumed 'spread' /data/wwwroot/default/wesave/App/Runtime/Cache/Home/c046e8f09f5013e6f3f2c1812d54574b.php 第 340 行.
NOTIC: [8] Undefined variable: ctrl /data/wwwroot/default/wesave/App/Runtime/Cache/Home/c046e8f09f5013e6f3f2c1812d54574b.php 第 340 行.
NOTIC: [8] Use of undefined constant spread_index - assumed 'spread_index' /data/wwwroot/default/wesave/App/Runtime/Cache/Home/c046e8f09f5013e6f3f2c1812d54574b.php 第 349 行.
NOTIC: [8] Undefined variable: method /data/wwwroot/default/wesave/App/Runtime/Cache/Home/c046e8f09f5013e6f3f2c1812d54574b.php 第 349 行.
NOTIC: [8] Use of undefined constant spread_account - assumed 'spread_account' /data/wwwroot/default/wesave/App/Runtime/Cache/Home/c046e8f09f5013e6f3f2c1812d54574b.php 第 355 行.
NOTIC: [8] Undefined variable: method /data/wwwroot/default/wesave/App/Runtime/Cache/Home/c046e8f09f5013e6f3f2c1812d54574b.php 第 355 行.
NOTIC: [8] Use of undefined constant developer - assumed 'developer' /data/wwwroot/default/wesave/App/Runtime/Cache/Home/c046e8f09f5013e6f3f2c1812d54574b.php 第 363 行.
NOTIC: [8] Undefined variable: ctrl /data/wwwroot/default/wesave/App/Runtime/Cache/Home/c046e8f09f5013e6f3f2c1812d54574b.php 第 363 行.
NOTIC: [8] Use of undefined constant developer_ - assumed 'developer_' /data/wwwroot/default/wesave/App/Runtime/Cache/Home/c046e8f09f5013e6f3f2c1812d54574b.php 第 371 行.
NOTIC: [8] Undefined variable: method /data/wwwroot/default/wesave/App/Runtime/Cache/Home/c046e8f09f5013e6f3f2c1812d54574b.php 第 371 行.
NOTIC: [8] Use of undefined constant developer_api - assumed 'developer_api' /data/wwwroot/default/wesave/App/Runtime/Cache/Home/c046e8f09f5013e6f3f2c1812d54574b.php 第 377 行.
NOTIC: [8] Undefined variable: method /data/wwwroot/default/wesave/App/Runtime/Cache/Home/c046e8f09f5013e6f3f2c1812d54574b.php 第 377 行.
NOTIC: [8] Use of undefined constant developer_data - assumed 'developer_data' /data/wwwroot/default/wesave/App/Runtime/Cache/Home/c046e8f09f5013e6f3f2c1812d54574b.php 第 383 行.
NOTIC: [8] Undefined variable: method /data/wwwroot/default/wesave/App/Runtime/Cache/Home/c046e8f09f5013e6f3f2c1812d54574b.php 第 383 行.
NOTIC: [8] Use of undefined constant web - assumed 'web' /data/wwwroot/default/wesave/App/Runtime/Cache/Home/c046e8f09f5013e6f3f2c1812d54574b.php 第 391 行.
NOTIC: [8] Undefined variable: ctrl /data/wwwroot/default/wesave/App/Runtime/Cache/Home/c046e8f09f5013e6f3f2c1812d54574b.php 第 391 行.
INFO: Run Behavior\ParseTemplateBehavior [ RunTime:0.018505s ]
INFO: [ view_parse ] --END-- [ RunTime:0.018532s ]
INFO: [ view_filter ] --START--
INFO: Run Behavior\WriteHtmlCacheBehavior [ RunTime:0.000057s ]
INFO: [ view_filter ] --END-- [ RunTime:0.000077s ]
INFO: [ app_end ] --START--
INFO: Run Behavior\ShowPageTraceBehavior [ RunTime:0.000089s ]
INFO: [ app_end ] --END-- [ RunTime:0.000125s ]

[ 2018-01-06T18:24:20+08:00 ] 183.136.190.37 /
INFO: [ app_init ] --START--
INFO: Run Behavior\BuildLiteBehavior [ RunTime:0.000013s ]
INFO: [ app_init ] --END-- [ RunTime:0.000097s ]
INFO: [ app_begin ] --START--
INFO: Run Behavior\ReadHtmlCacheBehavior [ RunTime:0.000051s ]
INFO: [ app_begin ] --END-- [ RunTime:0.000078s ]
INFO: [ view_parse ] --START--
INFO: [ template_filter ] --START--
INFO: Run Behavior\ContentReplaceBehavior [ RunTime:0.000152s ]
INFO: [ template_filter ] --END-- [ RunTime:0.000183s ]
NOTIC: [8] Undefined variable: index_count /data/wwwroot/default/wesave/App/Runtime/Cache/Home/c046e8f09f5013e6f3f2c1812d54574b.php 第 117 行.
NOTIC: [8] Undefined variable: new_count /data/wwwroot/default/wesave/App/Runtime/Cache/Home/c046e8f09f5013e6f3f2c1812d54574b.php 第 123 行.
NOTIC: [8] Undefined variable: username /data/wwwroot/default/wesave/App/Runtime/Cache/Home/c046e8f09f5013e6f3f2c1812d54574b.php 第 135 行.
NOTIC: [8] Use of undefined constant index - assumed 'index' /data/wwwroot/default/wesave/App/Runtime/Cache/Home/c046e8f09f5013e6f3f2c1812d54574b.php 第 213 行.
NOTIC: [8] Undefined variable: ctrl /data/wwwroot/default/wesave/App/Runtime/Cache/Home/c046e8f09f5013e6f3f2c1812d54574b.php 第 213 行.
NOTIC: [8] Use of undefined constant product - assumed 'product' /data/wwwroot/default/wesave/App/Runtime/Cache/Home/c046e8f09f5013e6f3f2c1812d54574b.php 第 219 行.
NOTIC: [8] Undefined variable: ctrl /data/wwwroot/default/wesave/App/Runtime/Cache/Home/c046e8f09f5013e6f3f2c1812d54574b.php 第 219 行.
NOTIC: [8] Use of undefined constant index - assumed 'index' /data/wwwroot/default/wesave/App/Runtime/Cache/Home/c046e8f09f5013e6f3f2c1812d54574b.php 第 226 行.
NOTIC: [8] Undefined variable: method /data/wwwroot/default/wesave/App/Runtime/Cache/Home/c046e8f09f5013e6f3f2c1812d54574b.php 第 226 行.
NOTIC: [8] Use of undefined constant on - assumed 'on' /data/wwwroot/default/wesave/App/Runtime/Cache/Home/c046e8f09f5013e6f3f2c1812d54574b.php 第 232 行.
NOTIC: [8] Undefined variable: method /data/wwwroot/default/wesave/App/Runtime/Cache/Home/c046e8f09f5013e6f3f2c1812d54574b.php 第 232 行.
NOTIC: [8] Use of undefined constant under - assumed 'under' /data/wwwroot/default/wesave/App/Runtime/Cache/Home/c046e8f09f5013e6f3f2c1812d54574b.php 第 238 行.
NOTIC: [8] Undefined variable: method /data/wwwroot/default/wesave/App/Runtime/Cache/Home/c046e8f09f5013e6f3f2c1812d54574b.php 第 238 行.
NOTIC: [8] Use of undefined constant add - assumed 'add' /data/wwwroot/default/wesave/App/Runtime/Cache/Home/c046e8f09f5013e6f3f2c1812d54574b.php 第 244 行.
NOTIC: [8] Undefined variable: method /data/wwwroot/default/wesave/App/Runtime/Cache/Home/c046e8f09f5013e6f3f2c1812d54574b.php 第 244 行.
NOTIC: [8] Use of undefined constant custom - assumed 'custom' /data/wwwroot/default/wesave/App/Runtime/Cache/Home/c046e8f09f5013e6f3f2c1812d54574b.php 第 253 行.
NOTIC: [8] Undefined variable: ctrl /data/wwwroot/default/wesave/App/Runtime/Cache/Home/c046e8f09f5013e6f3f2c1812d54574b.php 第 253 行.
NOTIC: [8] Use of undefined constant order - assumed 'order' /data/wwwroot/default/wesave/App/Runtime/Cache/Home/c046e8f09f5013e6f3f2c1812d54574b.php 第 260 行.
NOTIC: [8] Undefined variable: method /data/wwwroot/default/wesave/App/Runtime/Cache/Home/c046e8f09f5013e6f3f2c1812d54574b.php 第 260 行.
NOTIC: [8] Use of undefined constant order - assumed 'order' /data/wwwroot/default/wesave/App/Runtime/Cache/Home/c046e8f09f5013e6f3f2c1812d54574b.php 第 266 行.
NOTIC: [8] Undefined variable: method /data/wwwroot/default/wesave/App/Runtime/Cache/Home/c046e8f09f5013e6f3f2c1812d54574b.php 第 266 行.
NOTIC: [8] Use of undefined constant admin - assumed 'admin' /data/wwwroot/default/wesave/App/Runtime/Cache/Home/c046e8f09f5013e6f3f2c1812d54574b.php 第 274 行.
NOTIC: [8] Undefined variable: ctrl /data/wwwroot/default/wesave/App/Runtime/Cache/Home/c046e8f09f5013e6f3f2c1812d54574b.php 第 274 行.
NOTIC: [8] Use of undefined constant admin_index - assumed 'admin_index' /data/wwwroot/default/wesave/App/Runtime/Cache/Home/c046e8f09f5013e6f3f2c1812d54574b.php 第 282 行.
NOTIC: [8] Undefined variable: method /data/wwwroot/default/wesave/App/Runtime/Cache/Home/c046e8f09f5013e6f3f2c1812d54574b.php 第 282 行.
NOTIC: [8] Use of undefined constant admin_sale - assumed 'admin_sale' /data/wwwroot/default/wesave/App/Runtime/Cache/Home/c046e8f09f5013e6f3f2c1812d54574b.php 第 288 行.
NOTIC: [8] Undefined variable: method /data/wwwroot/default/wesave/App/Runtime/Cache/Home/c046e8f09f5013e6f3f2c1812d54574b.php 第 288 行.
NOTIC: [8] Use of undefined constant admin_page - assumed 'admin_page' /data/wwwroot/default/wesave/App/Runtime/Cache/Home/c046e8f09f5013e6f3f2c1812d54574b.php 第 294 行.
NOTIC: [8] Undefined variable: method /data/wwwroot/default/wesave/App/Runtime/Cache/Home/c046e8f09f5013e6f3f2c1812d54574b.php 第 294 行.
NOTIC: [8] Use of undefined constant admin_pass - assumed 'admin_pass' /data/wwwroot/default/wesave/App/Runtime/Cache/Home/c046e8f09f5013e6f3f2c1812d54574b.php 第 300 行.
NOTIC: [8] Undefined variable: method /data/wwwroot/default/wesave/App/Runtime/Cache/Home/c046e8f09f5013e6f3f2c1812d54574b.php 第 300 行.
NOTIC: [8] Undefined variable: auth /data/wwwroot/default/wesave/App/Runtime/Cache/Home/c046e8f09f5013e6f3f2c1812d54574b.php 第 308 行.
NOTIC: [8] Use of undefined constant spread - assumed 'spread' /data/wwwroot/default/wesave/App/Runtime/Cache/Home/c046e8f09f5013e6f3f2c1812d54574b.php 第 340 行.
NOTIC: [8] Undefined variable: ctrl /data/wwwroot/default/wesave/App/Runtime/Cache/Home/c046e8f09f5013e6f3f2c1812d54574b.php 第 340 行.
NOTIC: [8] Use of undefined constant spread_index - assumed 'spread_index' /data/wwwroot/default/wesave/App/Runtime/Cache/Home/c046e8f09f5013e6f3f2c1812d54574b.php 第 349 行.
NOTIC: [8] Undefined variable: method /data/wwwroot/default/wesave/App/Runtime/Cache/Home/c046e8f09f5013e6f3f2c1812d54574b.php 第 349 行.
NOTIC: [8] Use of undefined constant spread_account - assumed 'spread_account' /data/wwwroot/default/wesave/App/Runtime/Cache/Home/c046e8f09f5013e6f3f2c1812d54574b.php 第 355 行.
NOTIC: [8] Undefined variable: method /data/wwwroot/default/wesave/App/Runtime/Cache/Home/c046e8f09f5013e6f3f2c1812d54574b.php 第 355 行.
NOTIC: [8] Use of undefined constant developer - assumed 'developer' /data/wwwroot/default/wesave/App/Runtime/Cache/Home/c046e8f09f5013e6f3f2c1812d54574b.php 第 363 行.
NOTIC: [8] Undefined variable: ctrl /data/wwwroot/default/wesave/App/Runtime/Cache/Home/c046e8f09f5013e6f3f2c1812d54574b.php 第 363 行.
NOTIC: [8] Use of undefined constant developer_ - assumed 'developer_' /data/wwwroot/default/wesave/App/Runtime/Cache/Home/c046e8f09f5013e6f3f2c1812d54574b.php 第 371 行.
NOTIC: [8] Undefined variable: method /data/wwwroot/default/wesave/App/Runtime/Cache/Home/c046e8f09f5013e6f3f2c1812d54574b.php 第 371 行.
NOTIC: [8] Use of undefined constant developer_api - assumed 'developer_api' /data/wwwroot/default/wesave/App/Runtime/Cache/Home/c046e8f09f5013e6f3f2c1812d54574b.php 第 377 行.
NOTIC: [8] Undefined variable: method /data/wwwroot/default/wesave/App/Runtime/Cache/Home/c046e8f09f5013e6f3f2c1812d54574b.php 第 377 行.
NOTIC: [8] Use of undefined constant developer_data - assumed 'developer_data' /data/wwwroot/default/wesave/App/Runtime/Cache/Home/c046e8f09f5013e6f3f2c1812d54574b.php 第 383 行.
NOTIC: [8] Undefined variable: method /data/wwwroot/default/wesave/App/Runtime/Cache/Home/c046e8f09f5013e6f3f2c1812d54574b.php 第 383 行.
NOTIC: [8] Use of undefined constant web - assumed 'web' /data/wwwroot/default/wesave/App/Runtime/Cache/Home/c046e8f09f5013e6f3f2c1812d54574b.php 第 391 行.
NOTIC: [8] Undefined variable: ctrl /data/wwwroot/default/wesave/App/Runtime/Cache/Home/c046e8f09f5013e6f3f2c1812d54574b.php 第 391 行.
INFO: Run Behavior\ParseTemplateBehavior [ RunTime:0.018158s ]
INFO: [ view_parse ] --END-- [ RunTime:0.018187s ]
INFO: [ view_filter ] --START--
INFO: Run Behavior\WriteHtmlCacheBehavior [ RunTime:0.000068s ]
INFO: [ view_filter ] --END-- [ RunTime:0.000088s ]
INFO: [ app_end ] --START--
INFO: Run Behavior\ShowPageTraceBehavior [ RunTime:0.000108s ]
INFO: [ app_end ] --END-- [ RunTime:0.000142s ]

[ 2018-01-06T18:40:26+08:00 ] 106.120.161.68 /
INFO: [ app_init ] --START--
INFO: Run Behavior\BuildLiteBehavior [ RunTime:0.000013s ]
INFO: [ app_init ] --END-- [ RunTime:0.000102s ]
INFO: [ app_begin ] --START--
INFO: Run Behavior\ReadHtmlCacheBehavior [ RunTime:0.000052s ]
INFO: [ app_begin ] --END-- [ RunTime:0.000078s ]
INFO: [ view_parse ] --START--
INFO: [ template_filter ] --START--
INFO: Run Behavior\ContentReplaceBehavior [ RunTime:0.000152s ]
INFO: [ template_filter ] --END-- [ RunTime:0.000190s ]
NOTIC: [8] Undefined variable: index_count /data/wwwroot/default/wesave/App/Runtime/Cache/Home/c046e8f09f5013e6f3f2c1812d54574b.php 第 117 行.
NOTIC: [8] Undefined variable: new_count /data/wwwroot/default/wesave/App/Runtime/Cache/Home/c046e8f09f5013e6f3f2c1812d54574b.php 第 123 行.
NOTIC: [8] Undefined variable: username /data/wwwroot/default/wesave/App/Runtime/Cache/Home/c046e8f09f5013e6f3f2c1812d54574b.php 第 135 行.
NOTIC: [8] Use of undefined constant index - assumed 'index' /data/wwwroot/default/wesave/App/Runtime/Cache/Home/c046e8f09f5013e6f3f2c1812d54574b.php 第 213 行.
NOTIC: [8] Undefined variable: ctrl /data/wwwroot/default/wesave/App/Runtime/Cache/Home/c046e8f09f5013e6f3f2c1812d54574b.php 第 213 行.
NOTIC: [8] Use of undefined constant product - assumed 'product' /data/wwwroot/default/wesave/App/Runtime/Cache/Home/c046e8f09f5013e6f3f2c1812d54574b.php 第 219 行.
NOTIC: [8] Undefined variable: ctrl /data/wwwroot/default/wesave/App/Runtime/Cache/Home/c046e8f09f5013e6f3f2c1812d54574b.php 第 219 行.
NOTIC: [8] Use of undefined constant index - assumed 'index' /data/wwwroot/default/wesave/App/Runtime/Cache/Home/c046e8f09f5013e6f3f2c1812d54574b.php 第 226 行.
NOTIC: [8] Undefined variable: method /data/wwwroot/default/wesave/App/Runtime/Cache/Home/c046e8f09f5013e6f3f2c1812d54574b.php 第 226 行.
NOTIC: [8] Use of undefined constant on - assumed 'on' /data/wwwroot/default/wesave/App/Runtime/Cache/Home/c046e8f09f5013e6f3f2c1812d54574b.php 第 232 行.
NOTIC: [8] Undefined variable: method /data/wwwroot/default/wesave/App/Runtime/Cache/Home/c046e8f09f5013e6f3f2c1812d54574b.php 第 232 行.
NOTIC: [8] Use of undefined constant under - assumed 'under' /data/wwwroot/default/wesave/App/Runtime/Cache/Home/c046e8f09f5013e6f3f2c1812d54574b.php 第 238 行.
NOTIC: [8] Undefined variable: method /data/wwwroot/default/wesave/App/Runtime/Cache/Home/c046e8f09f5013e6f3f2c1812d54574b.php 第 238 行.
NOTIC: [8] Use of undefined constant add - assumed 'add' /data/wwwroot/default/wesave/App/Runtime/Cache/Home/c046e8f09f5013e6f3f2c1812d54574b.php 第 244 行.
NOTIC: [8] Undefined variable: method /data/wwwroot/default/wesave/App/Runtime/Cache/Home/c046e8f09f5013e6f3f2c1812d54574b.php 第 244 行.
NOTIC: [8] Use of undefined constant custom - assumed 'custom' /data/wwwroot/default/wesave/App/Runtime/Cache/Home/c046e8f09f5013e6f3f2c1812d54574b.php 第 253 行.
NOTIC: [8] Undefined variable: ctrl /data/wwwroot/default/wesave/App/Runtime/Cache/Home/c046e8f09f5013e6f3f2c1812d54574b.php 第 253 行.
NOTIC: [8] Use of undefined constant order - assumed 'order' /data/wwwroot/default/wesave/App/Runtime/Cache/Home/c046e8f09f5013e6f3f2c1812d54574b.php 第 260 行.
NOTIC: [8] Undefined variable: method /data/wwwroot/default/wesave/App/Runtime/Cache/Home/c046e8f09f5013e6f3f2c1812d54574b.php 第 260 行.
NOTIC: [8] Use of undefined constant order - assumed 'order' /data/wwwroot/default/wesave/App/Runtime/Cache/Home/c046e8f09f5013e6f3f2c1812d54574b.php 第 266 行.
NOTIC: [8] Undefined variable: method /data/wwwroot/default/wesave/App/Runtime/Cache/Home/c046e8f09f5013e6f3f2c1812d54574b.php 第 266 行.
NOTIC: [8] Use of undefined constant admin - assumed 'admin' /data/wwwroot/default/wesave/App/Runtime/Cache/Home/c046e8f09f5013e6f3f2c1812d54574b.php 第 274 行.
NOTIC: [8] Undefined variable: ctrl /data/wwwroot/default/wesave/App/Runtime/Cache/Home/c046e8f09f5013e6f3f2c1812d54574b.php 第 274 行.
NOTIC: [8] Use of undefined constant admin_index - assumed 'admin_index' /data/wwwroot/default/wesave/App/Runtime/Cache/Home/c046e8f09f5013e6f3f2c1812d54574b.php 第 282 行.
NOTIC: [8] Undefined variable: method /data/wwwroot/default/wesave/App/Runtime/Cache/Home/c046e8f09f5013e6f3f2c1812d54574b.php 第 282 行.
NOTIC: [8] Use of undefined constant admin_sale - assumed 'admin_sale' /data/wwwroot/default/wesave/App/Runtime/Cache/Home/c046e8f09f5013e6f3f2c1812d54574b.php 第 288 行.
NOTIC: [8] Undefined variable: method /data/wwwroot/default/wesave/App/Runtime/Cache/Home/c046e8f09f5013e6f3f2c1812d54574b.php 第 288 行.
NOTIC: [8] Use of undefined constant admin_page - assumed 'admin_page' /data/wwwroot/default/wesave/App/Runtime/Cache/Home/c046e8f09f5013e6f3f2c1812d54574b.php 第 294 行.
NOTIC: [8] Undefined variable: method /data/wwwroot/default/wesave/App/Runtime/Cache/Home/c046e8f09f5013e6f3f2c1812d54574b.php 第 294 行.
NOTIC: [8] Use of undefined constant admin_pass - assumed 'admin_pass' /data/wwwroot/default/wesave/App/Runtime/Cache/Home/c046e8f09f5013e6f3f2c1812d54574b.php 第 300 行.
NOTIC: [8] Undefined variable: method /data/wwwroot/default/wesave/App/Runtime/Cache/Home/c046e8f09f5013e6f3f2c1812d54574b.php 第 300 行.
NOTIC: [8] Undefined variable: auth /data/wwwroot/default/wesave/App/Runtime/Cache/Home/c046e8f09f5013e6f3f2c1812d54574b.php 第 308 行.
NOTIC: [8] Use of undefined constant spread - assumed 'spread' /data/wwwroot/default/wesave/App/Runtime/Cache/Home/c046e8f09f5013e6f3f2c1812d54574b.php 第 340 行.
NOTIC: [8] Undefined variable: ctrl /data/wwwroot/default/wesave/App/Runtime/Cache/Home/c046e8f09f5013e6f3f2c1812d54574b.php 第 340 行.
NOTIC: [8] Use of undefined constant spread_index - assumed 'spread_index' /data/wwwroot/default/wesave/App/Runtime/Cache/Home/c046e8f09f5013e6f3f2c1812d54574b.php 第 349 行.
NOTIC: [8] Undefined variable: method /data/wwwroot/default/wesave/App/Runtime/Cache/Home/c046e8f09f5013e6f3f2c1812d54574b.php 第 349 行.
NOTIC: [8] Use of undefined constant spread_account - assumed 'spread_account' /data/wwwroot/default/wesave/App/Runtime/Cache/Home/c046e8f09f5013e6f3f2c1812d54574b.php 第 355 行.
NOTIC: [8] Undefined variable: method /data/wwwroot/default/wesave/App/Runtime/Cache/Home/c046e8f09f5013e6f3f2c1812d54574b.php 第 355 行.
NOTIC: [8] Use of undefined constant developer - assumed 'developer' /data/wwwroot/default/wesave/App/Runtime/Cache/Home/c046e8f09f5013e6f3f2c1812d54574b.php 第 363 行.
NOTIC: [8] Undefined variable: ctrl /data/wwwroot/default/wesave/App/Runtime/Cache/Home/c046e8f09f5013e6f3f2c1812d54574b.php 第 363 行.
NOTIC: [8] Use of undefined constant developer_ - assumed 'developer_' /data/wwwroot/default/wesave/App/Runtime/Cache/Home/c046e8f09f5013e6f3f2c1812d54574b.php 第 371 行.
NOTIC: [8] Undefined variable: method /data/wwwroot/default/wesave/App/Runtime/Cache/Home/c046e8f09f5013e6f3f2c1812d54574b.php 第 371 行.
NOTIC: [8] Use of undefined constant developer_api - assumed 'developer_api' /data/wwwroot/default/wesave/App/Runtime/Cache/Home/c046e8f09f5013e6f3f2c1812d54574b.php 第 377 行.
NOTIC: [8] Undefined variable: method /data/wwwroot/default/wesave/App/Runtime/Cache/Home/c046e8f09f5013e6f3f2c1812d54574b.php 第 377 行.
NOTIC: [8] Use of undefined constant developer_data - assumed 'developer_data' /data/wwwroot/default/wesave/App/Runtime/Cache/Home/c046e8f09f5013e6f3f2c1812d54574b.php 第 383 行.
NOTIC: [8] Undefined variable: method /data/wwwroot/default/wesave/App/Runtime/Cache/Home/c046e8f09f5013e6f3f2c1812d54574b.php 第 383 行.
NOTIC: [8] Use of undefined constant web - assumed 'web' /data/wwwroot/default/wesave/App/Runtime/Cache/Home/c046e8f09f5013e6f3f2c1812d54574b.php 第 391 行.
NOTIC: [8] Undefined variable: ctrl /data/wwwroot/default/wesave/App/Runtime/Cache/Home/c046e8f09f5013e6f3f2c1812d54574b.php 第 391 行.
INFO: Run Behavior\ParseTemplateBehavior [ RunTime:0.018393s ]
INFO: [ view_parse ] --END-- [ RunTime:0.018448s ]
INFO: [ view_filter ] --START--
INFO: Run Behavior\WriteHtmlCacheBehavior [ RunTime:0.000068s ]
INFO: [ view_filter ] --END-- [ RunTime:0.000090s ]
INFO: [ app_end ] --START--
INFO: Run Behavior\ShowPageTraceBehavior [ RunTime:0.000073s ]
INFO: [ app_end ] --END-- [ RunTime:0.000105s ]

[ 2018-01-06T21:08:35+08:00 ] 101.199.108.59 /
INFO: [ app_init ] --START--
INFO: Run Behavior\BuildLiteBehavior [ RunTime:0.000011s ]
INFO: [ app_init ] --END-- [ RunTime:0.000093s ]
INFO: [ app_begin ] --START--
INFO: Run Behavior\ReadHtmlCacheBehavior [ RunTime:0.000048s ]
INFO: [ app_begin ] --END-- [ RunTime:0.000075s ]
INFO: [ view_parse ] --START--
INFO: [ template_filter ] --START--
INFO: Run Behavior\ContentReplaceBehavior [ RunTime:0.000154s ]
INFO: [ template_filter ] --END-- [ RunTime:0.000188s ]
NOTIC: [8] Undefined variable: index_count /data/wwwroot/default/wesave/App/Runtime/Cache/Home/c046e8f09f5013e6f3f2c1812d54574b.php 第 117 行.
NOTIC: [8] Undefined variable: new_count /data/wwwroot/default/wesave/App/Runtime/Cache/Home/c046e8f09f5013e6f3f2c1812d54574b.php 第 123 行.
NOTIC: [8] Undefined variable: username /data/wwwroot/default/wesave/App/Runtime/Cache/Home/c046e8f09f5013e6f3f2c1812d54574b.php 第 135 行.
NOTIC: [8] Use of undefined constant index - assumed 'index' /data/wwwroot/default/wesave/App/Runtime/Cache/Home/c046e8f09f5013e6f3f2c1812d54574b.php 第 213 行.
NOTIC: [8] Undefined variable: ctrl /data/wwwroot/default/wesave/App/Runtime/Cache/Home/c046e8f09f5013e6f3f2c1812d54574b.php 第 213 行.
NOTIC: [8] Use of undefined constant product - assumed 'product' /data/wwwroot/default/wesave/App/Runtime/Cache/Home/c046e8f09f5013e6f3f2c1812d54574b.php 第 219 行.
NOTIC: [8] Undefined variable: ctrl /data/wwwroot/default/wesave/App/Runtime/Cache/Home/c046e8f09f5013e6f3f2c1812d54574b.php 第 219 行.
NOTIC: [8] Use of undefined constant index - assumed 'index' /data/wwwroot/default/wesave/App/Runtime/Cache/Home/c046e8f09f5013e6f3f2c1812d54574b.php 第 226 行.
NOTIC: [8] Undefined variable: method /data/wwwroot/default/wesave/App/Runtime/Cache/Home/c046e8f09f5013e6f3f2c1812d54574b.php 第 226 行.
NOTIC: [8] Use of undefined constant on - assumed 'on' /data/wwwroot/default/wesave/App/Runtime/Cache/Home/c046e8f09f5013e6f3f2c1812d54574b.php 第 232 行.
NOTIC: [8] Undefined variable: method /data/wwwroot/default/wesave/App/Runtime/Cache/Home/c046e8f09f5013e6f3f2c1812d54574b.php 第 232 行.
NOTIC: [8] Use of undefined constant under - assumed 'under' /data/wwwroot/default/wesave/App/Runtime/Cache/Home/c046e8f09f5013e6f3f2c1812d54574b.php 第 238 行.
NOTIC: [8] Undefined variable: method /data/wwwroot/default/wesave/App/Runtime/Cache/Home/c046e8f09f5013e6f3f2c1812d54574b.php 第 238 行.
NOTIC: [8] Use of undefined constant add - assumed 'add' /data/wwwroot/default/wesave/App/Runtime/Cache/Home/c046e8f09f5013e6f3f2c1812d54574b.php 第 244 行.
NOTIC: [8] Undefined variable: method /data/wwwroot/default/wesave/App/Runtime/Cache/Home/c046e8f09f5013e6f3f2c1812d54574b.php 第 244 行.
NOTIC: [8] Use of undefined constant custom - assumed 'custom' /data/wwwroot/default/wesave/App/Runtime/Cache/Home/c046e8f09f5013e6f3f2c1812d54574b.php 第 253 行.
NOTIC: [8] Undefined variable: ctrl /data/wwwroot/default/wesave/App/Runtime/Cache/Home/c046e8f09f5013e6f3f2c1812d54574b.php 第 253 行.
NOTIC: [8] Use of undefined constant order - assumed 'order' /data/wwwroot/default/wesave/App/Runtime/Cache/Home/c046e8f09f5013e6f3f2c1812d54574b.php 第 260 行.
NOTIC: [8] Undefined variable: method /data/wwwroot/default/wesave/App/Runtime/Cache/Home/c046e8f09f5013e6f3f2c1812d54574b.php 第 260 行.
NOTIC: [8] Use of undefined constant order - assumed 'order' /data/wwwroot/default/wesave/App/Runtime/Cache/Home/c046e8f09f5013e6f3f2c1812d54574b.php 第 266 行.
NOTIC: [8] Undefined variable: method /data/wwwroot/default/wesave/App/Runtime/Cache/Home/c046e8f09f5013e6f3f2c1812d54574b.php 第 266 行.
NOTIC: [8] Use of undefined constant admin - assumed 'admin' /data/wwwroot/default/wesave/App/Runtime/Cache/Home/c046e8f09f5013e6f3f2c1812d54574b.php 第 274 行.
NOTIC: [8] Undefined variable: ctrl /data/wwwroot/default/wesave/App/Runtime/Cache/Home/c046e8f09f5013e6f3f2c1812d54574b.php 第 274 行.
NOTIC: [8] Use of undefined constant admin_index - assumed 'admin_index' /data/wwwroot/default/wesave/App/Runtime/Cache/Home/c046e8f09f5013e6f3f2c1812d54574b.php 第 282 行.
NOTIC: [8] Undefined variable: method /data/wwwroot/default/wesave/App/Runtime/Cache/Home/c046e8f09f5013e6f3f2c1812d54574b.php 第 282 行.
NOTIC: [8] Use of undefined constant admin_sale - assumed 'admin_sale' /data/wwwroot/default/wesave/App/Runtime/Cache/Home/c046e8f09f5013e6f3f2c1812d54574b.php 第 288 行.
NOTIC: [8] Undefined variable: method /data/wwwroot/default/wesave/App/Runtime/Cache/Home/c046e8f09f5013e6f3f2c1812d54574b.php 第 288 行.
NOTIC: [8] Use of undefined constant admin_page - assumed 'admin_page' /data/wwwroot/default/wesave/App/Runtime/Cache/Home/c046e8f09f5013e6f3f2c1812d54574b.php 第 294 行.
NOTIC: [8] Undefined variable: method /data/wwwroot/default/wesave/App/Runtime/Cache/Home/c046e8f09f5013e6f3f2c1812d54574b.php 第 294 行.
NOTIC: [8] Use of undefined constant admin_pass - assumed 'admin_pass' /data/wwwroot/default/wesave/App/Runtime/Cache/Home/c046e8f09f5013e6f3f2c1812d54574b.php 第 300 行.
NOTIC: [8] Undefined variable: method /data/wwwroot/default/wesave/App/Runtime/Cache/Home/c046e8f09f5013e6f3f2c1812d54574b.php 第 300 行.
NOTIC: [8] Undefined variable: auth /data/wwwroot/default/wesave/App/Runtime/Cache/Home/c046e8f09f5013e6f3f2c1812d54574b.php 第 308 行.
NOTIC: [8] Use of undefined constant spread - assumed 'spread' /data/wwwroot/default/wesave/App/Runtime/Cache/Home/c046e8f09f5013e6f3f2c1812d54574b.php 第 340 行.
NOTIC: [8] Undefined variable: ctrl /data/wwwroot/default/wesave/App/Runtime/Cache/Home/c046e8f09f5013e6f3f2c1812d54574b.php 第 340 行.
NOTIC: [8] Use of undefined constant spread_index - assumed 'spread_index' /data/wwwroot/default/wesave/App/Runtime/Cache/Home/c046e8f09f5013e6f3f2c1812d54574b.php 第 349 行.
NOTIC: [8] Undefined variable: method /data/wwwroot/default/wesave/App/Runtime/Cache/Home/c046e8f09f5013e6f3f2c1812d54574b.php 第 349 行.
NOTIC: [8] Use of undefined constant spread_account - assumed 'spread_account' /data/wwwroot/default/wesave/App/Runtime/Cache/Home/c046e8f09f5013e6f3f2c1812d54574b.php 第 355 行.
NOTIC: [8] Undefined variable: method /data/wwwroot/default/wesave/App/Runtime/Cache/Home/c046e8f09f5013e6f3f2c1812d54574b.php 第 355 行.
NOTIC: [8] Use of undefined constant developer - assumed 'developer' /data/wwwroot/default/wesave/App/Runtime/Cache/Home/c046e8f09f5013e6f3f2c1812d54574b.php 第 363 行.
NOTIC: [8] Undefined variable: ctrl /data/wwwroot/default/wesave/App/Runtime/Cache/Home/c046e8f09f5013e6f3f2c1812d54574b.php 第 363 行.
NOTIC: [8] Use of undefined constant developer_ - assumed 'developer_' /data/wwwroot/default/wesave/App/Runtime/Cache/Home/c046e8f09f5013e6f3f2c1812d54574b.php 第 371 行.
NOTIC: [8] Undefined variable: method /data/wwwroot/default/wesave/App/Runtime/Cache/Home/c046e8f09f5013e6f3f2c1812d54574b.php 第 371 行.
NOTIC: [8] Use of undefined constant developer_api - assumed 'developer_api' /data/wwwroot/default/wesave/App/Runtime/Cache/Home/c046e8f09f5013e6f3f2c1812d54574b.php 第 377 行.
NOTIC: [8] Undefined variable: method /data/wwwroot/default/wesave/App/Runtime/Cache/Home/c046e8f09f5013e6f3f2c1812d54574b.php 第 377 行.
NOTIC: [8] Use of undefined constant developer_data - assumed 'developer_data' /data/wwwroot/default/wesave/App/Runtime/Cache/Home/c046e8f09f5013e6f3f2c1812d54574b.php 第 383 行.
NOTIC: [8] Undefined variable: method /data/wwwroot/default/wesave/App/Runtime/Cache/Home/c046e8f09f5013e6f3f2c1812d54574b.php 第 383 行.
NOTIC: [8] Use of undefined constant web - assumed 'web' /data/wwwroot/default/wesave/App/Runtime/Cache/Home/c046e8f09f5013e6f3f2c1812d54574b.php 第 391 行.
NOTIC: [8] Undefined variable: ctrl /data/wwwroot/default/wesave/App/Runtime/Cache/Home/c046e8f09f5013e6f3f2c1812d54574b.php 第 391 行.
INFO: Run Behavior\ParseTemplateBehavior [ RunTime:0.018095s ]
INFO: [ view_parse ] --END-- [ RunTime:0.018122s ]
INFO: [ view_filter ] --START--
INFO: Run Behavior\WriteHtmlCacheBehavior [ RunTime:0.000064s ]
INFO: [ view_filter ] --END-- [ RunTime:0.000124s ]
INFO: [ app_end ] --START--
INFO: Run Behavior\ShowPageTraceBehavior [ RunTime:0.000064s ]
INFO: [ app_end ] --END-- [ RunTime:0.000099s ]

[ 2018-01-06T23:04:23+08:00 ] 101.47.19.176 /
INFO: [ app_init ] --START--
INFO: Run Behavior\BuildLiteBehavior [ RunTime:0.000013s ]
INFO: [ app_init ] --END-- [ RunTime:0.000099s ]
INFO: [ app_begin ] --START--
INFO: Run Behavior\ReadHtmlCacheBehavior [ RunTime:0.000065s ]
INFO: [ app_begin ] --END-- [ RunTime:0.000093s ]
INFO: [ view_parse ] --START--
INFO: [ template_filter ] --START--
INFO: Run Behavior\ContentReplaceBehavior [ RunTime:0.000154s ]
INFO: [ template_filter ] --END-- [ RunTime:0.000188s ]
NOTIC: [8] Undefined variable: index_count /data/wwwroot/default/wesave/App/Runtime/Cache/Home/c046e8f09f5013e6f3f2c1812d54574b.php 第 117 行.
NOTIC: [8] Undefined variable: new_count /data/wwwroot/default/wesave/App/Runtime/Cache/Home/c046e8f09f5013e6f3f2c1812d54574b.php 第 123 行.
NOTIC: [8] Undefined variable: username /data/wwwroot/default/wesave/App/Runtime/Cache/Home/c046e8f09f5013e6f3f2c1812d54574b.php 第 135 行.
NOTIC: [8] Use of undefined constant index - assumed 'index' /data/wwwroot/default/wesave/App/Runtime/Cache/Home/c046e8f09f5013e6f3f2c1812d54574b.php 第 213 行.
NOTIC: [8] Undefined variable: ctrl /data/wwwroot/default/wesave/App/Runtime/Cache/Home/c046e8f09f5013e6f3f2c1812d54574b.php 第 213 行.
NOTIC: [8] Use of undefined constant product - assumed 'product' /data/wwwroot/default/wesave/App/Runtime/Cache/Home/c046e8f09f5013e6f3f2c1812d54574b.php 第 219 行.
NOTIC: [8] Undefined variable: ctrl /data/wwwroot/default/wesave/App/Runtime/Cache/Home/c046e8f09f5013e6f3f2c1812d54574b.php 第 219 行.
NOTIC: [8] Use of undefined constant index - assumed 'index' /data/wwwroot/default/wesave/App/Runtime/Cache/Home/c046e8f09f5013e6f3f2c1812d54574b.php 第 226 行.
NOTIC: [8] Undefined variable: method /data/wwwroot/default/wesave/App/Runtime/Cache/Home/c046e8f09f5013e6f3f2c1812d54574b.php 第 226 行.
NOTIC: [8] Use of undefined constant on - assumed 'on' /data/wwwroot/default/wesave/App/Runtime/Cache/Home/c046e8f09f5013e6f3f2c1812d54574b.php 第 232 行.
NOTIC: [8] Undefined variable: method /data/wwwroot/default/wesave/App/Runtime/Cache/Home/c046e8f09f5013e6f3f2c1812d54574b.php 第 232 行.
NOTIC: [8] Use of undefined constant under - assumed 'under' /data/wwwroot/default/wesave/App/Runtime/Cache/Home/c046e8f09f5013e6f3f2c1812d54574b.php 第 238 行.
NOTIC: [8] Undefined variable: method /data/wwwroot/default/wesave/App/Runtime/Cache/Home/c046e8f09f5013e6f3f2c1812d54574b.php 第 238 行.
NOTIC: [8] Use of undefined constant add - assumed 'add' /data/wwwroot/default/wesave/App/Runtime/Cache/Home/c046e8f09f5013e6f3f2c1812d54574b.php 第 244 行.
NOTIC: [8] Undefined variable: method /data/wwwroot/default/wesave/App/Runtime/Cache/Home/c046e8f09f5013e6f3f2c1812d54574b.php 第 244 行.
NOTIC: [8] Use of undefined constant custom - assumed 'custom' /data/wwwroot/default/wesave/App/Runtime/Cache/Home/c046e8f09f5013e6f3f2c1812d54574b.php 第 253 行.
NOTIC: [8] Undefined variable: ctrl /data/wwwroot/default/wesave/App/Runtime/Cache/Home/c046e8f09f5013e6f3f2c1812d54574b.php 第 253 行.
NOTIC: [8] Use of undefined constant order - assumed 'order' /data/wwwroot/default/wesave/App/Runtime/Cache/Home/c046e8f09f5013e6f3f2c1812d54574b.php 第 260 行.
NOTIC: [8] Undefined variable: method /data/wwwroot/default/wesave/App/Runtime/Cache/Home/c046e8f09f5013e6f3f2c1812d54574b.php 第 260 行.
NOTIC: [8] Use of undefined constant order - assumed 'order' /data/wwwroot/default/wesave/App/Runtime/Cache/Home/c046e8f09f5013e6f3f2c1812d54574b.php 第 266 行.
NOTIC: [8] Undefined variable: method /data/wwwroot/default/wesave/App/Runtime/Cache/Home/c046e8f09f5013e6f3f2c1812d54574b.php 第 266 行.
NOTIC: [8] Use of undefined constant admin - assumed 'admin' /data/wwwroot/default/wesave/App/Runtime/Cache/Home/c046e8f09f5013e6f3f2c1812d54574b.php 第 274 行.
NOTIC: [8] Undefined variable: ctrl /data/wwwroot/default/wesave/App/Runtime/Cache/Home/c046e8f09f5013e6f3f2c1812d54574b.php 第 274 行.
NOTIC: [8] Use of undefined constant admin_index - assumed 'admin_index' /data/wwwroot/default/wesave/App/Runtime/Cache/Home/c046e8f09f5013e6f3f2c1812d54574b.php 第 282 行.
NOTIC: [8] Undefined variable: method /data/wwwroot/default/wesave/App/Runtime/Cache/Home/c046e8f09f5013e6f3f2c1812d54574b.php 第 282 行.
NOTIC: [8] Use of undefined constant admin_sale - assumed 'admin_sale' /data/wwwroot/default/wesave/App/Runtime/Cache/Home/c046e8f09f5013e6f3f2c1812d54574b.php 第 288 行.
NOTIC: [8] Undefined variable: method /data/wwwroot/default/wesave/App/Runtime/Cache/Home/c046e8f09f5013e6f3f2c1812d54574b.php 第 288 行.
NOTIC: [8] Use of undefined constant admin_page - assumed 'admin_page' /data/wwwroot/default/wesave/App/Runtime/Cache/Home/c046e8f09f5013e6f3f2c1812d54574b.php 第 294 行.
NOTIC: [8] Undefined variable: method /data/wwwroot/default/wesave/App/Runtime/Cache/Home/c046e8f09f5013e6f3f2c1812d54574b.php 第 294 行.
NOTIC: [8] Use of undefined constant admin_pass - assumed 'admin_pass' /data/wwwroot/default/wesave/App/Runtime/Cache/Home/c046e8f09f5013e6f3f2c1812d54574b.php 第 300 行.
NOTIC: [8] Undefined variable: method /data/wwwroot/default/wesave/App/Runtime/Cache/Home/c046e8f09f5013e6f3f2c1812d54574b.php 第 300 行.
NOTIC: [8] Undefined variable: auth /data/wwwroot/default/wesave/App/Runtime/Cache/Home/c046e8f09f5013e6f3f2c1812d54574b.php 第 308 行.
NOTIC: [8] Use of undefined constant spread - assumed 'spread' /data/wwwroot/default/wesave/App/Runtime/Cache/Home/c046e8f09f5013e6f3f2c1812d54574b.php 第 340 行.
NOTIC: [8] Undefined variable: ctrl /data/wwwroot/default/wesave/App/Runtime/Cache/Home/c046e8f09f5013e6f3f2c1812d54574b.php 第 340 行.
NOTIC: [8] Use of undefined constant spread_index - assumed 'spread_index' /data/wwwroot/default/wesave/App/Runtime/Cache/Home/c046e8f09f5013e6f3f2c1812d54574b.php 第 349 行.
NOTIC: [8] Undefined variable: method /data/wwwroot/default/wesave/App/Runtime/Cache/Home/c046e8f09f5013e6f3f2c1812d54574b.php 第 349 行.
NOTIC: [8] Use of undefined constant spread_account - assumed 'spread_account' /data/wwwroot/default/wesave/App/Runtime/Cache/Home/c046e8f09f5013e6f3f2c1812d54574b.php 第 355 行.
NOTIC: [8] Undefined variable: method /data/wwwroot/default/wesave/App/Runtime/Cache/Home/c046e8f09f5013e6f3f2c1812d54574b.php 第 355 行.
NOTIC: [8] Use of undefined constant developer - assumed 'developer' /data/wwwroot/default/wesave/App/Runtime/Cache/Home/c046e8f09f5013e6f3f2c1812d54574b.php 第 363 行.
NOTIC: [8] Undefined variable: ctrl /data/wwwroot/default/wesave/App/Runtime/Cache/Home/c046e8f09f5013e6f3f2c1812d54574b.php 第 363 行.
NOTIC: [8] Use of undefined constant developer_ - assumed 'developer_' /data/wwwroot/default/wesave/App/Runtime/Cache/Home/c046e8f09f5013e6f3f2c1812d54574b.php 第 371 行.
NOTIC: [8] Undefined variable: method /data/wwwroot/default/wesave/App/Runtime/Cache/Home/c046e8f09f5013e6f3f2c1812d54574b.php 第 371 行.
NOTIC: [8] Use of undefined constant developer_api - assumed 'developer_api' /data/wwwroot/default/wesave/App/Runtime/Cache/Home/c046e8f09f5013e6f3f2c1812d54574b.php 第 377 行.
NOTIC: [8] Undefined variable: method /data/wwwroot/default/wesave/App/Runtime/Cache/Home/c046e8f09f5013e6f3f2c1812d54574b.php 第 377 行.
NOTIC: [8] Use of undefined constant developer_data - assumed 'developer_data' /data/wwwroot/default/wesave/App/Runtime/Cache/Home/c046e8f09f5013e6f3f2c1812d54574b.php 第 383 行.
NOTIC: [8] Undefined variable: method /data/wwwroot/default/wesave/App/Runtime/Cache/Home/c046e8f09f5013e6f3f2c1812d54574b.php 第 383 行.
NOTIC: [8] Use of undefined constant web - assumed 'web' /data/wwwroot/default/wesave/App/Runtime/Cache/Home/c046e8f09f5013e6f3f2c1812d54574b.php 第 391 行.
NOTIC: [8] Undefined variable: ctrl /data/wwwroot/default/wesave/App/Runtime/Cache/Home/c046e8f09f5013e6f3f2c1812d54574b.php 第 391 行.
INFO: Run Behavior\ParseTemplateBehavior [ RunTime:0.019189s ]
INFO: [ view_parse ] --END-- [ RunTime:0.019217s ]
INFO: [ view_filter ] --START--
INFO: Run Behavior\WriteHtmlCacheBehavior [ RunTime:0.000058s ]
INFO: [ view_filter ] --END-- [ RunTime:0.000079s ]
INFO: [ app_end ] --START--
INFO: Run Behavior\ShowPageTraceBehavior [ RunTime:0.000068s ]
INFO: [ app_end ] --END-- [ RunTime:0.000101s ]

[ 2018-01-06T23:21:30+08:00 ] 101.47.19.176 /
INFO: [ app_init ] --START--
INFO: Run Behavior\BuildLiteBehavior [ RunTime:0.000018s ]
INFO: [ app_init ] --END-- [ RunTime:0.000130s ]
INFO: [ app_begin ] --START--
INFO: Run Behavior\ReadHtmlCacheBehavior [ RunTime:0.000070s ]
INFO: [ app_begin ] --END-- [ RunTime:0.000101s ]
INFO: [ view_parse ] --START--
INFO: [ template_filter ] --START--
INFO: Run Behavior\ContentReplaceBehavior [ RunTime:0.000208s ]
INFO: [ template_filter ] --END-- [ RunTime:0.000269s ]
NOTIC: [8] Undefined variable: index_count /data/wwwroot/default/wesave/App/Runtime/Cache/Home/c046e8f09f5013e6f3f2c1812d54574b.php 第 117 行.
NOTIC: [8] Undefined variable: new_count /data/wwwroot/default/wesave/App/Runtime/Cache/Home/c046e8f09f5013e6f3f2c1812d54574b.php 第 123 行.
NOTIC: [8] Undefined variable: username /data/wwwroot/default/wesave/App/Runtime/Cache/Home/c046e8f09f5013e6f3f2c1812d54574b.php 第 135 行.
NOTIC: [8] Use of undefined constant index - assumed 'index' /data/wwwroot/default/wesave/App/Runtime/Cache/Home/c046e8f09f5013e6f3f2c1812d54574b.php 第 213 行.
NOTIC: [8] Undefined variable: ctrl /data/wwwroot/default/wesave/App/Runtime/Cache/Home/c046e8f09f5013e6f3f2c1812d54574b.php 第 213 行.
NOTIC: [8] Use of undefined constant product - assumed 'product' /data/wwwroot/default/wesave/App/Runtime/Cache/Home/c046e8f09f5013e6f3f2c1812d54574b.php 第 219 行.
NOTIC: [8] Undefined variable: ctrl /data/wwwroot/default/wesave/App/Runtime/Cache/Home/c046e8f09f5013e6f3f2c1812d54574b.php 第 219 行.
NOTIC: [8] Use of undefined constant index - assumed 'index' /data/wwwroot/default/wesave/App/Runtime/Cache/Home/c046e8f09f5013e6f3f2c1812d54574b.php 第 226 行.
NOTIC: [8] Undefined variable: method /data/wwwroot/default/wesave/App/Runtime/Cache/Home/c046e8f09f5013e6f3f2c1812d54574b.php 第 226 行.
NOTIC: [8] Use of undefined constant on - assumed 'on' /data/wwwroot/default/wesave/App/Runtime/Cache/Home/c046e8f09f5013e6f3f2c1812d54574b.php 第 232 行.
NOTIC: [8] Undefined variable: method /data/wwwroot/default/wesave/App/Runtime/Cache/Home/c046e8f09f5013e6f3f2c1812d54574b.php 第 232 行.
NOTIC: [8] Use of undefined constant under - assumed 'under' /data/wwwroot/default/wesave/App/Runtime/Cache/Home/c046e8f09f5013e6f3f2c1812d54574b.php 第 238 行.
NOTIC: [8] Undefined variable: method /data/wwwroot/default/wesave/App/Runtime/Cache/Home/c046e8f09f5013e6f3f2c1812d54574b.php 第 238 行.
NOTIC: [8] Use of undefined constant add - assumed 'add' /data/wwwroot/default/wesave/App/Runtime/Cache/Home/c046e8f09f5013e6f3f2c1812d54574b.php 第 244 行.
NOTIC: [8] Undefined variable: method /data/wwwroot/default/wesave/App/Runtime/Cache/Home/c046e8f09f5013e6f3f2c1812d54574b.php 第 244 行.
NOTIC: [8] Use of undefined constant custom - assumed 'custom' /data/wwwroot/default/wesave/App/Runtime/Cache/Home/c046e8f09f5013e6f3f2c1812d54574b.php 第 253 行.
NOTIC: [8] Undefined variable: ctrl /data/wwwroot/default/wesave/App/Runtime/Cache/Home/c046e8f09f5013e6f3f2c1812d54574b.php 第 253 行.
NOTIC: [8] Use of undefined constant order - assumed 'order' /data/wwwroot/default/wesave/App/Runtime/Cache/Home/c046e8f09f5013e6f3f2c1812d54574b.php 第 260 行.
NOTIC: [8] Undefined variable: method /data/wwwroot/default/wesave/App/Runtime/Cache/Home/c046e8f09f5013e6f3f2c1812d54574b.php 第 260 行.
NOTIC: [8] Use of undefined constant order - assumed 'order' /data/wwwroot/default/wesave/App/Runtime/Cache/Home/c046e8f09f5013e6f3f2c1812d54574b.php 第 266 行.
NOTIC: [8] Undefined variable: method /data/wwwroot/default/wesave/App/Runtime/Cache/Home/c046e8f09f5013e6f3f2c1812d54574b.php 第 266 行.
NOTIC: [8] Use of undefined constant admin - assumed 'admin' /data/wwwroot/default/wesave/App/Runtime/Cache/Home/c046e8f09f5013e6f3f2c1812d54574b.php 第 274 行.
NOTIC: [8] Undefined variable: ctrl /data/wwwroot/default/wesave/App/Runtime/Cache/Home/c046e8f09f5013e6f3f2c1812d54574b.php 第 274 行.
NOTIC: [8] Use of undefined constant admin_index - assumed 'admin_index' /data/wwwroot/default/wesave/App/Runtime/Cache/Home/c046e8f09f5013e6f3f2c1812d54574b.php 第 282 行.
NOTIC: [8] Undefined variable: method /data/wwwroot/default/wesave/App/Runtime/Cache/Home/c046e8f09f5013e6f3f2c1812d54574b.php 第 282 行.
NOTIC: [8] Use of undefined constant admin_sale - assumed 'admin_sale' /data/wwwroot/default/wesave/App/Runtime/Cache/Home/c046e8f09f5013e6f3f2c1812d54574b.php 第 288 行.
NOTIC: [8] Undefined variable: method /data/wwwroot/default/wesave/App/Runtime/Cache/Home/c046e8f09f5013e6f3f2c1812d54574b.php 第 288 行.
NOTIC: [8] Use of undefined constant admin_page - assumed 'admin_page' /data/wwwroot/default/wesave/App/Runtime/Cache/Home/c046e8f09f5013e6f3f2c1812d54574b.php 第 294 行.
NOTIC: [8] Undefined variable: method /data/wwwroot/default/wesave/App/Runtime/Cache/Home/c046e8f09f5013e6f3f2c1812d54574b.php 第 294 行.
NOTIC: [8] Use of undefined constant admin_pass - assumed 'admin_pass' /data/wwwroot/default/wesave/App/Runtime/Cache/Home/c046e8f09f5013e6f3f2c1812d54574b.php 第 300 行.
NOTIC: [8] Undefined variable: method /data/wwwroot/default/wesave/App/Runtime/Cache/Home/c046e8f09f5013e6f3f2c1812d54574b.php 第 300 行.
NOTIC: [8] Undefined variable: auth /data/wwwroot/default/wesave/App/Runtime/Cache/Home/c046e8f09f5013e6f3f2c1812d54574b.php 第 308 行.
NOTIC: [8] Use of undefined constant spread - assumed 'spread' /data/wwwroot/default/wesave/App/Runtime/Cache/Home/c046e8f09f5013e6f3f2c1812d54574b.php 第 340 行.
NOTIC: [8] Undefined variable: ctrl /data/wwwroot/default/wesave/App/Runtime/Cache/Home/c046e8f09f5013e6f3f2c1812d54574b.php 第 340 行.
NOTIC: [8] Use of undefined constant spread_index - assumed 'spread_index' /data/wwwroot/default/wesave/App/Runtime/Cache/Home/c046e8f09f5013e6f3f2c1812d54574b.php 第 349 行.
NOTIC: [8] Undefined variable: method /data/wwwroot/default/wesave/App/Runtime/Cache/Home/c046e8f09f5013e6f3f2c1812d54574b.php 第 349 行.
NOTIC: [8] Use of undefined constant spread_account - assumed 'spread_account' /data/wwwroot/default/wesave/App/Runtime/Cache/Home/c046e8f09f5013e6f3f2c1812d54574b.php 第 355 行.
NOTIC: [8] Undefined variable: method /data/wwwroot/default/wesave/App/Runtime/Cache/Home/c046e8f09f5013e6f3f2c1812d54574b.php 第 355 行.
NOTIC: [8] Use of undefined constant developer - assumed 'developer' /data/wwwroot/default/wesave/App/Runtime/Cache/Home/c046e8f09f5013e6f3f2c1812d54574b.php 第 363 行.
NOTIC: [8] Undefined variable: ctrl /data/wwwroot/default/wesave/App/Runtime/Cache/Home/c046e8f09f5013e6f3f2c1812d54574b.php 第 363 行.
NOTIC: [8] Use of undefined constant developer_ - assumed 'developer_' /data/wwwroot/default/wesave/App/Runtime/Cache/Home/c046e8f09f5013e6f3f2c1812d54574b.php 第 371 行.
NOTIC: [8] Undefined variable: method /data/wwwroot/default/wesave/App/Runtime/Cache/Home/c046e8f09f5013e6f3f2c1812d54574b.php 第 371 行.
NOTIC: [8] Use of undefined constant developer_api - assumed 'developer_api' /data/wwwroot/default/wesave/App/Runtime/Cache/Home/c046e8f09f5013e6f3f2c1812d54574b.php 第 377 行.
NOTIC: [8] Undefined variable: method /data/wwwroot/default/wesave/App/Runtime/Cache/Home/c046e8f09f5013e6f3f2c1812d54574b.php 第 377 行.
NOTIC: [8] Use of undefined constant developer_data - assumed 'developer_data' /data/wwwroot/default/wesave/App/Runtime/Cache/Home/c046e8f09f5013e6f3f2c1812d54574b.php 第 383 行.
NOTIC: [8] Undefined variable: method /data/wwwroot/default/wesave/App/Runtime/Cache/Home/c046e8f09f5013e6f3f2c1812d54574b.php 第 383 行.
NOTIC: [8] Use of undefined constant web - assumed 'web' /data/wwwroot/default/wesave/App/Runtime/Cache/Home/c046e8f09f5013e6f3f2c1812d54574b.php 第 391 行.
NOTIC: [8] Undefined variable: ctrl /data/wwwroot/default/wesave/App/Runtime/Cache/Home/c046e8f09f5013e6f3f2c1812d54574b.php 第 391 行.
INFO: Run Behavior\ParseTemplateBehavior [ RunTime:0.022430s ]
INFO: [ view_parse ] --END-- [ RunTime:0.022471s ]
INFO: [ view_filter ] --START--
INFO: Run Behavior\WriteHtmlCacheBehavior [ RunTime:0.000125s ]
INFO: [ view_filter ] --END-- [ RunTime:0.000158s ]
INFO: [ app_end ] --START--
INFO: Run Behavior\ShowPageTraceBehavior [ RunTime:0.000105s ]
INFO: [ app_end ] --END-- [ RunTime:0.000154s ]

