[ 2018-01-07T16:09:27+08:00 ] 106.11.227.203 /
INFO: [ app_init ] --START--
INFO: Run Behavior\BuildLiteBehavior [ RunTime:0.000011s ]
INFO: [ app_init ] --END-- [ RunTime:0.000378s ]
INFO: [ app_begin ] --START--
INFO: Run Behavior\ReadHtmlCacheBehavior [ RunTime:0.000449s ]
INFO: [ app_begin ] --END-- [ RunTime:0.000482s ]
INFO: [ view_parse ] --START--
INFO: [ template_filter ] --START--
INFO: Run Behavior\ContentReplaceBehavior [ RunTime:0.000170s ]
INFO: [ template_filter ] --END-- [ RunTime:0.000220s ]
NOTIC: [8] Undefined variable: index_count /data/wwwroot/default/wesave/App/Runtime/Cache/Home/c046e8f09f5013e6f3f2c1812d54574b.php 第 117 行.
NOTIC: [8] Undefined variable: new_count /data/wwwroot/default/wesave/App/Runtime/Cache/Home/c046e8f09f5013e6f3f2c1812d54574b.php 第 123 行.
NOTIC: [8] Undefined variable: username /data/wwwroot/default/wesave/App/Runtime/Cache/Home/c046e8f09f5013e6f3f2c1812d54574b.php 第 135 行.
NOTIC: [8] Use of undefined constant index - assumed 'index' /data/wwwroot/default/wesave/App/Runtime/Cache/Home/c046e8f09f5013e6f3f2c1812d54574b.php 第 213 行.
NOTIC: [8] Undefined variable: ctrl /data/wwwroot/default/wesave/App/Runtime/Cache/Home/c046e8f09f5013e6f3f2c1812d54574b.php 第 213 行.
NOTIC: [8] Use of undefined constant product - assumed 'product' /data/wwwroot/default/wesave/App/Runtime/Cache/Home/c046e8f09f5013e6f3f2c1812d54574b.php 第 219 行.
NOTIC: [8] Undefined variable: ctrl /data/wwwroot/default/wesave/App/Runtime/Cache/Home/c046e8f09f5013e6f3f2c1812d54574b.php 第 219 行.
NOTIC: [8] Use of undefined constant index - assumed 'index' /data/wwwroot/default/wesave/App/Runtime/Cache/Home/c046e8f09f5013e6f3f2c1812d54574b.php 第 226 行.
NOTIC: [8] Undefined variable: method /data/wwwroot/default/wesave/App/Runtime/Cache/Home/c046e8f09f5013e6f3f2c1812d54574b.php 第 226 行.
NOTIC: [8] Use of undefined constant on - assumed 'on' /data/wwwroot/default/wesave/App/Runtime/Cache/Home/c046e8f09f5013e6f3f2c1812d54574b.php 第 232 行.
NOTIC: [8] Undefined variable: method /data/wwwroot/default/wesave/App/Runtime/Cache/Home/c046e8f09f5013e6f3f2c1812d54574b.php 第 232 行.
NOTIC: [8] Use of undefined constant under - assumed 'under' /data/wwwroot/default/wesave/App/Runtime/Cache/Home/c046e8f09f5013e6f3f2c1812d54574b.php 第 238 行.
NOTIC: [8] Undefined variable: method /data/wwwroot/default/wesave/App/Runtime/Cache/Home/c046e8f09f5013e6f3f2c1812d54574b.php 第 238 行.
NOTIC: [8] Use of undefined constant add - assumed 'add' /data/wwwroot/default/wesave/App/Runtime/Cache/Home/c046e8f09f5013e6f3f2c1812d54574b.php 第 244 行.
NOTIC: [8] Undefined variable: method /data/wwwroot/default/wesave/App/Runtime/Cache/Home/c046e8f09f5013e6f3f2c1812d54574b.php 第 244 行.
NOTIC: [8] Use of undefined constant custom - assumed 'custom' /data/wwwroot/default/wesave/App/Runtime/Cache/Home/c046e8f09f5013e6f3f2c1812d54574b.php 第 253 行.
NOTIC: [8] Undefined variable: ctrl /data/wwwroot/default/wesave/App/Runtime/Cache/Home/c046e8f09f5013e6f3f2c1812d54574b.php 第 253 行.
NOTIC: [8] Use of undefined constant order - assumed 'order' /data/wwwroot/default/wesave/App/Runtime/Cache/Home/c046e8f09f5013e6f3f2c1812d54574b.php 第 260 行.
NOTIC: [8] Undefined variable: method /data/wwwroot/default/wesave/App/Runtime/Cache/Home/c046e8f09f5013e6f3f2c1812d54574b.php 第 260 行.
NOTIC: [8] Use of undefined constant order - assumed 'order' /data/wwwroot/default/wesave/App/Runtime/Cache/Home/c046e8f09f5013e6f3f2c1812d54574b.php 第 266 行.
NOTIC: [8] Undefined variable: method /data/wwwroot/default/wesave/App/Runtime/Cache/Home/c046e8f09f5013e6f3f2c1812d54574b.php 第 266 行.
NOTIC: [8] Use of undefined constant admin - assumed 'admin' /data/wwwroot/default/wesave/App/Runtime/Cache/Home/c046e8f09f5013e6f3f2c1812d54574b.php 第 274 行.
NOTIC: [8] Undefined variable: ctrl /data/wwwroot/default/wesave/App/Runtime/Cache/Home/c046e8f09f5013e6f3f2c1812d54574b.php 第 274 行.
NOTIC: [8] Use of undefined constant admin_index - assumed 'admin_index' /data/wwwroot/default/wesave/App/Runtime/Cache/Home/c046e8f09f5013e6f3f2c1812d54574b.php 第 282 行.
NOTIC: [8] Undefined variable: method /data/wwwroot/default/wesave/App/Runtime/Cache/Home/c046e8f09f5013e6f3f2c1812d54574b.php 第 282 行.
NOTIC: [8] Use of undefined constant admin_sale - assumed 'admin_sale' /data/wwwroot/default/wesave/App/Runtime/Cache/Home/c046e8f09f5013e6f3f2c1812d54574b.php 第 288 行.
NOTIC: [8] Undefined variable: method /data/wwwroot/default/wesave/App/Runtime/Cache/Home/c046e8f09f5013e6f3f2c1812d54574b.php 第 288 行.
NOTIC: [8] Use of undefined constant admin_page - assumed 'admin_page' /data/wwwroot/default/wesave/App/Runtime/Cache/Home/c046e8f09f5013e6f3f2c1812d54574b.php 第 294 行.
NOTIC: [8] Undefined variable: method /data/wwwroot/default/wesave/App/Runtime/Cache/Home/c046e8f09f5013e6f3f2c1812d54574b.php 第 294 行.
NOTIC: [8] Use of undefined constant admin_pass - assumed 'admin_pass' /data/wwwroot/default/wesave/App/Runtime/Cache/Home/c046e8f09f5013e6f3f2c1812d54574b.php 第 300 行.
NOTIC: [8] Undefined variable: method /data/wwwroot/default/wesave/App/Runtime/Cache/Home/c046e8f09f5013e6f3f2c1812d54574b.php 第 300 行.
NOTIC: [8] Undefined variable: auth /data/wwwroot/default/wesave/App/Runtime/Cache/Home/c046e8f09f5013e6f3f2c1812d54574b.php 第 308 行.
NOTIC: [8] Use of undefined constant spread - assumed 'spread' /data/wwwroot/default/wesave/App/Runtime/Cache/Home/c046e8f09f5013e6f3f2c1812d54574b.php 第 340 行.
NOTIC: [8] Undefined variable: ctrl /data/wwwroot/default/wesave/App/Runtime/Cache/Home/c046e8f09f5013e6f3f2c1812d54574b.php 第 340 行.
NOTIC: [8] Use of undefined constant spread_index - assumed 'spread_index' /data/wwwroot/default/wesave/App/Runtime/Cache/Home/c046e8f09f5013e6f3f2c1812d54574b.php 第 349 行.
NOTIC: [8] Undefined variable: method /data/wwwroot/default/wesave/App/Runtime/Cache/Home/c046e8f09f5013e6f3f2c1812d54574b.php 第 349 行.
NOTIC: [8] Use of undefined constant spread_account - assumed 'spread_account' /data/wwwroot/default/wesave/App/Runtime/Cache/Home/c046e8f09f5013e6f3f2c1812d54574b.php 第 355 行.
NOTIC: [8] Undefined variable: method /data/wwwroot/default/wesave/App/Runtime/Cache/Home/c046e8f09f5013e6f3f2c1812d54574b.php 第 355 行.
NOTIC: [8] Use of undefined constant developer - assumed 'developer' /data/wwwroot/default/wesave/App/Runtime/Cache/Home/c046e8f09f5013e6f3f2c1812d54574b.php 第 363 行.
NOTIC: [8] Undefined variable: ctrl /data/wwwroot/default/wesave/App/Runtime/Cache/Home/c046e8f09f5013e6f3f2c1812d54574b.php 第 363 行.
NOTIC: [8] Use of undefined constant developer_ - assumed 'developer_' /data/wwwroot/default/wesave/App/Runtime/Cache/Home/c046e8f09f5013e6f3f2c1812d54574b.php 第 371 行.
NOTIC: [8] Undefined variable: method /data/wwwroot/default/wesave/App/Runtime/Cache/Home/c046e8f09f5013e6f3f2c1812d54574b.php 第 371 行.
NOTIC: [8] Use of undefined constant developer_api - assumed 'developer_api' /data/wwwroot/default/wesave/App/Runtime/Cache/Home/c046e8f09f5013e6f3f2c1812d54574b.php 第 377 行.
NOTIC: [8] Undefined variable: method /data/wwwroot/default/wesave/App/Runtime/Cache/Home/c046e8f09f5013e6f3f2c1812d54574b.php 第 377 行.
NOTIC: [8] Use of undefined constant developer_data - assumed 'developer_data' /data/wwwroot/default/wesave/App/Runtime/Cache/Home/c046e8f09f5013e6f3f2c1812d54574b.php 第 383 行.
NOTIC: [8] Undefined variable: method /data/wwwroot/default/wesave/App/Runtime/Cache/Home/c046e8f09f5013e6f3f2c1812d54574b.php 第 383 行.
NOTIC: [8] Use of undefined constant web - assumed 'web' /data/wwwroot/default/wesave/App/Runtime/Cache/Home/c046e8f09f5013e6f3f2c1812d54574b.php 第 391 行.
NOTIC: [8] Undefined variable: ctrl /data/wwwroot/default/wesave/App/Runtime/Cache/Home/c046e8f09f5013e6f3f2c1812d54574b.php 第 391 行.
INFO: Run Behavior\ParseTemplateBehavior [ RunTime:0.021606s ]
INFO: [ view_parse ] --END-- [ RunTime:0.021645s ]
INFO: [ view_filter ] --START--
INFO: Run Behavior\WriteHtmlCacheBehavior [ RunTime:0.000286s ]
INFO: [ view_filter ] --END-- [ RunTime:0.000312s ]
INFO: [ app_end ] --START--
INFO: Run Behavior\ShowPageTraceBehavior [ RunTime:0.000629s ]
INFO: [ app_end ] --END-- [ RunTime:0.000669s ]

