[ 2018-01-09T00:16:39+08:00 ] 125.39.45.236 /
INFO: [ app_init ] --START--
INFO: Run Behavior\BuildLiteBehavior [ RunTime:0.000008s ]
INFO: [ app_init ] --END-- [ RunTime:0.000070s ]
INFO: [ app_begin ] --START--
INFO: Run Behavior\ReadHtmlCacheBehavior [ RunTime:0.000048s ]
INFO: [ app_begin ] --END-- [ RunTime:0.000076s ]
INFO: [ view_parse ] --START--
INFO: [ template_filter ] --START--
INFO: Run Behavior\ContentReplaceBehavior [ RunTime:0.000157s ]
INFO: [ template_filter ] --END-- [ RunTime:0.000200s ]
NOTIC: [8] Undefined variable: index_count /data/wwwroot/default/wesave/App/Runtime/Cache/Home/c046e8f09f5013e6f3f2c1812d54574b.php 第 117 行.
NOTIC: [8] Undefined variable: new_count /data/wwwroot/default/wesave/App/Runtime/Cache/Home/c046e8f09f5013e6f3f2c1812d54574b.php 第 123 行.
NOTIC: [8] Undefined variable: username /data/wwwroot/default/wesave/App/Runtime/Cache/Home/c046e8f09f5013e6f3f2c1812d54574b.php 第 135 行.
NOTIC: [8] Use of undefined constant index - assumed 'index' /data/wwwroot/default/wesave/App/Runtime/Cache/Home/c046e8f09f5013e6f3f2c1812d54574b.php 第 213 行.
NOTIC: [8] Undefined variable: ctrl /data/wwwroot/default/wesave/App/Runtime/Cache/Home/c046e8f09f5013e6f3f2c1812d54574b.php 第 213 行.
NOTIC: [8] Use of undefined constant product - assumed 'product' /data/wwwroot/default/wesave/App/Runtime/Cache/Home/c046e8f09f5013e6f3f2c1812d54574b.php 第 219 行.
NOTIC: [8] Undefined variable: ctrl /data/wwwroot/default/wesave/App/Runtime/Cache/Home/c046e8f09f5013e6f3f2c1812d54574b.php 第 219 行.
NOTIC: [8] Use of undefined constant index - assumed 'index' /data/wwwroot/default/wesave/App/Runtime/Cache/Home/c046e8f09f5013e6f3f2c1812d54574b.php 第 226 行.
NOTIC: [8] Undefined variable: method /data/wwwroot/default/wesave/App/Runtime/Cache/Home/c046e8f09f5013e6f3f2c1812d54574b.php 第 226 行.
NOTIC: [8] Use of undefined constant on - assumed 'on' /data/wwwroot/default/wesave/App/Runtime/Cache/Home/c046e8f09f5013e6f3f2c1812d54574b.php 第 232 行.
NOTIC: [8] Undefined variable: method /data/wwwroot/default/wesave/App/Runtime/Cache/Home/c046e8f09f5013e6f3f2c1812d54574b.php 第 232 行.
NOTIC: [8] Use of undefined constant under - assumed 'under' /data/wwwroot/default/wesave/App/Runtime/Cache/Home/c046e8f09f5013e6f3f2c1812d54574b.php 第 238 行.
NOTIC: [8] Undefined variable: method /data/wwwroot/default/wesave/App/Runtime/Cache/Home/c046e8f09f5013e6f3f2c1812d54574b.php 第 238 行.
NOTIC: [8] Use of undefined constant add - assumed 'add' /data/wwwroot/default/wesave/App/Runtime/Cache/Home/c046e8f09f5013e6f3f2c1812d54574b.php 第 244 行.
NOTIC: [8] Undefined variable: method /data/wwwroot/default/wesave/App/Runtime/Cache/Home/c046e8f09f5013e6f3f2c1812d54574b.php 第 244 行.
NOTIC: [8] Use of undefined constant custom - assumed 'custom' /data/wwwroot/default/wesave/App/Runtime/Cache/Home/c046e8f09f5013e6f3f2c1812d54574b.php 第 253 行.
NOTIC: [8] Undefined variable: ctrl /data/wwwroot/default/wesave/App/Runtime/Cache/Home/c046e8f09f5013e6f3f2c1812d54574b.php 第 253 行.
NOTIC: [8] Use of undefined constant order - assumed 'order' /data/wwwroot/default/wesave/App/Runtime/Cache/Home/c046e8f09f5013e6f3f2c1812d54574b.php 第 260 行.
NOTIC: [8] Undefined variable: method /data/wwwroot/default/wesave/App/Runtime/Cache/Home/c046e8f09f5013e6f3f2c1812d54574b.php 第 260 行.
NOTIC: [8] Use of undefined constant order - assumed 'order' /data/wwwroot/default/wesave/App/Runtime/Cache/Home/c046e8f09f5013e6f3f2c1812d54574b.php 第 266 行.
NOTIC: [8] Undefined variable: method /data/wwwroot/default/wesave/App/Runtime/Cache/Home/c046e8f09f5013e6f3f2c1812d54574b.php 第 266 行.
NOTIC: [8] Use of undefined constant admin - assumed 'admin' /data/wwwroot/default/wesave/App/Runtime/Cache/Home/c046e8f09f5013e6f3f2c1812d54574b.php 第 274 行.
NOTIC: [8] Undefined variable: ctrl /data/wwwroot/default/wesave/App/Runtime/Cache/Home/c046e8f09f5013e6f3f2c1812d54574b.php 第 274 行.
NOTIC: [8] Use of undefined constant admin_index - assumed 'admin_index' /data/wwwroot/default/wesave/App/Runtime/Cache/Home/c046e8f09f5013e6f3f2c1812d54574b.php 第 282 行.
NOTIC: [8] Undefined variable: method /data/wwwroot/default/wesave/App/Runtime/Cache/Home/c046e8f09f5013e6f3f2c1812d54574b.php 第 282 行.
NOTIC: [8] Use of undefined constant admin_sale - assumed 'admin_sale' /data/wwwroot/default/wesave/App/Runtime/Cache/Home/c046e8f09f5013e6f3f2c1812d54574b.php 第 288 行.
NOTIC: [8] Undefined variable: method /data/wwwroot/default/wesave/App/Runtime/Cache/Home/c046e8f09f5013e6f3f2c1812d54574b.php 第 288 行.
NOTIC: [8] Use of undefined constant admin_page - assumed 'admin_page' /data/wwwroot/default/wesave/App/Runtime/Cache/Home/c046e8f09f5013e6f3f2c1812d54574b.php 第 294 行.
NOTIC: [8] Undefined variable: method /data/wwwroot/default/wesave/App/Runtime/Cache/Home/c046e8f09f5013e6f3f2c1812d54574b.php 第 294 行.
NOTIC: [8] Use of undefined constant admin_pass - assumed 'admin_pass' /data/wwwroot/default/wesave/App/Runtime/Cache/Home/c046e8f09f5013e6f3f2c1812d54574b.php 第 300 行.
NOTIC: [8] Undefined variable: method /data/wwwroot/default/wesave/App/Runtime/Cache/Home/c046e8f09f5013e6f3f2c1812d54574b.php 第 300 行.
NOTIC: [8] Undefined variable: auth /data/wwwroot/default/wesave/App/Runtime/Cache/Home/c046e8f09f5013e6f3f2c1812d54574b.php 第 308 行.
NOTIC: [8] Use of undefined constant spread - assumed 'spread' /data/wwwroot/default/wesave/App/Runtime/Cache/Home/c046e8f09f5013e6f3f2c1812d54574b.php 第 340 行.
NOTIC: [8] Undefined variable: ctrl /data/wwwroot/default/wesave/App/Runtime/Cache/Home/c046e8f09f5013e6f3f2c1812d54574b.php 第 340 行.
NOTIC: [8] Use of undefined constant spread_index - assumed 'spread_index' /data/wwwroot/default/wesave/App/Runtime/Cache/Home/c046e8f09f5013e6f3f2c1812d54574b.php 第 349 行.
NOTIC: [8] Undefined variable: method /data/wwwroot/default/wesave/App/Runtime/Cache/Home/c046e8f09f5013e6f3f2c1812d54574b.php 第 349 行.
NOTIC: [8] Use of undefined constant spread_account - assumed 'spread_account' /data/wwwroot/default/wesave/App/Runtime/Cache/Home/c046e8f09f5013e6f3f2c1812d54574b.php 第 355 行.
NOTIC: [8] Undefined variable: method /data/wwwroot/default/wesave/App/Runtime/Cache/Home/c046e8f09f5013e6f3f2c1812d54574b.php 第 355 行.
NOTIC: [8] Use of undefined constant developer - assumed 'developer' /data/wwwroot/default/wesave/App/Runtime/Cache/Home/c046e8f09f5013e6f3f2c1812d54574b.php 第 363 行.
NOTIC: [8] Undefined variable: ctrl /data/wwwroot/default/wesave/App/Runtime/Cache/Home/c046e8f09f5013e6f3f2c1812d54574b.php 第 363 行.
NOTIC: [8] Use of undefined constant developer_ - assumed 'developer_' /data/wwwroot/default/wesave/App/Runtime/Cache/Home/c046e8f09f5013e6f3f2c1812d54574b.php 第 371 行.
NOTIC: [8] Undefined variable: method /data/wwwroot/default/wesave/App/Runtime/Cache/Home/c046e8f09f5013e6f3f2c1812d54574b.php 第 371 行.
NOTIC: [8] Use of undefined constant developer_api - assumed 'developer_api' /data/wwwroot/default/wesave/App/Runtime/Cache/Home/c046e8f09f5013e6f3f2c1812d54574b.php 第 377 行.
NOTIC: [8] Undefined variable: method /data/wwwroot/default/wesave/App/Runtime/Cache/Home/c046e8f09f5013e6f3f2c1812d54574b.php 第 377 行.
NOTIC: [8] Use of undefined constant developer_data - assumed 'developer_data' /data/wwwroot/default/wesave/App/Runtime/Cache/Home/c046e8f09f5013e6f3f2c1812d54574b.php 第 383 行.
NOTIC: [8] Undefined variable: method /data/wwwroot/default/wesave/App/Runtime/Cache/Home/c046e8f09f5013e6f3f2c1812d54574b.php 第 383 行.
NOTIC: [8] Use of undefined constant web - assumed 'web' /data/wwwroot/default/wesave/App/Runtime/Cache/Home/c046e8f09f5013e6f3f2c1812d54574b.php 第 391 行.
NOTIC: [8] Undefined variable: ctrl /data/wwwroot/default/wesave/App/Runtime/Cache/Home/c046e8f09f5013e6f3f2c1812d54574b.php 第 391 行.
INFO: Run Behavior\ParseTemplateBehavior [ RunTime:0.018213s ]
INFO: [ view_parse ] --END-- [ RunTime:0.018241s ]
INFO: [ view_filter ] --START--
INFO: Run Behavior\WriteHtmlCacheBehavior [ RunTime:0.000059s ]
INFO: [ view_filter ] --END-- [ RunTime:0.000080s ]
INFO: [ app_end ] --START--
INFO: Run Behavior\ShowPageTraceBehavior [ RunTime:0.000073s ]
INFO: [ app_end ] --END-- [ RunTime:0.000128s ]

[ 2018-01-09T00:34:51+08:00 ] 111.30.142.233 /
INFO: [ app_init ] --START--
INFO: Run Behavior\BuildLiteBehavior [ RunTime:0.000011s ]
INFO: [ app_init ] --END-- [ RunTime:0.000092s ]
INFO: [ app_begin ] --START--
INFO: Run Behavior\ReadHtmlCacheBehavior [ RunTime:0.000065s ]
INFO: [ app_begin ] --END-- [ RunTime:0.000095s ]
INFO: [ view_parse ] --START--
INFO: [ template_filter ] --START--
INFO: Run Behavior\ContentReplaceBehavior [ RunTime:0.000158s ]
INFO: [ template_filter ] --END-- [ RunTime:0.000192s ]
NOTIC: [8] Undefined variable: index_count /data/wwwroot/default/wesave/App/Runtime/Cache/Home/c046e8f09f5013e6f3f2c1812d54574b.php 第 117 行.
NOTIC: [8] Undefined variable: new_count /data/wwwroot/default/wesave/App/Runtime/Cache/Home/c046e8f09f5013e6f3f2c1812d54574b.php 第 123 行.
NOTIC: [8] Undefined variable: username /data/wwwroot/default/wesave/App/Runtime/Cache/Home/c046e8f09f5013e6f3f2c1812d54574b.php 第 135 行.
NOTIC: [8] Use of undefined constant index - assumed 'index' /data/wwwroot/default/wesave/App/Runtime/Cache/Home/c046e8f09f5013e6f3f2c1812d54574b.php 第 213 行.
NOTIC: [8] Undefined variable: ctrl /data/wwwroot/default/wesave/App/Runtime/Cache/Home/c046e8f09f5013e6f3f2c1812d54574b.php 第 213 行.
NOTIC: [8] Use of undefined constant product - assumed 'product' /data/wwwroot/default/wesave/App/Runtime/Cache/Home/c046e8f09f5013e6f3f2c1812d54574b.php 第 219 行.
NOTIC: [8] Undefined variable: ctrl /data/wwwroot/default/wesave/App/Runtime/Cache/Home/c046e8f09f5013e6f3f2c1812d54574b.php 第 219 行.
NOTIC: [8] Use of undefined constant index - assumed 'index' /data/wwwroot/default/wesave/App/Runtime/Cache/Home/c046e8f09f5013e6f3f2c1812d54574b.php 第 226 行.
NOTIC: [8] Undefined variable: method /data/wwwroot/default/wesave/App/Runtime/Cache/Home/c046e8f09f5013e6f3f2c1812d54574b.php 第 226 行.
NOTIC: [8] Use of undefined constant on - assumed 'on' /data/wwwroot/default/wesave/App/Runtime/Cache/Home/c046e8f09f5013e6f3f2c1812d54574b.php 第 232 行.
NOTIC: [8] Undefined variable: method /data/wwwroot/default/wesave/App/Runtime/Cache/Home/c046e8f09f5013e6f3f2c1812d54574b.php 第 232 行.
NOTIC: [8] Use of undefined constant under - assumed 'under' /data/wwwroot/default/wesave/App/Runtime/Cache/Home/c046e8f09f5013e6f3f2c1812d54574b.php 第 238 行.
NOTIC: [8] Undefined variable: method /data/wwwroot/default/wesave/App/Runtime/Cache/Home/c046e8f09f5013e6f3f2c1812d54574b.php 第 238 行.
NOTIC: [8] Use of undefined constant add - assumed 'add' /data/wwwroot/default/wesave/App/Runtime/Cache/Home/c046e8f09f5013e6f3f2c1812d54574b.php 第 244 行.
NOTIC: [8] Undefined variable: method /data/wwwroot/default/wesave/App/Runtime/Cache/Home/c046e8f09f5013e6f3f2c1812d54574b.php 第 244 行.
NOTIC: [8] Use of undefined constant custom - assumed 'custom' /data/wwwroot/default/wesave/App/Runtime/Cache/Home/c046e8f09f5013e6f3f2c1812d54574b.php 第 253 行.
NOTIC: [8] Undefined variable: ctrl /data/wwwroot/default/wesave/App/Runtime/Cache/Home/c046e8f09f5013e6f3f2c1812d54574b.php 第 253 行.
NOTIC: [8] Use of undefined constant order - assumed 'order' /data/wwwroot/default/wesave/App/Runtime/Cache/Home/c046e8f09f5013e6f3f2c1812d54574b.php 第 260 行.
NOTIC: [8] Undefined variable: method /data/wwwroot/default/wesave/App/Runtime/Cache/Home/c046e8f09f5013e6f3f2c1812d54574b.php 第 260 行.
NOTIC: [8] Use of undefined constant order - assumed 'order' /data/wwwroot/default/wesave/App/Runtime/Cache/Home/c046e8f09f5013e6f3f2c1812d54574b.php 第 266 行.
NOTIC: [8] Undefined variable: method /data/wwwroot/default/wesave/App/Runtime/Cache/Home/c046e8f09f5013e6f3f2c1812d54574b.php 第 266 行.
NOTIC: [8] Use of undefined constant admin - assumed 'admin' /data/wwwroot/default/wesave/App/Runtime/Cache/Home/c046e8f09f5013e6f3f2c1812d54574b.php 第 274 行.
NOTIC: [8] Undefined variable: ctrl /data/wwwroot/default/wesave/App/Runtime/Cache/Home/c046e8f09f5013e6f3f2c1812d54574b.php 第 274 行.
NOTIC: [8] Use of undefined constant admin_index - assumed 'admin_index' /data/wwwroot/default/wesave/App/Runtime/Cache/Home/c046e8f09f5013e6f3f2c1812d54574b.php 第 282 行.
NOTIC: [8] Undefined variable: method /data/wwwroot/default/wesave/App/Runtime/Cache/Home/c046e8f09f5013e6f3f2c1812d54574b.php 第 282 行.
NOTIC: [8] Use of undefined constant admin_sale - assumed 'admin_sale' /data/wwwroot/default/wesave/App/Runtime/Cache/Home/c046e8f09f5013e6f3f2c1812d54574b.php 第 288 行.
NOTIC: [8] Undefined variable: method /data/wwwroot/default/wesave/App/Runtime/Cache/Home/c046e8f09f5013e6f3f2c1812d54574b.php 第 288 行.
NOTIC: [8] Use of undefined constant admin_page - assumed 'admin_page' /data/wwwroot/default/wesave/App/Runtime/Cache/Home/c046e8f09f5013e6f3f2c1812d54574b.php 第 294 行.
NOTIC: [8] Undefined variable: method /data/wwwroot/default/wesave/App/Runtime/Cache/Home/c046e8f09f5013e6f3f2c1812d54574b.php 第 294 行.
NOTIC: [8] Use of undefined constant admin_pass - assumed 'admin_pass' /data/wwwroot/default/wesave/App/Runtime/Cache/Home/c046e8f09f5013e6f3f2c1812d54574b.php 第 300 行.
NOTIC: [8] Undefined variable: method /data/wwwroot/default/wesave/App/Runtime/Cache/Home/c046e8f09f5013e6f3f2c1812d54574b.php 第 300 行.
NOTIC: [8] Undefined variable: auth /data/wwwroot/default/wesave/App/Runtime/Cache/Home/c046e8f09f5013e6f3f2c1812d54574b.php 第 308 行.
NOTIC: [8] Use of undefined constant spread - assumed 'spread' /data/wwwroot/default/wesave/App/Runtime/Cache/Home/c046e8f09f5013e6f3f2c1812d54574b.php 第 340 行.
NOTIC: [8] Undefined variable: ctrl /data/wwwroot/default/wesave/App/Runtime/Cache/Home/c046e8f09f5013e6f3f2c1812d54574b.php 第 340 行.
NOTIC: [8] Use of undefined constant spread_index - assumed 'spread_index' /data/wwwroot/default/wesave/App/Runtime/Cache/Home/c046e8f09f5013e6f3f2c1812d54574b.php 第 349 行.
NOTIC: [8] Undefined variable: method /data/wwwroot/default/wesave/App/Runtime/Cache/Home/c046e8f09f5013e6f3f2c1812d54574b.php 第 349 行.
NOTIC: [8] Use of undefined constant spread_account - assumed 'spread_account' /data/wwwroot/default/wesave/App/Runtime/Cache/Home/c046e8f09f5013e6f3f2c1812d54574b.php 第 355 行.
NOTIC: [8] Undefined variable: method /data/wwwroot/default/wesave/App/Runtime/Cache/Home/c046e8f09f5013e6f3f2c1812d54574b.php 第 355 行.
NOTIC: [8] Use of undefined constant developer - assumed 'developer' /data/wwwroot/default/wesave/App/Runtime/Cache/Home/c046e8f09f5013e6f3f2c1812d54574b.php 第 363 行.
NOTIC: [8] Undefined variable: ctrl /data/wwwroot/default/wesave/App/Runtime/Cache/Home/c046e8f09f5013e6f3f2c1812d54574b.php 第 363 行.
NOTIC: [8] Use of undefined constant developer_ - assumed 'developer_' /data/wwwroot/default/wesave/App/Runtime/Cache/Home/c046e8f09f5013e6f3f2c1812d54574b.php 第 371 行.
NOTIC: [8] Undefined variable: method /data/wwwroot/default/wesave/App/Runtime/Cache/Home/c046e8f09f5013e6f3f2c1812d54574b.php 第 371 行.
NOTIC: [8] Use of undefined constant developer_api - assumed 'developer_api' /data/wwwroot/default/wesave/App/Runtime/Cache/Home/c046e8f09f5013e6f3f2c1812d54574b.php 第 377 行.
NOTIC: [8] Undefined variable: method /data/wwwroot/default/wesave/App/Runtime/Cache/Home/c046e8f09f5013e6f3f2c1812d54574b.php 第 377 行.
NOTIC: [8] Use of undefined constant developer_data - assumed 'developer_data' /data/wwwroot/default/wesave/App/Runtime/Cache/Home/c046e8f09f5013e6f3f2c1812d54574b.php 第 383 行.
NOTIC: [8] Undefined variable: method /data/wwwroot/default/wesave/App/Runtime/Cache/Home/c046e8f09f5013e6f3f2c1812d54574b.php 第 383 行.
NOTIC: [8] Use of undefined constant web - assumed 'web' /data/wwwroot/default/wesave/App/Runtime/Cache/Home/c046e8f09f5013e6f3f2c1812d54574b.php 第 391 行.
NOTIC: [8] Undefined variable: ctrl /data/wwwroot/default/wesave/App/Runtime/Cache/Home/c046e8f09f5013e6f3f2c1812d54574b.php 第 391 行.
INFO: Run Behavior\ParseTemplateBehavior [ RunTime:0.019219s ]
INFO: [ view_parse ] --END-- [ RunTime:0.019248s ]
INFO: [ view_filter ] --START--
INFO: Run Behavior\WriteHtmlCacheBehavior [ RunTime:0.000053s ]
INFO: [ view_filter ] --END-- [ RunTime:0.000074s ]
INFO: [ app_end ] --START--
INFO: Run Behavior\ShowPageTraceBehavior [ RunTime:0.000083s ]
INFO: [ app_end ] --END-- [ RunTime:0.000117s ]

[ 2018-01-09T12:46:07+08:00 ] 58.246.221.73 /
INFO: [ app_init ] --START--
INFO: Run Behavior\BuildLiteBehavior [ RunTime:0.000009s ]
INFO: [ app_init ] --END-- [ RunTime:0.000070s ]
INFO: [ app_begin ] --START--
INFO: Run Behavior\ReadHtmlCacheBehavior [ RunTime:0.000063s ]
INFO: [ app_begin ] --END-- [ RunTime:0.000094s ]
INFO: [ view_parse ] --START--
INFO: [ template_filter ] --START--
INFO: Run Behavior\ContentReplaceBehavior [ RunTime:0.000171s ]
INFO: [ template_filter ] --END-- [ RunTime:0.000237s ]
NOTIC: [8] Undefined variable: index_count /data/wwwroot/default/wesave/App/Runtime/Cache/Home/c046e8f09f5013e6f3f2c1812d54574b.php 第 117 行.
NOTIC: [8] Undefined variable: new_count /data/wwwroot/default/wesave/App/Runtime/Cache/Home/c046e8f09f5013e6f3f2c1812d54574b.php 第 123 行.
NOTIC: [8] Undefined variable: username /data/wwwroot/default/wesave/App/Runtime/Cache/Home/c046e8f09f5013e6f3f2c1812d54574b.php 第 135 行.
NOTIC: [8] Use of undefined constant index - assumed 'index' /data/wwwroot/default/wesave/App/Runtime/Cache/Home/c046e8f09f5013e6f3f2c1812d54574b.php 第 213 行.
NOTIC: [8] Undefined variable: ctrl /data/wwwroot/default/wesave/App/Runtime/Cache/Home/c046e8f09f5013e6f3f2c1812d54574b.php 第 213 行.
NOTIC: [8] Use of undefined constant product - assumed 'product' /data/wwwroot/default/wesave/App/Runtime/Cache/Home/c046e8f09f5013e6f3f2c1812d54574b.php 第 219 行.
NOTIC: [8] Undefined variable: ctrl /data/wwwroot/default/wesave/App/Runtime/Cache/Home/c046e8f09f5013e6f3f2c1812d54574b.php 第 219 行.
NOTIC: [8] Use of undefined constant index - assumed 'index' /data/wwwroot/default/wesave/App/Runtime/Cache/Home/c046e8f09f5013e6f3f2c1812d54574b.php 第 226 行.
NOTIC: [8] Undefined variable: method /data/wwwroot/default/wesave/App/Runtime/Cache/Home/c046e8f09f5013e6f3f2c1812d54574b.php 第 226 行.
NOTIC: [8] Use of undefined constant on - assumed 'on' /data/wwwroot/default/wesave/App/Runtime/Cache/Home/c046e8f09f5013e6f3f2c1812d54574b.php 第 232 行.
NOTIC: [8] Undefined variable: method /data/wwwroot/default/wesave/App/Runtime/Cache/Home/c046e8f09f5013e6f3f2c1812d54574b.php 第 232 行.
NOTIC: [8] Use of undefined constant under - assumed 'under' /data/wwwroot/default/wesave/App/Runtime/Cache/Home/c046e8f09f5013e6f3f2c1812d54574b.php 第 238 行.
NOTIC: [8] Undefined variable: method /data/wwwroot/default/wesave/App/Runtime/Cache/Home/c046e8f09f5013e6f3f2c1812d54574b.php 第 238 行.
NOTIC: [8] Use of undefined constant add - assumed 'add' /data/wwwroot/default/wesave/App/Runtime/Cache/Home/c046e8f09f5013e6f3f2c1812d54574b.php 第 244 行.
NOTIC: [8] Undefined variable: method /data/wwwroot/default/wesave/App/Runtime/Cache/Home/c046e8f09f5013e6f3f2c1812d54574b.php 第 244 行.
NOTIC: [8] Use of undefined constant custom - assumed 'custom' /data/wwwroot/default/wesave/App/Runtime/Cache/Home/c046e8f09f5013e6f3f2c1812d54574b.php 第 253 行.
NOTIC: [8] Undefined variable: ctrl /data/wwwroot/default/wesave/App/Runtime/Cache/Home/c046e8f09f5013e6f3f2c1812d54574b.php 第 253 行.
NOTIC: [8] Use of undefined constant order - assumed 'order' /data/wwwroot/default/wesave/App/Runtime/Cache/Home/c046e8f09f5013e6f3f2c1812d54574b.php 第 260 行.
NOTIC: [8] Undefined variable: method /data/wwwroot/default/wesave/App/Runtime/Cache/Home/c046e8f09f5013e6f3f2c1812d54574b.php 第 260 行.
NOTIC: [8] Use of undefined constant order - assumed 'order' /data/wwwroot/default/wesave/App/Runtime/Cache/Home/c046e8f09f5013e6f3f2c1812d54574b.php 第 266 行.
NOTIC: [8] Undefined variable: method /data/wwwroot/default/wesave/App/Runtime/Cache/Home/c046e8f09f5013e6f3f2c1812d54574b.php 第 266 行.
NOTIC: [8] Use of undefined constant admin - assumed 'admin' /data/wwwroot/default/wesave/App/Runtime/Cache/Home/c046e8f09f5013e6f3f2c1812d54574b.php 第 274 行.
NOTIC: [8] Undefined variable: ctrl /data/wwwroot/default/wesave/App/Runtime/Cache/Home/c046e8f09f5013e6f3f2c1812d54574b.php 第 274 行.
NOTIC: [8] Use of undefined constant admin_index - assumed 'admin_index' /data/wwwroot/default/wesave/App/Runtime/Cache/Home/c046e8f09f5013e6f3f2c1812d54574b.php 第 282 行.
NOTIC: [8] Undefined variable: method /data/wwwroot/default/wesave/App/Runtime/Cache/Home/c046e8f09f5013e6f3f2c1812d54574b.php 第 282 行.
NOTIC: [8] Use of undefined constant admin_sale - assumed 'admin_sale' /data/wwwroot/default/wesave/App/Runtime/Cache/Home/c046e8f09f5013e6f3f2c1812d54574b.php 第 288 行.
NOTIC: [8] Undefined variable: method /data/wwwroot/default/wesave/App/Runtime/Cache/Home/c046e8f09f5013e6f3f2c1812d54574b.php 第 288 行.
NOTIC: [8] Use of undefined constant admin_page - assumed 'admin_page' /data/wwwroot/default/wesave/App/Runtime/Cache/Home/c046e8f09f5013e6f3f2c1812d54574b.php 第 294 行.
NOTIC: [8] Undefined variable: method /data/wwwroot/default/wesave/App/Runtime/Cache/Home/c046e8f09f5013e6f3f2c1812d54574b.php 第 294 行.
NOTIC: [8] Use of undefined constant admin_pass - assumed 'admin_pass' /data/wwwroot/default/wesave/App/Runtime/Cache/Home/c046e8f09f5013e6f3f2c1812d54574b.php 第 300 行.
NOTIC: [8] Undefined variable: method /data/wwwroot/default/wesave/App/Runtime/Cache/Home/c046e8f09f5013e6f3f2c1812d54574b.php 第 300 行.
NOTIC: [8] Undefined variable: auth /data/wwwroot/default/wesave/App/Runtime/Cache/Home/c046e8f09f5013e6f3f2c1812d54574b.php 第 308 行.
NOTIC: [8] Use of undefined constant spread - assumed 'spread' /data/wwwroot/default/wesave/App/Runtime/Cache/Home/c046e8f09f5013e6f3f2c1812d54574b.php 第 340 行.
NOTIC: [8] Undefined variable: ctrl /data/wwwroot/default/wesave/App/Runtime/Cache/Home/c046e8f09f5013e6f3f2c1812d54574b.php 第 340 行.
NOTIC: [8] Use of undefined constant spread_index - assumed 'spread_index' /data/wwwroot/default/wesave/App/Runtime/Cache/Home/c046e8f09f5013e6f3f2c1812d54574b.php 第 349 行.
NOTIC: [8] Undefined variable: method /data/wwwroot/default/wesave/App/Runtime/Cache/Home/c046e8f09f5013e6f3f2c1812d54574b.php 第 349 行.
NOTIC: [8] Use of undefined constant spread_account - assumed 'spread_account' /data/wwwroot/default/wesave/App/Runtime/Cache/Home/c046e8f09f5013e6f3f2c1812d54574b.php 第 355 行.
NOTIC: [8] Undefined variable: method /data/wwwroot/default/wesave/App/Runtime/Cache/Home/c046e8f09f5013e6f3f2c1812d54574b.php 第 355 行.
NOTIC: [8] Use of undefined constant developer - assumed 'developer' /data/wwwroot/default/wesave/App/Runtime/Cache/Home/c046e8f09f5013e6f3f2c1812d54574b.php 第 363 行.
NOTIC: [8] Undefined variable: ctrl /data/wwwroot/default/wesave/App/Runtime/Cache/Home/c046e8f09f5013e6f3f2c1812d54574b.php 第 363 行.
NOTIC: [8] Use of undefined constant developer_ - assumed 'developer_' /data/wwwroot/default/wesave/App/Runtime/Cache/Home/c046e8f09f5013e6f3f2c1812d54574b.php 第 371 行.
NOTIC: [8] Undefined variable: method /data/wwwroot/default/wesave/App/Runtime/Cache/Home/c046e8f09f5013e6f3f2c1812d54574b.php 第 371 行.
NOTIC: [8] Use of undefined constant developer_api - assumed 'developer_api' /data/wwwroot/default/wesave/App/Runtime/Cache/Home/c046e8f09f5013e6f3f2c1812d54574b.php 第 377 行.
NOTIC: [8] Undefined variable: method /data/wwwroot/default/wesave/App/Runtime/Cache/Home/c046e8f09f5013e6f3f2c1812d54574b.php 第 377 行.
NOTIC: [8] Use of undefined constant developer_data - assumed 'developer_data' /data/wwwroot/default/wesave/App/Runtime/Cache/Home/c046e8f09f5013e6f3f2c1812d54574b.php 第 383 行.
NOTIC: [8] Undefined variable: method /data/wwwroot/default/wesave/App/Runtime/Cache/Home/c046e8f09f5013e6f3f2c1812d54574b.php 第 383 行.
NOTIC: [8] Use of undefined constant web - assumed 'web' /data/wwwroot/default/wesave/App/Runtime/Cache/Home/c046e8f09f5013e6f3f2c1812d54574b.php 第 391 行.
NOTIC: [8] Undefined variable: ctrl /data/wwwroot/default/wesave/App/Runtime/Cache/Home/c046e8f09f5013e6f3f2c1812d54574b.php 第 391 行.
INFO: Run Behavior\ParseTemplateBehavior [ RunTime:0.040929s ]
INFO: [ view_parse ] --END-- [ RunTime:0.040956s ]
INFO: [ view_filter ] --START--
INFO: Run Behavior\WriteHtmlCacheBehavior [ RunTime:0.000061s ]
INFO: [ view_filter ] --END-- [ RunTime:0.000081s ]
INFO: [ app_end ] --START--
INFO: Run Behavior\ShowPageTraceBehavior [ RunTime:0.000064s ]
INFO: [ app_end ] --END-- [ RunTime:0.000099s ]

[ 2018-01-09T12:46:07+08:00 ] 61.129.10.43 /
INFO: [ app_init ] --START--
INFO: Run Behavior\BuildLiteBehavior [ RunTime:0.000016s ]
INFO: [ app_init ] --END-- [ RunTime:0.000135s ]
INFO: [ app_begin ] --START--
INFO: Run Behavior\ReadHtmlCacheBehavior [ RunTime:0.000054s ]
INFO: [ app_begin ] --END-- [ RunTime:0.000084s ]
INFO: [ view_parse ] --START--
INFO: [ template_filter ] --START--
INFO: Run Behavior\ContentReplaceBehavior [ RunTime:0.000159s ]
INFO: [ template_filter ] --END-- [ RunTime:0.000194s ]
NOTIC: [8] Undefined variable: index_count /data/wwwroot/default/wesave/App/Runtime/Cache/Home/c046e8f09f5013e6f3f2c1812d54574b.php 第 117 行.
NOTIC: [8] Undefined variable: new_count /data/wwwroot/default/wesave/App/Runtime/Cache/Home/c046e8f09f5013e6f3f2c1812d54574b.php 第 123 行.
NOTIC: [8] Undefined variable: username /data/wwwroot/default/wesave/App/Runtime/Cache/Home/c046e8f09f5013e6f3f2c1812d54574b.php 第 135 行.
NOTIC: [8] Use of undefined constant index - assumed 'index' /data/wwwroot/default/wesave/App/Runtime/Cache/Home/c046e8f09f5013e6f3f2c1812d54574b.php 第 213 行.
NOTIC: [8] Undefined variable: ctrl /data/wwwroot/default/wesave/App/Runtime/Cache/Home/c046e8f09f5013e6f3f2c1812d54574b.php 第 213 行.
NOTIC: [8] Use of undefined constant product - assumed 'product' /data/wwwroot/default/wesave/App/Runtime/Cache/Home/c046e8f09f5013e6f3f2c1812d54574b.php 第 219 行.
NOTIC: [8] Undefined variable: ctrl /data/wwwroot/default/wesave/App/Runtime/Cache/Home/c046e8f09f5013e6f3f2c1812d54574b.php 第 219 行.
NOTIC: [8] Use of undefined constant index - assumed 'index' /data/wwwroot/default/wesave/App/Runtime/Cache/Home/c046e8f09f5013e6f3f2c1812d54574b.php 第 226 行.
NOTIC: [8] Undefined variable: method /data/wwwroot/default/wesave/App/Runtime/Cache/Home/c046e8f09f5013e6f3f2c1812d54574b.php 第 226 行.
NOTIC: [8] Use of undefined constant on - assumed 'on' /data/wwwroot/default/wesave/App/Runtime/Cache/Home/c046e8f09f5013e6f3f2c1812d54574b.php 第 232 行.
NOTIC: [8] Undefined variable: method /data/wwwroot/default/wesave/App/Runtime/Cache/Home/c046e8f09f5013e6f3f2c1812d54574b.php 第 232 行.
NOTIC: [8] Use of undefined constant under - assumed 'under' /data/wwwroot/default/wesave/App/Runtime/Cache/Home/c046e8f09f5013e6f3f2c1812d54574b.php 第 238 行.
NOTIC: [8] Undefined variable: method /data/wwwroot/default/wesave/App/Runtime/Cache/Home/c046e8f09f5013e6f3f2c1812d54574b.php 第 238 行.
NOTIC: [8] Use of undefined constant add - assumed 'add' /data/wwwroot/default/wesave/App/Runtime/Cache/Home/c046e8f09f5013e6f3f2c1812d54574b.php 第 244 行.
NOTIC: [8] Undefined variable: method /data/wwwroot/default/wesave/App/Runtime/Cache/Home/c046e8f09f5013e6f3f2c1812d54574b.php 第 244 行.
NOTIC: [8] Use of undefined constant custom - assumed 'custom' /data/wwwroot/default/wesave/App/Runtime/Cache/Home/c046e8f09f5013e6f3f2c1812d54574b.php 第 253 行.
NOTIC: [8] Undefined variable: ctrl /data/wwwroot/default/wesave/App/Runtime/Cache/Home/c046e8f09f5013e6f3f2c1812d54574b.php 第 253 行.
NOTIC: [8] Use of undefined constant order - assumed 'order' /data/wwwroot/default/wesave/App/Runtime/Cache/Home/c046e8f09f5013e6f3f2c1812d54574b.php 第 260 行.
NOTIC: [8] Undefined variable: method /data/wwwroot/default/wesave/App/Runtime/Cache/Home/c046e8f09f5013e6f3f2c1812d54574b.php 第 260 行.
NOTIC: [8] Use of undefined constant order - assumed 'order' /data/wwwroot/default/wesave/App/Runtime/Cache/Home/c046e8f09f5013e6f3f2c1812d54574b.php 第 266 行.
NOTIC: [8] Undefined variable: method /data/wwwroot/default/wesave/App/Runtime/Cache/Home/c046e8f09f5013e6f3f2c1812d54574b.php 第 266 行.
NOTIC: [8] Use of undefined constant admin - assumed 'admin' /data/wwwroot/default/wesave/App/Runtime/Cache/Home/c046e8f09f5013e6f3f2c1812d54574b.php 第 274 行.
NOTIC: [8] Undefined variable: ctrl /data/wwwroot/default/wesave/App/Runtime/Cache/Home/c046e8f09f5013e6f3f2c1812d54574b.php 第 274 行.
NOTIC: [8] Use of undefined constant admin_index - assumed 'admin_index' /data/wwwroot/default/wesave/App/Runtime/Cache/Home/c046e8f09f5013e6f3f2c1812d54574b.php 第 282 行.
NOTIC: [8] Undefined variable: method /data/wwwroot/default/wesave/App/Runtime/Cache/Home/c046e8f09f5013e6f3f2c1812d54574b.php 第 282 行.
NOTIC: [8] Use of undefined constant admin_sale - assumed 'admin_sale' /data/wwwroot/default/wesave/App/Runtime/Cache/Home/c046e8f09f5013e6f3f2c1812d54574b.php 第 288 行.
NOTIC: [8] Undefined variable: method /data/wwwroot/default/wesave/App/Runtime/Cache/Home/c046e8f09f5013e6f3f2c1812d54574b.php 第 288 行.
NOTIC: [8] Use of undefined constant admin_page - assumed 'admin_page' /data/wwwroot/default/wesave/App/Runtime/Cache/Home/c046e8f09f5013e6f3f2c1812d54574b.php 第 294 行.
NOTIC: [8] Undefined variable: method /data/wwwroot/default/wesave/App/Runtime/Cache/Home/c046e8f09f5013e6f3f2c1812d54574b.php 第 294 行.
NOTIC: [8] Use of undefined constant admin_pass - assumed 'admin_pass' /data/wwwroot/default/wesave/App/Runtime/Cache/Home/c046e8f09f5013e6f3f2c1812d54574b.php 第 300 行.
NOTIC: [8] Undefined variable: method /data/wwwroot/default/wesave/App/Runtime/Cache/Home/c046e8f09f5013e6f3f2c1812d54574b.php 第 300 行.
NOTIC: [8] Undefined variable: auth /data/wwwroot/default/wesave/App/Runtime/Cache/Home/c046e8f09f5013e6f3f2c1812d54574b.php 第 308 行.
NOTIC: [8] Use of undefined constant spread - assumed 'spread' /data/wwwroot/default/wesave/App/Runtime/Cache/Home/c046e8f09f5013e6f3f2c1812d54574b.php 第 340 行.
NOTIC: [8] Undefined variable: ctrl /data/wwwroot/default/wesave/App/Runtime/Cache/Home/c046e8f09f5013e6f3f2c1812d54574b.php 第 340 行.
NOTIC: [8] Use of undefined constant spread_index - assumed 'spread_index' /data/wwwroot/default/wesave/App/Runtime/Cache/Home/c046e8f09f5013e6f3f2c1812d54574b.php 第 349 行.
NOTIC: [8] Undefined variable: method /data/wwwroot/default/wesave/App/Runtime/Cache/Home/c046e8f09f5013e6f3f2c1812d54574b.php 第 349 行.
NOTIC: [8] Use of undefined constant spread_account - assumed 'spread_account' /data/wwwroot/default/wesave/App/Runtime/Cache/Home/c046e8f09f5013e6f3f2c1812d54574b.php 第 355 行.
NOTIC: [8] Undefined variable: method /data/wwwroot/default/wesave/App/Runtime/Cache/Home/c046e8f09f5013e6f3f2c1812d54574b.php 第 355 行.
NOTIC: [8] Use of undefined constant developer - assumed 'developer' /data/wwwroot/default/wesave/App/Runtime/Cache/Home/c046e8f09f5013e6f3f2c1812d54574b.php 第 363 行.
NOTIC: [8] Undefined variable: ctrl /data/wwwroot/default/wesave/App/Runtime/Cache/Home/c046e8f09f5013e6f3f2c1812d54574b.php 第 363 行.
NOTIC: [8] Use of undefined constant developer_ - assumed 'developer_' /data/wwwroot/default/wesave/App/Runtime/Cache/Home/c046e8f09f5013e6f3f2c1812d54574b.php 第 371 行.
NOTIC: [8] Undefined variable: method /data/wwwroot/default/wesave/App/Runtime/Cache/Home/c046e8f09f5013e6f3f2c1812d54574b.php 第 371 行.
NOTIC: [8] Use of undefined constant developer_api - assumed 'developer_api' /data/wwwroot/default/wesave/App/Runtime/Cache/Home/c046e8f09f5013e6f3f2c1812d54574b.php 第 377 行.
NOTIC: [8] Undefined variable: method /data/wwwroot/default/wesave/App/Runtime/Cache/Home/c046e8f09f5013e6f3f2c1812d54574b.php 第 377 行.
NOTIC: [8] Use of undefined constant developer_data - assumed 'developer_data' /data/wwwroot/default/wesave/App/Runtime/Cache/Home/c046e8f09f5013e6f3f2c1812d54574b.php 第 383 行.
NOTIC: [8] Undefined variable: method /data/wwwroot/default/wesave/App/Runtime/Cache/Home/c046e8f09f5013e6f3f2c1812d54574b.php 第 383 行.
NOTIC: [8] Use of undefined constant web - assumed 'web' /data/wwwroot/default/wesave/App/Runtime/Cache/Home/c046e8f09f5013e6f3f2c1812d54574b.php 第 391 行.
NOTIC: [8] Undefined variable: ctrl /data/wwwroot/default/wesave/App/Runtime/Cache/Home/c046e8f09f5013e6f3f2c1812d54574b.php 第 391 行.
INFO: Run Behavior\ParseTemplateBehavior [ RunTime:0.043926s ]
INFO: [ view_parse ] --END-- [ RunTime:0.043963s ]
INFO: [ view_filter ] --START--
INFO: Run Behavior\WriteHtmlCacheBehavior [ RunTime:0.000053s ]
INFO: [ view_filter ] --END-- [ RunTime:0.000075s ]
INFO: [ app_end ] --START--
INFO: Run Behavior\ShowPageTraceBehavior [ RunTime:0.000061s ]
INFO: [ app_end ] --END-- [ RunTime:0.000098s ]

[ 2018-01-09T13:29:06+08:00 ] 101.226.225.85 /
INFO: [ app_init ] --START--
INFO: Run Behavior\BuildLiteBehavior [ RunTime:0.000011s ]
INFO: [ app_init ] --END-- [ RunTime:0.000098s ]
INFO: [ app_begin ] --START--
INFO: Run Behavior\ReadHtmlCacheBehavior [ RunTime:0.000053s ]
INFO: [ app_begin ] --END-- [ RunTime:0.000086s ]
INFO: [ view_parse ] --START--
INFO: [ template_filter ] --START--
INFO: Run Behavior\ContentReplaceBehavior [ RunTime:0.000148s ]
INFO: [ template_filter ] --END-- [ RunTime:0.000181s ]
NOTIC: [8] Undefined variable: index_count /data/wwwroot/default/wesave/App/Runtime/Cache/Home/c046e8f09f5013e6f3f2c1812d54574b.php 第 117 行.
NOTIC: [8] Undefined variable: new_count /data/wwwroot/default/wesave/App/Runtime/Cache/Home/c046e8f09f5013e6f3f2c1812d54574b.php 第 123 行.
NOTIC: [8] Undefined variable: username /data/wwwroot/default/wesave/App/Runtime/Cache/Home/c046e8f09f5013e6f3f2c1812d54574b.php 第 135 行.
NOTIC: [8] Use of undefined constant index - assumed 'index' /data/wwwroot/default/wesave/App/Runtime/Cache/Home/c046e8f09f5013e6f3f2c1812d54574b.php 第 213 行.
NOTIC: [8] Undefined variable: ctrl /data/wwwroot/default/wesave/App/Runtime/Cache/Home/c046e8f09f5013e6f3f2c1812d54574b.php 第 213 行.
NOTIC: [8] Use of undefined constant product - assumed 'product' /data/wwwroot/default/wesave/App/Runtime/Cache/Home/c046e8f09f5013e6f3f2c1812d54574b.php 第 219 行.
NOTIC: [8] Undefined variable: ctrl /data/wwwroot/default/wesave/App/Runtime/Cache/Home/c046e8f09f5013e6f3f2c1812d54574b.php 第 219 行.
NOTIC: [8] Use of undefined constant index - assumed 'index' /data/wwwroot/default/wesave/App/Runtime/Cache/Home/c046e8f09f5013e6f3f2c1812d54574b.php 第 226 行.
NOTIC: [8] Undefined variable: method /data/wwwroot/default/wesave/App/Runtime/Cache/Home/c046e8f09f5013e6f3f2c1812d54574b.php 第 226 行.
NOTIC: [8] Use of undefined constant on - assumed 'on' /data/wwwroot/default/wesave/App/Runtime/Cache/Home/c046e8f09f5013e6f3f2c1812d54574b.php 第 232 行.
NOTIC: [8] Undefined variable: method /data/wwwroot/default/wesave/App/Runtime/Cache/Home/c046e8f09f5013e6f3f2c1812d54574b.php 第 232 行.
NOTIC: [8] Use of undefined constant under - assumed 'under' /data/wwwroot/default/wesave/App/Runtime/Cache/Home/c046e8f09f5013e6f3f2c1812d54574b.php 第 238 行.
NOTIC: [8] Undefined variable: method /data/wwwroot/default/wesave/App/Runtime/Cache/Home/c046e8f09f5013e6f3f2c1812d54574b.php 第 238 行.
NOTIC: [8] Use of undefined constant add - assumed 'add' /data/wwwroot/default/wesave/App/Runtime/Cache/Home/c046e8f09f5013e6f3f2c1812d54574b.php 第 244 行.
NOTIC: [8] Undefined variable: method /data/wwwroot/default/wesave/App/Runtime/Cache/Home/c046e8f09f5013e6f3f2c1812d54574b.php 第 244 行.
NOTIC: [8] Use of undefined constant custom - assumed 'custom' /data/wwwroot/default/wesave/App/Runtime/Cache/Home/c046e8f09f5013e6f3f2c1812d54574b.php 第 253 行.
NOTIC: [8] Undefined variable: ctrl /data/wwwroot/default/wesave/App/Runtime/Cache/Home/c046e8f09f5013e6f3f2c1812d54574b.php 第 253 行.
NOTIC: [8] Use of undefined constant order - assumed 'order' /data/wwwroot/default/wesave/App/Runtime/Cache/Home/c046e8f09f5013e6f3f2c1812d54574b.php 第 260 行.
NOTIC: [8] Undefined variable: method /data/wwwroot/default/wesave/App/Runtime/Cache/Home/c046e8f09f5013e6f3f2c1812d54574b.php 第 260 行.
NOTIC: [8] Use of undefined constant order - assumed 'order' /data/wwwroot/default/wesave/App/Runtime/Cache/Home/c046e8f09f5013e6f3f2c1812d54574b.php 第 266 行.
NOTIC: [8] Undefined variable: method /data/wwwroot/default/wesave/App/Runtime/Cache/Home/c046e8f09f5013e6f3f2c1812d54574b.php 第 266 行.
NOTIC: [8] Use of undefined constant admin - assumed 'admin' /data/wwwroot/default/wesave/App/Runtime/Cache/Home/c046e8f09f5013e6f3f2c1812d54574b.php 第 274 行.
NOTIC: [8] Undefined variable: ctrl /data/wwwroot/default/wesave/App/Runtime/Cache/Home/c046e8f09f5013e6f3f2c1812d54574b.php 第 274 行.
NOTIC: [8] Use of undefined constant admin_index - assumed 'admin_index' /data/wwwroot/default/wesave/App/Runtime/Cache/Home/c046e8f09f5013e6f3f2c1812d54574b.php 第 282 行.
NOTIC: [8] Undefined variable: method /data/wwwroot/default/wesave/App/Runtime/Cache/Home/c046e8f09f5013e6f3f2c1812d54574b.php 第 282 行.
NOTIC: [8] Use of undefined constant admin_sale - assumed 'admin_sale' /data/wwwroot/default/wesave/App/Runtime/Cache/Home/c046e8f09f5013e6f3f2c1812d54574b.php 第 288 行.
NOTIC: [8] Undefined variable: method /data/wwwroot/default/wesave/App/Runtime/Cache/Home/c046e8f09f5013e6f3f2c1812d54574b.php 第 288 行.
NOTIC: [8] Use of undefined constant admin_page - assumed 'admin_page' /data/wwwroot/default/wesave/App/Runtime/Cache/Home/c046e8f09f5013e6f3f2c1812d54574b.php 第 294 行.
NOTIC: [8] Undefined variable: method /data/wwwroot/default/wesave/App/Runtime/Cache/Home/c046e8f09f5013e6f3f2c1812d54574b.php 第 294 行.
NOTIC: [8] Use of undefined constant admin_pass - assumed 'admin_pass' /data/wwwroot/default/wesave/App/Runtime/Cache/Home/c046e8f09f5013e6f3f2c1812d54574b.php 第 300 行.
NOTIC: [8] Undefined variable: method /data/wwwroot/default/wesave/App/Runtime/Cache/Home/c046e8f09f5013e6f3f2c1812d54574b.php 第 300 行.
NOTIC: [8] Undefined variable: auth /data/wwwroot/default/wesave/App/Runtime/Cache/Home/c046e8f09f5013e6f3f2c1812d54574b.php 第 308 行.
NOTIC: [8] Use of undefined constant spread - assumed 'spread' /data/wwwroot/default/wesave/App/Runtime/Cache/Home/c046e8f09f5013e6f3f2c1812d54574b.php 第 340 行.
NOTIC: [8] Undefined variable: ctrl /data/wwwroot/default/wesave/App/Runtime/Cache/Home/c046e8f09f5013e6f3f2c1812d54574b.php 第 340 行.
NOTIC: [8] Use of undefined constant spread_index - assumed 'spread_index' /data/wwwroot/default/wesave/App/Runtime/Cache/Home/c046e8f09f5013e6f3f2c1812d54574b.php 第 349 行.
NOTIC: [8] Undefined variable: method /data/wwwroot/default/wesave/App/Runtime/Cache/Home/c046e8f09f5013e6f3f2c1812d54574b.php 第 349 行.
NOTIC: [8] Use of undefined constant spread_account - assumed 'spread_account' /data/wwwroot/default/wesave/App/Runtime/Cache/Home/c046e8f09f5013e6f3f2c1812d54574b.php 第 355 行.
NOTIC: [8] Undefined variable: method /data/wwwroot/default/wesave/App/Runtime/Cache/Home/c046e8f09f5013e6f3f2c1812d54574b.php 第 355 行.
NOTIC: [8] Use of undefined constant developer - assumed 'developer' /data/wwwroot/default/wesave/App/Runtime/Cache/Home/c046e8f09f5013e6f3f2c1812d54574b.php 第 363 行.
NOTIC: [8] Undefined variable: ctrl /data/wwwroot/default/wesave/App/Runtime/Cache/Home/c046e8f09f5013e6f3f2c1812d54574b.php 第 363 行.
NOTIC: [8] Use of undefined constant developer_ - assumed 'developer_' /data/wwwroot/default/wesave/App/Runtime/Cache/Home/c046e8f09f5013e6f3f2c1812d54574b.php 第 371 行.
NOTIC: [8] Undefined variable: method /data/wwwroot/default/wesave/App/Runtime/Cache/Home/c046e8f09f5013e6f3f2c1812d54574b.php 第 371 行.
NOTIC: [8] Use of undefined constant developer_api - assumed 'developer_api' /data/wwwroot/default/wesave/App/Runtime/Cache/Home/c046e8f09f5013e6f3f2c1812d54574b.php 第 377 行.
NOTIC: [8] Undefined variable: method /data/wwwroot/default/wesave/App/Runtime/Cache/Home/c046e8f09f5013e6f3f2c1812d54574b.php 第 377 行.
NOTIC: [8] Use of undefined constant developer_data - assumed 'developer_data' /data/wwwroot/default/wesave/App/Runtime/Cache/Home/c046e8f09f5013e6f3f2c1812d54574b.php 第 383 行.
NOTIC: [8] Undefined variable: method /data/wwwroot/default/wesave/App/Runtime/Cache/Home/c046e8f09f5013e6f3f2c1812d54574b.php 第 383 行.
NOTIC: [8] Use of undefined constant web - assumed 'web' /data/wwwroot/default/wesave/App/Runtime/Cache/Home/c046e8f09f5013e6f3f2c1812d54574b.php 第 391 行.
NOTIC: [8] Undefined variable: ctrl /data/wwwroot/default/wesave/App/Runtime/Cache/Home/c046e8f09f5013e6f3f2c1812d54574b.php 第 391 行.
INFO: Run Behavior\ParseTemplateBehavior [ RunTime:0.018786s ]
INFO: [ view_parse ] --END-- [ RunTime:0.018813s ]
INFO: [ view_filter ] --START--
INFO: Run Behavior\WriteHtmlCacheBehavior [ RunTime:0.000055s ]
INFO: [ view_filter ] --END-- [ RunTime:0.000075s ]
INFO: [ app_end ] --START--
INFO: Run Behavior\ShowPageTraceBehavior [ RunTime:0.000061s ]
INFO: [ app_end ] --END-- [ RunTime:0.000093s ]

[ 2018-01-09T13:29:06+08:00 ] 58.246.221.73 /
INFO: [ app_init ] --START--
INFO: Run Behavior\BuildLiteBehavior [ RunTime:0.000011s ]
INFO: [ app_init ] --END-- [ RunTime:0.000103s ]
INFO: [ app_begin ] --START--
INFO: Run Behavior\ReadHtmlCacheBehavior [ RunTime:0.000051s ]
INFO: [ app_begin ] --END-- [ RunTime:0.000079s ]
INFO: [ view_parse ] --START--
INFO: [ template_filter ] --START--
INFO: Run Behavior\ContentReplaceBehavior [ RunTime:0.000191s ]
INFO: [ template_filter ] --END-- [ RunTime:0.000228s ]
NOTIC: [8] Undefined variable: index_count /data/wwwroot/default/wesave/App/Runtime/Cache/Home/c046e8f09f5013e6f3f2c1812d54574b.php 第 117 行.
NOTIC: [8] Undefined variable: new_count /data/wwwroot/default/wesave/App/Runtime/Cache/Home/c046e8f09f5013e6f3f2c1812d54574b.php 第 123 行.
NOTIC: [8] Undefined variable: username /data/wwwroot/default/wesave/App/Runtime/Cache/Home/c046e8f09f5013e6f3f2c1812d54574b.php 第 135 行.
NOTIC: [8] Use of undefined constant index - assumed 'index' /data/wwwroot/default/wesave/App/Runtime/Cache/Home/c046e8f09f5013e6f3f2c1812d54574b.php 第 213 行.
NOTIC: [8] Undefined variable: ctrl /data/wwwroot/default/wesave/App/Runtime/Cache/Home/c046e8f09f5013e6f3f2c1812d54574b.php 第 213 行.
NOTIC: [8] Use of undefined constant product - assumed 'product' /data/wwwroot/default/wesave/App/Runtime/Cache/Home/c046e8f09f5013e6f3f2c1812d54574b.php 第 219 行.
NOTIC: [8] Undefined variable: ctrl /data/wwwroot/default/wesave/App/Runtime/Cache/Home/c046e8f09f5013e6f3f2c1812d54574b.php 第 219 行.
NOTIC: [8] Use of undefined constant index - assumed 'index' /data/wwwroot/default/wesave/App/Runtime/Cache/Home/c046e8f09f5013e6f3f2c1812d54574b.php 第 226 行.
NOTIC: [8] Undefined variable: method /data/wwwroot/default/wesave/App/Runtime/Cache/Home/c046e8f09f5013e6f3f2c1812d54574b.php 第 226 行.
NOTIC: [8] Use of undefined constant on - assumed 'on' /data/wwwroot/default/wesave/App/Runtime/Cache/Home/c046e8f09f5013e6f3f2c1812d54574b.php 第 232 行.
NOTIC: [8] Undefined variable: method /data/wwwroot/default/wesave/App/Runtime/Cache/Home/c046e8f09f5013e6f3f2c1812d54574b.php 第 232 行.
NOTIC: [8] Use of undefined constant under - assumed 'under' /data/wwwroot/default/wesave/App/Runtime/Cache/Home/c046e8f09f5013e6f3f2c1812d54574b.php 第 238 行.
NOTIC: [8] Undefined variable: method /data/wwwroot/default/wesave/App/Runtime/Cache/Home/c046e8f09f5013e6f3f2c1812d54574b.php 第 238 行.
NOTIC: [8] Use of undefined constant add - assumed 'add' /data/wwwroot/default/wesave/App/Runtime/Cache/Home/c046e8f09f5013e6f3f2c1812d54574b.php 第 244 行.
NOTIC: [8] Undefined variable: method /data/wwwroot/default/wesave/App/Runtime/Cache/Home/c046e8f09f5013e6f3f2c1812d54574b.php 第 244 行.
NOTIC: [8] Use of undefined constant custom - assumed 'custom' /data/wwwroot/default/wesave/App/Runtime/Cache/Home/c046e8f09f5013e6f3f2c1812d54574b.php 第 253 行.
NOTIC: [8] Undefined variable: ctrl /data/wwwroot/default/wesave/App/Runtime/Cache/Home/c046e8f09f5013e6f3f2c1812d54574b.php 第 253 行.
NOTIC: [8] Use of undefined constant order - assumed 'order' /data/wwwroot/default/wesave/App/Runtime/Cache/Home/c046e8f09f5013e6f3f2c1812d54574b.php 第 260 行.
NOTIC: [8] Undefined variable: method /data/wwwroot/default/wesave/App/Runtime/Cache/Home/c046e8f09f5013e6f3f2c1812d54574b.php 第 260 行.
NOTIC: [8] Use of undefined constant order - assumed 'order' /data/wwwroot/default/wesave/App/Runtime/Cache/Home/c046e8f09f5013e6f3f2c1812d54574b.php 第 266 行.
NOTIC: [8] Undefined variable: method /data/wwwroot/default/wesave/App/Runtime/Cache/Home/c046e8f09f5013e6f3f2c1812d54574b.php 第 266 行.
NOTIC: [8] Use of undefined constant admin - assumed 'admin' /data/wwwroot/default/wesave/App/Runtime/Cache/Home/c046e8f09f5013e6f3f2c1812d54574b.php 第 274 行.
NOTIC: [8] Undefined variable: ctrl /data/wwwroot/default/wesave/App/Runtime/Cache/Home/c046e8f09f5013e6f3f2c1812d54574b.php 第 274 行.
NOTIC: [8] Use of undefined constant admin_index - assumed 'admin_index' /data/wwwroot/default/wesave/App/Runtime/Cache/Home/c046e8f09f5013e6f3f2c1812d54574b.php 第 282 行.
NOTIC: [8] Undefined variable: method /data/wwwroot/default/wesave/App/Runtime/Cache/Home/c046e8f09f5013e6f3f2c1812d54574b.php 第 282 行.
NOTIC: [8] Use of undefined constant admin_sale - assumed 'admin_sale' /data/wwwroot/default/wesave/App/Runtime/Cache/Home/c046e8f09f5013e6f3f2c1812d54574b.php 第 288 行.
NOTIC: [8] Undefined variable: method /data/wwwroot/default/wesave/App/Runtime/Cache/Home/c046e8f09f5013e6f3f2c1812d54574b.php 第 288 行.
NOTIC: [8] Use of undefined constant admin_page - assumed 'admin_page' /data/wwwroot/default/wesave/App/Runtime/Cache/Home/c046e8f09f5013e6f3f2c1812d54574b.php 第 294 行.
NOTIC: [8] Undefined variable: method /data/wwwroot/default/wesave/App/Runtime/Cache/Home/c046e8f09f5013e6f3f2c1812d54574b.php 第 294 行.
NOTIC: [8] Use of undefined constant admin_pass - assumed 'admin_pass' /data/wwwroot/default/wesave/App/Runtime/Cache/Home/c046e8f09f5013e6f3f2c1812d54574b.php 第 300 行.
NOTIC: [8] Undefined variable: method /data/wwwroot/default/wesave/App/Runtime/Cache/Home/c046e8f09f5013e6f3f2c1812d54574b.php 第 300 行.
NOTIC: [8] Undefined variable: auth /data/wwwroot/default/wesave/App/Runtime/Cache/Home/c046e8f09f5013e6f3f2c1812d54574b.php 第 308 行.
NOTIC: [8] Use of undefined constant spread - assumed 'spread' /data/wwwroot/default/wesave/App/Runtime/Cache/Home/c046e8f09f5013e6f3f2c1812d54574b.php 第 340 行.
NOTIC: [8] Undefined variable: ctrl /data/wwwroot/default/wesave/App/Runtime/Cache/Home/c046e8f09f5013e6f3f2c1812d54574b.php 第 340 行.
NOTIC: [8] Use of undefined constant spread_index - assumed 'spread_index' /data/wwwroot/default/wesave/App/Runtime/Cache/Home/c046e8f09f5013e6f3f2c1812d54574b.php 第 349 行.
NOTIC: [8] Undefined variable: method /data/wwwroot/default/wesave/App/Runtime/Cache/Home/c046e8f09f5013e6f3f2c1812d54574b.php 第 349 行.
NOTIC: [8] Use of undefined constant spread_account - assumed 'spread_account' /data/wwwroot/default/wesave/App/Runtime/Cache/Home/c046e8f09f5013e6f3f2c1812d54574b.php 第 355 行.
NOTIC: [8] Undefined variable: method /data/wwwroot/default/wesave/App/Runtime/Cache/Home/c046e8f09f5013e6f3f2c1812d54574b.php 第 355 行.
NOTIC: [8] Use of undefined constant developer - assumed 'developer' /data/wwwroot/default/wesave/App/Runtime/Cache/Home/c046e8f09f5013e6f3f2c1812d54574b.php 第 363 行.
NOTIC: [8] Undefined variable: ctrl /data/wwwroot/default/wesave/App/Runtime/Cache/Home/c046e8f09f5013e6f3f2c1812d54574b.php 第 363 行.
NOTIC: [8] Use of undefined constant developer_ - assumed 'developer_' /data/wwwroot/default/wesave/App/Runtime/Cache/Home/c046e8f09f5013e6f3f2c1812d54574b.php 第 371 行.
NOTIC: [8] Undefined variable: method /data/wwwroot/default/wesave/App/Runtime/Cache/Home/c046e8f09f5013e6f3f2c1812d54574b.php 第 371 行.
NOTIC: [8] Use of undefined constant developer_api - assumed 'developer_api' /data/wwwroot/default/wesave/App/Runtime/Cache/Home/c046e8f09f5013e6f3f2c1812d54574b.php 第 377 行.
NOTIC: [8] Undefined variable: method /data/wwwroot/default/wesave/App/Runtime/Cache/Home/c046e8f09f5013e6f3f2c1812d54574b.php 第 377 行.
NOTIC: [8] Use of undefined constant developer_data - assumed 'developer_data' /data/wwwroot/default/wesave/App/Runtime/Cache/Home/c046e8f09f5013e6f3f2c1812d54574b.php 第 383 行.
NOTIC: [8] Undefined variable: method /data/wwwroot/default/wesave/App/Runtime/Cache/Home/c046e8f09f5013e6f3f2c1812d54574b.php 第 383 行.
NOTIC: [8] Use of undefined constant web - assumed 'web' /data/wwwroot/default/wesave/App/Runtime/Cache/Home/c046e8f09f5013e6f3f2c1812d54574b.php 第 391 行.
NOTIC: [8] Undefined variable: ctrl /data/wwwroot/default/wesave/App/Runtime/Cache/Home/c046e8f09f5013e6f3f2c1812d54574b.php 第 391 行.
INFO: Run Behavior\ParseTemplateBehavior [ RunTime:0.018930s ]
INFO: [ view_parse ] --END-- [ RunTime:0.018968s ]
INFO: [ view_filter ] --START--
INFO: Run Behavior\WriteHtmlCacheBehavior [ RunTime:0.000082s ]
INFO: [ view_filter ] --END-- [ RunTime:0.000102s ]
INFO: [ app_end ] --START--
INFO: Run Behavior\ShowPageTraceBehavior [ RunTime:0.000064s ]
INFO: [ app_end ] --END-- [ RunTime:0.000097s ]

[ 2018-01-09T14:01:28+08:00 ] 223.166.151.191 /
INFO: [ app_init ] --START--
INFO: Run Behavior\BuildLiteBehavior [ RunTime:0.000009s ]
INFO: [ app_init ] --END-- [ RunTime:0.000070s ]
INFO: [ app_begin ] --START--
INFO: Run Behavior\ReadHtmlCacheBehavior [ RunTime:0.000046s ]
INFO: [ app_begin ] --END-- [ RunTime:0.000074s ]
INFO: [ view_parse ] --START--
INFO: [ template_filter ] --START--
INFO: Run Behavior\ContentReplaceBehavior [ RunTime:0.000148s ]
INFO: [ template_filter ] --END-- [ RunTime:0.000183s ]
NOTIC: [8] Undefined variable: index_count /data/wwwroot/default/wesave/App/Runtime/Cache/Home/c046e8f09f5013e6f3f2c1812d54574b.php 第 117 行.
NOTIC: [8] Undefined variable: new_count /data/wwwroot/default/wesave/App/Runtime/Cache/Home/c046e8f09f5013e6f3f2c1812d54574b.php 第 123 行.
NOTIC: [8] Undefined variable: username /data/wwwroot/default/wesave/App/Runtime/Cache/Home/c046e8f09f5013e6f3f2c1812d54574b.php 第 135 行.
NOTIC: [8] Use of undefined constant index - assumed 'index' /data/wwwroot/default/wesave/App/Runtime/Cache/Home/c046e8f09f5013e6f3f2c1812d54574b.php 第 213 行.
NOTIC: [8] Undefined variable: ctrl /data/wwwroot/default/wesave/App/Runtime/Cache/Home/c046e8f09f5013e6f3f2c1812d54574b.php 第 213 行.
NOTIC: [8] Use of undefined constant product - assumed 'product' /data/wwwroot/default/wesave/App/Runtime/Cache/Home/c046e8f09f5013e6f3f2c1812d54574b.php 第 219 行.
NOTIC: [8] Undefined variable: ctrl /data/wwwroot/default/wesave/App/Runtime/Cache/Home/c046e8f09f5013e6f3f2c1812d54574b.php 第 219 行.
NOTIC: [8] Use of undefined constant index - assumed 'index' /data/wwwroot/default/wesave/App/Runtime/Cache/Home/c046e8f09f5013e6f3f2c1812d54574b.php 第 226 行.
NOTIC: [8] Undefined variable: method /data/wwwroot/default/wesave/App/Runtime/Cache/Home/c046e8f09f5013e6f3f2c1812d54574b.php 第 226 行.
NOTIC: [8] Use of undefined constant on - assumed 'on' /data/wwwroot/default/wesave/App/Runtime/Cache/Home/c046e8f09f5013e6f3f2c1812d54574b.php 第 232 行.
NOTIC: [8] Undefined variable: method /data/wwwroot/default/wesave/App/Runtime/Cache/Home/c046e8f09f5013e6f3f2c1812d54574b.php 第 232 行.
NOTIC: [8] Use of undefined constant under - assumed 'under' /data/wwwroot/default/wesave/App/Runtime/Cache/Home/c046e8f09f5013e6f3f2c1812d54574b.php 第 238 行.
NOTIC: [8] Undefined variable: method /data/wwwroot/default/wesave/App/Runtime/Cache/Home/c046e8f09f5013e6f3f2c1812d54574b.php 第 238 行.
NOTIC: [8] Use of undefined constant add - assumed 'add' /data/wwwroot/default/wesave/App/Runtime/Cache/Home/c046e8f09f5013e6f3f2c1812d54574b.php 第 244 行.
NOTIC: [8] Undefined variable: method /data/wwwroot/default/wesave/App/Runtime/Cache/Home/c046e8f09f5013e6f3f2c1812d54574b.php 第 244 行.
NOTIC: [8] Use of undefined constant custom - assumed 'custom' /data/wwwroot/default/wesave/App/Runtime/Cache/Home/c046e8f09f5013e6f3f2c1812d54574b.php 第 253 行.
NOTIC: [8] Undefined variable: ctrl /data/wwwroot/default/wesave/App/Runtime/Cache/Home/c046e8f09f5013e6f3f2c1812d54574b.php 第 253 行.
NOTIC: [8] Use of undefined constant order - assumed 'order' /data/wwwroot/default/wesave/App/Runtime/Cache/Home/c046e8f09f5013e6f3f2c1812d54574b.php 第 260 行.
NOTIC: [8] Undefined variable: method /data/wwwroot/default/wesave/App/Runtime/Cache/Home/c046e8f09f5013e6f3f2c1812d54574b.php 第 260 行.
NOTIC: [8] Use of undefined constant order - assumed 'order' /data/wwwroot/default/wesave/App/Runtime/Cache/Home/c046e8f09f5013e6f3f2c1812d54574b.php 第 266 行.
NOTIC: [8] Undefined variable: method /data/wwwroot/default/wesave/App/Runtime/Cache/Home/c046e8f09f5013e6f3f2c1812d54574b.php 第 266 行.
NOTIC: [8] Use of undefined constant admin - assumed 'admin' /data/wwwroot/default/wesave/App/Runtime/Cache/Home/c046e8f09f5013e6f3f2c1812d54574b.php 第 274 行.
NOTIC: [8] Undefined variable: ctrl /data/wwwroot/default/wesave/App/Runtime/Cache/Home/c046e8f09f5013e6f3f2c1812d54574b.php 第 274 行.
NOTIC: [8] Use of undefined constant admin_index - assumed 'admin_index' /data/wwwroot/default/wesave/App/Runtime/Cache/Home/c046e8f09f5013e6f3f2c1812d54574b.php 第 282 行.
NOTIC: [8] Undefined variable: method /data/wwwroot/default/wesave/App/Runtime/Cache/Home/c046e8f09f5013e6f3f2c1812d54574b.php 第 282 行.
NOTIC: [8] Use of undefined constant admin_sale - assumed 'admin_sale' /data/wwwroot/default/wesave/App/Runtime/Cache/Home/c046e8f09f5013e6f3f2c1812d54574b.php 第 288 行.
NOTIC: [8] Undefined variable: method /data/wwwroot/default/wesave/App/Runtime/Cache/Home/c046e8f09f5013e6f3f2c1812d54574b.php 第 288 行.
NOTIC: [8] Use of undefined constant admin_page - assumed 'admin_page' /data/wwwroot/default/wesave/App/Runtime/Cache/Home/c046e8f09f5013e6f3f2c1812d54574b.php 第 294 行.
NOTIC: [8] Undefined variable: method /data/wwwroot/default/wesave/App/Runtime/Cache/Home/c046e8f09f5013e6f3f2c1812d54574b.php 第 294 行.
NOTIC: [8] Use of undefined constant admin_pass - assumed 'admin_pass' /data/wwwroot/default/wesave/App/Runtime/Cache/Home/c046e8f09f5013e6f3f2c1812d54574b.php 第 300 行.
NOTIC: [8] Undefined variable: method /data/wwwroot/default/wesave/App/Runtime/Cache/Home/c046e8f09f5013e6f3f2c1812d54574b.php 第 300 行.
NOTIC: [8] Undefined variable: auth /data/wwwroot/default/wesave/App/Runtime/Cache/Home/c046e8f09f5013e6f3f2c1812d54574b.php 第 308 行.
NOTIC: [8] Use of undefined constant spread - assumed 'spread' /data/wwwroot/default/wesave/App/Runtime/Cache/Home/c046e8f09f5013e6f3f2c1812d54574b.php 第 340 行.
NOTIC: [8] Undefined variable: ctrl /data/wwwroot/default/wesave/App/Runtime/Cache/Home/c046e8f09f5013e6f3f2c1812d54574b.php 第 340 行.
NOTIC: [8] Use of undefined constant spread_index - assumed 'spread_index' /data/wwwroot/default/wesave/App/Runtime/Cache/Home/c046e8f09f5013e6f3f2c1812d54574b.php 第 349 行.
NOTIC: [8] Undefined variable: method /data/wwwroot/default/wesave/App/Runtime/Cache/Home/c046e8f09f5013e6f3f2c1812d54574b.php 第 349 行.
NOTIC: [8] Use of undefined constant spread_account - assumed 'spread_account' /data/wwwroot/default/wesave/App/Runtime/Cache/Home/c046e8f09f5013e6f3f2c1812d54574b.php 第 355 行.
NOTIC: [8] Undefined variable: method /data/wwwroot/default/wesave/App/Runtime/Cache/Home/c046e8f09f5013e6f3f2c1812d54574b.php 第 355 行.
NOTIC: [8] Use of undefined constant developer - assumed 'developer' /data/wwwroot/default/wesave/App/Runtime/Cache/Home/c046e8f09f5013e6f3f2c1812d54574b.php 第 363 行.
NOTIC: [8] Undefined variable: ctrl /data/wwwroot/default/wesave/App/Runtime/Cache/Home/c046e8f09f5013e6f3f2c1812d54574b.php 第 363 行.
NOTIC: [8] Use of undefined constant developer_ - assumed 'developer_' /data/wwwroot/default/wesave/App/Runtime/Cache/Home/c046e8f09f5013e6f3f2c1812d54574b.php 第 371 行.
NOTIC: [8] Undefined variable: method /data/wwwroot/default/wesave/App/Runtime/Cache/Home/c046e8f09f5013e6f3f2c1812d54574b.php 第 371 行.
NOTIC: [8] Use of undefined constant developer_api - assumed 'developer_api' /data/wwwroot/default/wesave/App/Runtime/Cache/Home/c046e8f09f5013e6f3f2c1812d54574b.php 第 377 行.
NOTIC: [8] Undefined variable: method /data/wwwroot/default/wesave/App/Runtime/Cache/Home/c046e8f09f5013e6f3f2c1812d54574b.php 第 377 行.
NOTIC: [8] Use of undefined constant developer_data - assumed 'developer_data' /data/wwwroot/default/wesave/App/Runtime/Cache/Home/c046e8f09f5013e6f3f2c1812d54574b.php 第 383 行.
NOTIC: [8] Undefined variable: method /data/wwwroot/default/wesave/App/Runtime/Cache/Home/c046e8f09f5013e6f3f2c1812d54574b.php 第 383 行.
NOTIC: [8] Use of undefined constant web - assumed 'web' /data/wwwroot/default/wesave/App/Runtime/Cache/Home/c046e8f09f5013e6f3f2c1812d54574b.php 第 391 行.
NOTIC: [8] Undefined variable: ctrl /data/wwwroot/default/wesave/App/Runtime/Cache/Home/c046e8f09f5013e6f3f2c1812d54574b.php 第 391 行.
INFO: Run Behavior\ParseTemplateBehavior [ RunTime:0.036428s ]
INFO: [ view_parse ] --END-- [ RunTime:0.036455s ]
INFO: [ view_filter ] --START--
INFO: Run Behavior\WriteHtmlCacheBehavior [ RunTime:0.000057s ]
INFO: [ view_filter ] --END-- [ RunTime:0.000078s ]
INFO: [ app_end ] --START--
INFO: Run Behavior\ShowPageTraceBehavior [ RunTime:0.000051s ]
INFO: [ app_end ] --END-- [ RunTime:0.000083s ]

[ 2018-01-09T14:01:28+08:00 ] 61.151.179.27 /
INFO: [ app_init ] --START--
INFO: Run Behavior\BuildLiteBehavior [ RunTime:0.000012s ]
INFO: [ app_init ] --END-- [ RunTime:0.000104s ]
INFO: [ app_begin ] --START--
INFO: Run Behavior\ReadHtmlCacheBehavior [ RunTime:0.000048s ]
INFO: [ app_begin ] --END-- [ RunTime:0.000076s ]
INFO: [ view_parse ] --START--
INFO: [ template_filter ] --START--
INFO: Run Behavior\ContentReplaceBehavior [ RunTime:0.000163s ]
INFO: [ template_filter ] --END-- [ RunTime:0.000203s ]
NOTIC: [8] Undefined variable: index_count /data/wwwroot/default/wesave/App/Runtime/Cache/Home/c046e8f09f5013e6f3f2c1812d54574b.php 第 117 行.
NOTIC: [8] Undefined variable: new_count /data/wwwroot/default/wesave/App/Runtime/Cache/Home/c046e8f09f5013e6f3f2c1812d54574b.php 第 123 行.
NOTIC: [8] Undefined variable: username /data/wwwroot/default/wesave/App/Runtime/Cache/Home/c046e8f09f5013e6f3f2c1812d54574b.php 第 135 行.
NOTIC: [8] Use of undefined constant index - assumed 'index' /data/wwwroot/default/wesave/App/Runtime/Cache/Home/c046e8f09f5013e6f3f2c1812d54574b.php 第 213 行.
NOTIC: [8] Undefined variable: ctrl /data/wwwroot/default/wesave/App/Runtime/Cache/Home/c046e8f09f5013e6f3f2c1812d54574b.php 第 213 行.
NOTIC: [8] Use of undefined constant product - assumed 'product' /data/wwwroot/default/wesave/App/Runtime/Cache/Home/c046e8f09f5013e6f3f2c1812d54574b.php 第 219 行.
NOTIC: [8] Undefined variable: ctrl /data/wwwroot/default/wesave/App/Runtime/Cache/Home/c046e8f09f5013e6f3f2c1812d54574b.php 第 219 行.
NOTIC: [8] Use of undefined constant index - assumed 'index' /data/wwwroot/default/wesave/App/Runtime/Cache/Home/c046e8f09f5013e6f3f2c1812d54574b.php 第 226 行.
NOTIC: [8] Undefined variable: method /data/wwwroot/default/wesave/App/Runtime/Cache/Home/c046e8f09f5013e6f3f2c1812d54574b.php 第 226 行.
NOTIC: [8] Use of undefined constant on - assumed 'on' /data/wwwroot/default/wesave/App/Runtime/Cache/Home/c046e8f09f5013e6f3f2c1812d54574b.php 第 232 行.
NOTIC: [8] Undefined variable: method /data/wwwroot/default/wesave/App/Runtime/Cache/Home/c046e8f09f5013e6f3f2c1812d54574b.php 第 232 行.
NOTIC: [8] Use of undefined constant under - assumed 'under' /data/wwwroot/default/wesave/App/Runtime/Cache/Home/c046e8f09f5013e6f3f2c1812d54574b.php 第 238 行.
NOTIC: [8] Undefined variable: method /data/wwwroot/default/wesave/App/Runtime/Cache/Home/c046e8f09f5013e6f3f2c1812d54574b.php 第 238 行.
NOTIC: [8] Use of undefined constant add - assumed 'add' /data/wwwroot/default/wesave/App/Runtime/Cache/Home/c046e8f09f5013e6f3f2c1812d54574b.php 第 244 行.
NOTIC: [8] Undefined variable: method /data/wwwroot/default/wesave/App/Runtime/Cache/Home/c046e8f09f5013e6f3f2c1812d54574b.php 第 244 行.
NOTIC: [8] Use of undefined constant custom - assumed 'custom' /data/wwwroot/default/wesave/App/Runtime/Cache/Home/c046e8f09f5013e6f3f2c1812d54574b.php 第 253 行.
NOTIC: [8] Undefined variable: ctrl /data/wwwroot/default/wesave/App/Runtime/Cache/Home/c046e8f09f5013e6f3f2c1812d54574b.php 第 253 行.
NOTIC: [8] Use of undefined constant order - assumed 'order' /data/wwwroot/default/wesave/App/Runtime/Cache/Home/c046e8f09f5013e6f3f2c1812d54574b.php 第 260 行.
NOTIC: [8] Undefined variable: method /data/wwwroot/default/wesave/App/Runtime/Cache/Home/c046e8f09f5013e6f3f2c1812d54574b.php 第 260 行.
NOTIC: [8] Use of undefined constant order - assumed 'order' /data/wwwroot/default/wesave/App/Runtime/Cache/Home/c046e8f09f5013e6f3f2c1812d54574b.php 第 266 行.
NOTIC: [8] Undefined variable: method /data/wwwroot/default/wesave/App/Runtime/Cache/Home/c046e8f09f5013e6f3f2c1812d54574b.php 第 266 行.
NOTIC: [8] Use of undefined constant admin - assumed 'admin' /data/wwwroot/default/wesave/App/Runtime/Cache/Home/c046e8f09f5013e6f3f2c1812d54574b.php 第 274 行.
NOTIC: [8] Undefined variable: ctrl /data/wwwroot/default/wesave/App/Runtime/Cache/Home/c046e8f09f5013e6f3f2c1812d54574b.php 第 274 行.
NOTIC: [8] Use of undefined constant admin_index - assumed 'admin_index' /data/wwwroot/default/wesave/App/Runtime/Cache/Home/c046e8f09f5013e6f3f2c1812d54574b.php 第 282 行.
NOTIC: [8] Undefined variable: method /data/wwwroot/default/wesave/App/Runtime/Cache/Home/c046e8f09f5013e6f3f2c1812d54574b.php 第 282 行.
NOTIC: [8] Use of undefined constant admin_sale - assumed 'admin_sale' /data/wwwroot/default/wesave/App/Runtime/Cache/Home/c046e8f09f5013e6f3f2c1812d54574b.php 第 288 行.
NOTIC: [8] Undefined variable: method /data/wwwroot/default/wesave/App/Runtime/Cache/Home/c046e8f09f5013e6f3f2c1812d54574b.php 第 288 行.
NOTIC: [8] Use of undefined constant admin_page - assumed 'admin_page' /data/wwwroot/default/wesave/App/Runtime/Cache/Home/c046e8f09f5013e6f3f2c1812d54574b.php 第 294 行.
NOTIC: [8] Undefined variable: method /data/wwwroot/default/wesave/App/Runtime/Cache/Home/c046e8f09f5013e6f3f2c1812d54574b.php 第 294 行.
NOTIC: [8] Use of undefined constant admin_pass - assumed 'admin_pass' /data/wwwroot/default/wesave/App/Runtime/Cache/Home/c046e8f09f5013e6f3f2c1812d54574b.php 第 300 行.
NOTIC: [8] Undefined variable: method /data/wwwroot/default/wesave/App/Runtime/Cache/Home/c046e8f09f5013e6f3f2c1812d54574b.php 第 300 行.
NOTIC: [8] Undefined variable: auth /data/wwwroot/default/wesave/App/Runtime/Cache/Home/c046e8f09f5013e6f3f2c1812d54574b.php 第 308 行.
NOTIC: [8] Use of undefined constant spread - assumed 'spread' /data/wwwroot/default/wesave/App/Runtime/Cache/Home/c046e8f09f5013e6f3f2c1812d54574b.php 第 340 行.
NOTIC: [8] Undefined variable: ctrl /data/wwwroot/default/wesave/App/Runtime/Cache/Home/c046e8f09f5013e6f3f2c1812d54574b.php 第 340 行.
NOTIC: [8] Use of undefined constant spread_index - assumed 'spread_index' /data/wwwroot/default/wesave/App/Runtime/Cache/Home/c046e8f09f5013e6f3f2c1812d54574b.php 第 349 行.
NOTIC: [8] Undefined variable: method /data/wwwroot/default/wesave/App/Runtime/Cache/Home/c046e8f09f5013e6f3f2c1812d54574b.php 第 349 行.
NOTIC: [8] Use of undefined constant spread_account - assumed 'spread_account' /data/wwwroot/default/wesave/App/Runtime/Cache/Home/c046e8f09f5013e6f3f2c1812d54574b.php 第 355 行.
NOTIC: [8] Undefined variable: method /data/wwwroot/default/wesave/App/Runtime/Cache/Home/c046e8f09f5013e6f3f2c1812d54574b.php 第 355 行.
NOTIC: [8] Use of undefined constant developer - assumed 'developer' /data/wwwroot/default/wesave/App/Runtime/Cache/Home/c046e8f09f5013e6f3f2c1812d54574b.php 第 363 行.
NOTIC: [8] Undefined variable: ctrl /data/wwwroot/default/wesave/App/Runtime/Cache/Home/c046e8f09f5013e6f3f2c1812d54574b.php 第 363 行.
NOTIC: [8] Use of undefined constant developer_ - assumed 'developer_' /data/wwwroot/default/wesave/App/Runtime/Cache/Home/c046e8f09f5013e6f3f2c1812d54574b.php 第 371 行.
NOTIC: [8] Undefined variable: method /data/wwwroot/default/wesave/App/Runtime/Cache/Home/c046e8f09f5013e6f3f2c1812d54574b.php 第 371 行.
NOTIC: [8] Use of undefined constant developer_api - assumed 'developer_api' /data/wwwroot/default/wesave/App/Runtime/Cache/Home/c046e8f09f5013e6f3f2c1812d54574b.php 第 377 行.
NOTIC: [8] Undefined variable: method /data/wwwroot/default/wesave/App/Runtime/Cache/Home/c046e8f09f5013e6f3f2c1812d54574b.php 第 377 行.
NOTIC: [8] Use of undefined constant developer_data - assumed 'developer_data' /data/wwwroot/default/wesave/App/Runtime/Cache/Home/c046e8f09f5013e6f3f2c1812d54574b.php 第 383 行.
NOTIC: [8] Undefined variable: method /data/wwwroot/default/wesave/App/Runtime/Cache/Home/c046e8f09f5013e6f3f2c1812d54574b.php 第 383 行.
NOTIC: [8] Use of undefined constant web - assumed 'web' /data/wwwroot/default/wesave/App/Runtime/Cache/Home/c046e8f09f5013e6f3f2c1812d54574b.php 第 391 行.
NOTIC: [8] Undefined variable: ctrl /data/wwwroot/default/wesave/App/Runtime/Cache/Home/c046e8f09f5013e6f3f2c1812d54574b.php 第 391 行.
INFO: Run Behavior\ParseTemplateBehavior [ RunTime:0.040513s ]
INFO: [ view_parse ] --END-- [ RunTime:0.040538s ]
INFO: [ view_filter ] --START--
INFO: Run Behavior\WriteHtmlCacheBehavior [ RunTime:0.000053s ]
INFO: [ view_filter ] --END-- [ RunTime:0.000073s ]
INFO: [ app_end ] --START--
INFO: Run Behavior\ShowPageTraceBehavior [ RunTime:0.001525s ]
INFO: [ app_end ] --END-- [ RunTime:0.001570s ]

