[ 2018-01-05T15:10:11+08:00 ] 125.120.38.216 /Public/Image/2018-01-05/5a4f24d329f77.pngbody%20%7Bbackground-color:%20
INFO: [ app_init ] --START--
INFO: Run Behavior\BuildLiteBehavior [ RunTime:0.000011s ]
INFO: [ app_init ] --END-- [ RunTime:0.000088s ]
ERR: 无法加载模块:Public

[ 2018-01-05T15:10:49+08:00 ] 125.120.38.216 /Public/Image/2018-01-05/5a4f24d329f77.pngbody%20%7Bbackground-color:%20
INFO: [ app_init ] --START--
INFO: Run Behavior\BuildLiteBehavior [ RunTime:0.000012s ]
INFO: [ app_init ] --END-- [ RunTime:0.000092s ]
ERR: 无法加载模块:Public

[ 2018-01-05T15:11:28+08:00 ] 125.120.38.216 /Public/Image/2018-01-05/5a4f24d329f77.pngbody%20%7Bbackground-color:%20
INFO: [ app_init ] --START--
INFO: Run Behavior\BuildLiteBehavior [ RunTime:0.000023s ]
INFO: [ app_init ] --END-- [ RunTime:0.000100s ]
ERR: 无法加载模块:Public

[ 2018-01-05T15:11:31+08:00 ] 125.120.38.216 /Public/Image/2018-01-05/5a4f24d329f77.pngbody%20%7Bbackground-color:%20
INFO: [ app_init ] --START--
INFO: Run Behavior\BuildLiteBehavior [ RunTime:0.000010s ]
INFO: [ app_init ] --END-- [ RunTime:0.000092s ]
ERR: 无法加载模块:Public

