[ 2018-01-02T00:56:39+08:00 ] 101.47.19.126 /admin/util/upload.htm
INFO: [ app_init ] --START--
INFO: Run Behavior\BuildLiteBehavior [ RunTime:0.000011s ]
INFO: [ app_init ] --END-- [ RunTime:0.000082s ]
ERR: 无法加载模块:Admin

[ 2018-01-02T00:57:25+08:00 ] 101.47.19.126 /admin/util/upload.htm
INFO: [ app_init ] --START--
INFO: Run Behavior\BuildLiteBehavior [ RunTime:0.000011s ]
INFO: [ app_init ] --END-- [ RunTime:0.000087s ]
ERR: 无法加载模块:Admin

[ 2018-01-02T00:58:21+08:00 ] 101.47.19.126 /admin/util/upload.htm
INFO: [ app_init ] --START--
INFO: Run Behavior\BuildLiteBehavior [ RunTime:0.000012s ]
INFO: [ app_init ] --END-- [ RunTime:0.000105s ]
ERR: 无法加载模块:Admin

[ 2018-01-02T00:59:33+08:00 ] 101.47.19.126 /admin/util/upload.htm
INFO: [ app_init ] --START--
INFO: Run Behavior\BuildLiteBehavior [ RunTime:0.000010s ]
INFO: [ app_init ] --END-- [ RunTime:0.000084s ]
ERR: 无法加载模块:Admin

[ 2018-01-02T01:00:31+08:00 ] 101.47.19.126 /admin/util/upload.htm
INFO: [ app_init ] --START--
INFO: Run Behavior\BuildLiteBehavior [ RunTime:0.000011s ]
INFO: [ app_init ] --END-- [ RunTime:0.000085s ]
ERR: 无法加载模块:Admin

[ 2018-01-02T01:00:54+08:00 ] 101.47.19.126 /admin/util/upload.htm
INFO: [ app_init ] --START--
INFO: Run Behavior\BuildLiteBehavior [ RunTime:0.000012s ]
INFO: [ app_init ] --END-- [ RunTime:0.000087s ]
ERR: 无法加载模块:Admin

[ 2018-01-02T01:01:21+08:00 ] 101.47.19.126 /admin/util/upload.htm
INFO: [ app_init ] --START--
INFO: Run Behavior\BuildLiteBehavior [ RunTime:0.000012s ]
INFO: [ app_init ] --END-- [ RunTime:0.000084s ]
ERR: 无法加载模块:Admin

[ 2018-01-02T01:01:25+08:00 ] 101.47.19.126 /admin/util/upload.htm
INFO: [ app_init ] --START--
INFO: Run Behavior\BuildLiteBehavior [ RunTime:0.000011s ]
INFO: [ app_init ] --END-- [ RunTime:0.000086s ]
ERR: 无法加载模块:Admin

[ 2018-01-02T01:02:05+08:00 ] 101.47.19.126 /admin/util/upload.htm
INFO: [ app_init ] --START--
INFO: Run Behavior\BuildLiteBehavior [ RunTime:0.000012s ]
INFO: [ app_init ] --END-- [ RunTime:0.000092s ]
ERR: 无法加载模块:Admin

[ 2018-01-02T01:03:52+08:00 ] 101.47.19.126 /wesave/admin/util/upload.htm
INFO: [ app_init ] --START--
INFO: Run Behavior\BuildLiteBehavior [ RunTime:0.000012s ]
INFO: [ app_init ] --END-- [ RunTime:0.000085s ]
ERR: 无法加载模块:Admin

[ 2018-01-02T01:04:03+08:00 ] 101.47.19.126 /admin/util/upload.htm
INFO: [ app_init ] --START--
INFO: Run Behavior\BuildLiteBehavior [ RunTime:0.000011s ]
INFO: [ app_init ] --END-- [ RunTime:0.000084s ]
ERR: 无法加载模块:Admin

[ 2018-01-02T01:04:47+08:00 ] 101.47.19.126 /product/upload
INFO: [ app_init ] --START--
INFO: Run Behavior\BuildLiteBehavior [ RunTime:0.000010s ]
INFO: [ app_init ] --END-- [ RunTime:0.000085s ]
ERR: 无法加载模块:Product

[ 2018-01-02T01:05:25+08:00 ] 101.47.19.126 /product/upload
INFO: [ app_init ] --START--
INFO: Run Behavior\BuildLiteBehavior [ RunTime:0.000012s ]
INFO: [ app_init ] --END-- [ RunTime:0.000135s ]
ERR: 无法加载模块:Product

[ 2018-01-02T01:07:07+08:00 ] 101.47.19.126 /Public/%E4%B8%8A%E4%BC%A0%E6%A0%B9%E7%9B%AE%E5%BD%95%E4%B8%8D%E5%AD%98%E5%9C%A8%EF%BC%81%E8%AF%B7%E5%B0%9D%E8%AF%95%E6%89%8B%E5%8A%A8%E5%88%9B%E5%BB%BA:./Public/upload/
INFO: [ app_init ] --START--
INFO: Run Behavior\BuildLiteBehavior [ RunTime:0.000010s ]
INFO: [ app_init ] --END-- [ RunTime:0.000084s ]
ERR: 无法加载模块:Public

